[2025-03-09 12:42:02.959] [info]  (UtilityProcess)       RECEIVED REQUEST FOR NAME, ID:  license/getStatus 8626b1f6-3736-45b0-8542-8eef2f263b91
[2025-03-09 12:42:02.962] [info]  (UtilityProcess)       RECEIVED REQUEST FOR NAME, ID:  license/getStatus 7d99c311-11b9-4f13-a531-9ace6be333ed
[2025-03-09 12:42:02.964] [info]  (UtilityProcess)       RECEIVED REQUEST FOR NAME, ID:  license/get 097b998f-e4f0-4885-9b5e-2b7ad9b2b926
[2025-03-09 12:42:02.965] [info]  (UtilityProcess)       RECEIVED REQUEST FOR NAME, ID:  license/get 102f8f72-f2ff-44d7-8b80-3cf932a09bb9
[2025-03-09 12:42:03.024] [info]  (UtilityProcess)       RECEIVED REQUEST FOR NAME, ID:  license/getStatus b74936a4-9280-4e97-9df0-36de789d781b
[2025-03-09 12:42:03.027] [info]  (UtilityProcess)       RECEIVED REQUEST FOR NAME, ID:  license/get 6bdcfcda-bea4-461b-ac34-52f8213812bd
[2025-03-09 12:52:02.956] [info]  (UtilityProcess)       RECEIVED REQUEST FOR NAME, ID:  license/getStatus 4ed22c53-2036-4bac-8940-7476be888e86
[2025-03-09 12:52:02.957] [info]  (UtilityProcess)       RECEIVED REQUEST FOR NAME, ID:  license/getStatus 0f39bdb1-4fee-42c0-91b3-2255a21b654c
[2025-03-09 12:52:02.958] [info]  (UtilityProcess)       RECEIVED REQUEST FOR NAME, ID:  license/get 698c44b5-8fdb-4f90-883b-5abeebdf568e
[2025-03-09 12:52:02.959] [info]  (UtilityProcess)       RECEIVED REQUEST FOR NAME, ID:  license/get f588eb51-a4cb-44e7-99c7-3dc4b178dd19
[2025-03-09 12:52:03.024] [info]  (UtilityProcess)       RECEIVED REQUEST FOR NAME, ID:  license/getStatus 1f0a6ec3-ff4f-4b16-a79f-91a5f54252ec
[2025-03-09 12:52:03.026] [info]  (UtilityProcess)       RECEIVED REQUEST FOR NAME, ID:  license/get c39b7c2f-e728-405e-b593-d0d147fd65e6
[2025-03-09 13:04:33.852] [info]  (UtilityProcess)       RECEIVED REQUEST FOR NAME, ID:  license/getStatus 3bb452db-5c8e-4431-b62b-0686376cca65
[2025-03-09 13:04:33.854] [info]  (UtilityProcess)       RECEIVED REQUEST FOR NAME, ID:  license/getStatus 2d93528b-6c17-4712-9bad-ccc5dba44072
[2025-03-09 13:04:33.855] [info]  (UtilityProcess)       RECEIVED REQUEST FOR NAME, ID:  license/get ceabeec2-e61c-418c-9a1c-29ea972e4ea3
[2025-03-09 13:04:33.856] [info]  (UtilityProcess)       RECEIVED REQUEST FOR NAME, ID:  license/get 7be2558d-7dd0-4a06-8830-6ddc64395ccd
[2025-03-09 13:04:33.918] [info]  (UtilityProcess)       RECEIVED REQUEST FOR NAME, ID:  license/getStatus 714c6a4d-640d-4c5f-bc6c-7a2afd7a1aef
[2025-03-09 13:04:33.920] [info]  (UtilityProcess)       RECEIVED REQUEST FOR NAME, ID:  license/get ae452313-a84f-4a31-84a4-d75d398e88c9
[2025-03-09 13:14:33.856] [info]  (UtilityProcess)       RECEIVED REQUEST FOR NAME, ID:  license/getStatus bb568b1d-d4d3-494c-aeb9-7b9b08619cd1
[2025-03-09 13:14:33.858] [info]  (UtilityProcess)       RECEIVED REQUEST FOR NAME, ID:  license/getStatus 40c4ec43-a46f-4e6e-9507-9c628ace3b30
[2025-03-09 13:14:33.860] [info]  (UtilityProcess)       RECEIVED REQUEST FOR NAME, ID:  license/get c23b8745-87ae-48ff-a5cd-6842e8bfe854
[2025-03-09 13:14:33.862] [info]  (UtilityProcess)       RECEIVED REQUEST FOR NAME, ID:  license/get ec06fb41-6e97-4fb6-9c7b-dad8370bbf8f
[2025-03-09 13:14:33.918] [info]  (UtilityProcess)       RECEIVED REQUEST FOR NAME, ID:  license/getStatus 31c7d08a-aa72-4abb-8e2a-6b2a4a2e17ee
[2025-03-09 13:14:33.921] [info]  (UtilityProcess)       RECEIVED REQUEST FOR NAME, ID:  license/get 2884297c-9828-41da-bbbc-e8d35a735889
[2025-03-09 13:24:33.822] [info]  (UtilityProcess)       RECEIVED REQUEST FOR NAME, ID:  license/getStatus 956806a2-9a5e-4eee-9bb3-16f81a57667e
[2025-03-09 13:24:33.825] [info]  (UtilityProcess)       RECEIVED REQUEST FOR NAME, ID:  license/get 271af786-2fc2-4265-8a55-821bba990867
[2025-03-09 13:24:33.830] [info]  (UtilityProcess)       RECEIVED REQUEST FOR NAME, ID:  license/getStatus 0924ba7f-45dd-4db0-97ae-98336a922652
[2025-03-09 13:24:33.831] [info]  (UtilityProcess)       RECEIVED REQUEST FOR NAME, ID:  license/get 34695f78-7f81-47e6-9bb4-9c9e1a8e1c7f
[2025-03-09 13:24:33.918] [info]  (UtilityProcess)       RECEIVED REQUEST FOR NAME, ID:  license/getStatus 4b870780-3f68-40d2-8c5d-6501d08b3afc
[2025-03-09 13:24:33.920] [info]  (UtilityProcess)       RECEIVED REQUEST FOR NAME, ID:  license/get c22be3bc-1ff4-43ef-a14e-18bc09892810
[2025-03-09 13:34:33.839] [info]  (UtilityProcess)       RECEIVED REQUEST FOR NAME, ID:  license/getStatus f442e84b-c84d-4838-acdd-bf526f5dddb6
[2025-03-09 13:34:33.841] [info]  (UtilityProcess)       RECEIVED REQUEST FOR NAME, ID:  license/getStatus e592f57b-b588-432f-8a2c-65fa20207f69
[2025-03-09 13:34:33.842] [info]  (UtilityProcess)       RECEIVED REQUEST FOR NAME, ID:  license/get c6675eef-62bf-4689-887a-0a6e22a9a574
[2025-03-09 13:34:33.843] [info]  (UtilityProcess)       RECEIVED REQUEST FOR NAME, ID:  license/get c63e0863-e736-4b4c-aed9-ecb9b598724d
[2025-03-09 13:34:33.918] [info]  (UtilityProcess)       RECEIVED REQUEST FOR NAME, ID:  license/getStatus 7b24f46c-e7a5-476a-8c29-efab1f08f163
[2025-03-09 13:34:33.920] [info]  (UtilityProcess)       RECEIVED REQUEST FOR NAME, ID:  license/get 477c741e-44e8-45f6-9909-b7006e9eb4e6
[2025-03-09 13:44:33.823] [info]  (UtilityProcess)       RECEIVED REQUEST FOR NAME, ID:  license/getStatus 1ecfaf8f-b831-4721-a076-2a6d6faa50fb
[2025-03-09 13:44:33.824] [info]  (UtilityProcess)       RECEIVED REQUEST FOR NAME, ID:  license/get 25e42f58-544d-4d82-9d95-6b1d9223b4a0
[2025-03-09 13:44:33.830] [info]  (UtilityProcess)       RECEIVED REQUEST FOR NAME, ID:  license/getStatus 8e08b238-1faf-4da4-a674-05eb635788e2
[2025-03-09 13:44:33.831] [info]  (UtilityProcess)       RECEIVED REQUEST FOR NAME, ID:  license/get 408fb33c-44ec-4bb9-8535-f6cb80d4338b
[2025-03-09 13:44:33.917] [info]  (UtilityProcess)       RECEIVED REQUEST FOR NAME, ID:  license/getStatus 1d916091-a2c7-4f60-bedb-f0cbe6eb0935
[2025-03-09 13:44:33.918] [info]  (UtilityProcess)       RECEIVED REQUEST FOR NAME, ID:  license/get cb75e2fc-55a8-4b05-902c-f832e0cc0f07
[2025-03-09 13:54:33.858] [info]  (UtilityProcess)       RECEIVED REQUEST FOR NAME, ID:  license/getStatus 422c43d5-28ea-4646-b859-47eba9573ced
[2025-03-09 13:54:33.859] [info]  (UtilityProcess)       RECEIVED REQUEST FOR NAME, ID:  license/getStatus 5806576f-c1bb-4c04-b41c-3b2b73b44572
[2025-03-09 13:54:33.861] [info]  (UtilityProcess)       RECEIVED REQUEST FOR NAME, ID:  license/get 98a69e16-9d58-4c4d-a184-6207b37b0f57
[2025-03-09 13:54:33.862] [info]  (UtilityProcess)       RECEIVED REQUEST FOR NAME, ID:  license/get 4763cde0-4697-4cb8-a8dd-1e89afc1c0c4
[2025-03-09 13:54:33.918] [info]  (UtilityProcess)       RECEIVED REQUEST FOR NAME, ID:  license/getStatus ea044195-1c73-44b1-a9c2-48858083c9bf
[2025-03-09 13:54:33.920] [info]  (UtilityProcess)       RECEIVED REQUEST FOR NAME, ID:  license/get 00a679e7-59d8-4ce1-b087-7cb319401df4
[2025-03-09 14:04:33.822] [info]  (UtilityProcess)       RECEIVED REQUEST FOR NAME, ID:  license/getStatus e98acb37-ca5e-48d6-80e8-8878e9ebde0d
[2025-03-09 14:04:33.823] [info]  (UtilityProcess)       RECEIVED REQUEST FOR NAME, ID:  license/get 55e313af-fd64-432a-b9d6-85b1feddad81
[2025-03-09 14:04:33.828] [info]  (UtilityProcess)       RECEIVED REQUEST FOR NAME, ID:  license/getStatus 862297d0-b97f-4ef7-bbbe-044a08471c27
[2025-03-09 14:04:33.828] [info]  (UtilityProcess)       RECEIVED REQUEST FOR NAME, ID:  license/get b31e19d9-ce1b-428b-81dd-a6c8801d300d
[2025-03-09 14:04:33.918] [info]  (UtilityProcess)       RECEIVED REQUEST FOR NAME, ID:  license/getStatus 5de6f0ee-cd45-438e-89e0-fed33cf79d5d
[2025-03-09 14:04:33.920] [info]  (UtilityProcess)       RECEIVED REQUEST FOR NAME, ID:  license/get 8836e61c-8c1e-4eec-8360-38d585909ebd
[2025-03-09 14:14:33.822] [info]  (UtilityProcess)       RECEIVED REQUEST FOR NAME, ID:  license/getStatus f67cd9e8-c091-4016-8ebe-a2a2d82b3a1b
[2025-03-09 14:14:33.823] [info]  (UtilityProcess)       RECEIVED REQUEST FOR NAME, ID:  license/get 0dab8d18-6ab9-454c-a419-ea47ec44ed5f
[2025-03-09 14:14:33.829] [info]  (UtilityProcess)       RECEIVED REQUEST FOR NAME, ID:  license/getStatus 499c4f50-dd3c-46df-bc4a-d715cfec5bfe
[2025-03-09 14:14:33.829] [info]  (UtilityProcess)       RECEIVED REQUEST FOR NAME, ID:  license/get fcc1b4f6-681e-4df0-892f-8e7b6cadb772
[2025-03-09 14:14:33.918] [info]  (UtilityProcess)       RECEIVED REQUEST FOR NAME, ID:  license/getStatus 16968e8a-fe8e-4fd8-b696-8547434841ea
[2025-03-09 14:14:33.920] [info]  (UtilityProcess)       RECEIVED REQUEST FOR NAME, ID:  license/get 29efc2f9-ed7b-42aa-be3b-f3b545ab114a
[2025-03-09 14:24:33.825] [info]  (UtilityProcess)       RECEIVED REQUEST FOR NAME, ID:  license/getStatus ce4c8552-556e-469a-8286-4c947462f29d
[2025-03-09 14:24:33.826] [info]  (UtilityProcess)       RECEIVED REQUEST FOR NAME, ID:  license/get bd61ad41-5551-4371-85e2-124b2aeee07e
[2025-03-09 14:24:33.832] [info]  (UtilityProcess)       RECEIVED REQUEST FOR NAME, ID:  license/getStatus 75846a9f-63d3-4f4f-af57-4cd175f1da8a
[2025-03-09 14:24:33.833] [info]  (UtilityProcess)       RECEIVED REQUEST FOR NAME, ID:  license/get 2235c305-0bdc-4613-91a1-b228c618bd35
[2025-03-09 14:24:33.917] [info]  (UtilityProcess)       RECEIVED REQUEST FOR NAME, ID:  license/getStatus e719e42b-a4d7-4036-9049-857621b31c82
[2025-03-09 14:24:33.918] [info]  (UtilityProcess)       RECEIVED REQUEST FOR NAME, ID:  license/get 91a0e210-9170-482d-86ea-ec6b5f3e2116
[2025-03-09 14:34:33.856] [info]  (UtilityProcess)       RECEIVED REQUEST FOR NAME, ID:  license/getStatus 1695b541-a36c-41e3-b5c9-d2a81ac7bb9f
[2025-03-09 14:34:33.857] [info]  (UtilityProcess)       RECEIVED REQUEST FOR NAME, ID:  license/getStatus 43a24614-6380-4df0-a416-16459b5bacf9
[2025-03-09 14:34:33.859] [info]  (UtilityProcess)       RECEIVED REQUEST FOR NAME, ID:  license/get 8d9169ee-48fa-4963-872a-dc2dd4de2dcb
[2025-03-09 14:34:33.860] [info]  (UtilityProcess)       RECEIVED REQUEST FOR NAME, ID:  license/get 47b88062-b552-43e9-b970-dfb18fca2963
[2025-03-09 14:34:33.917] [info]  (UtilityProcess)       RECEIVED REQUEST FOR NAME, ID:  license/getStatus 03837318-2beb-434a-8a77-4cc4cfacf8b7
[2025-03-09 14:34:33.920] [info]  (UtilityProcess)       RECEIVED REQUEST FOR NAME, ID:  license/get 401f6d6c-b1ce-4e95-8a30-db5b54b11806
[2025-03-09 14:44:33.822] [info]  (UtilityProcess)       RECEIVED REQUEST FOR NAME, ID:  license/getStatus 74f9902a-c32e-46f4-9886-2d59f52f7bf9
[2025-03-09 14:44:33.823] [info]  (UtilityProcess)       RECEIVED REQUEST FOR NAME, ID:  license/get 3c8fd7a2-880b-4f58-8ed1-fc6d3e93267f
[2025-03-09 14:44:33.827] [info]  (UtilityProcess)       RECEIVED REQUEST FOR NAME, ID:  license/getStatus f8646689-2b86-4e40-a5c7-cab6fbadfae2
[2025-03-09 14:44:33.828] [info]  (UtilityProcess)       RECEIVED REQUEST FOR NAME, ID:  license/get acbf711c-749e-40b1-81b1-e5b0950e7b57
[2025-03-09 14:44:33.917] [info]  (UtilityProcess)       RECEIVED REQUEST FOR NAME, ID:  license/getStatus a39ac59a-788e-40a4-90fb-7d39f1e8bfda
[2025-03-09 14:44:33.919] [info]  (UtilityProcess)       RECEIVED REQUEST FOR NAME, ID:  license/get 44dcdaf0-988f-40e6-ad38-a7a559bae5dc
[2025-03-09 14:54:33.860] [info]  (UtilityProcess)       RECEIVED REQUEST FOR NAME, ID:  license/getStatus 28d861a6-1aee-4669-bb65-6839bfb15c5d
[2025-03-09 14:54:33.862] [info]  (UtilityProcess)       RECEIVED REQUEST FOR NAME, ID:  license/getStatus 49573b99-a536-448c-bc19-da44da9ed2db
[2025-03-09 14:54:33.864] [info]  (UtilityProcess)       RECEIVED REQUEST FOR NAME, ID:  license/get 5edc36c3-378d-481a-a90d-83f105cdccdc
[2025-03-09 14:54:33.866] [info]  (UtilityProcess)       RECEIVED REQUEST FOR NAME, ID:  license/get 6c94b19f-707c-4da8-8428-abc4263e0d1c
[2025-03-09 14:54:33.918] [info]  (UtilityProcess)       RECEIVED REQUEST FOR NAME, ID:  license/getStatus 80835fa0-e8ed-4112-ae1c-18c26380f0ee
[2025-03-09 14:54:33.923] [info]  (UtilityProcess)       RECEIVED REQUEST FOR NAME, ID:  license/get e71865ba-0545-4933-a02c-0edf0634e410
[2025-03-09 15:04:33.854] [info]  (UtilityProcess)       RECEIVED REQUEST FOR NAME, ID:  license/getStatus b34595a3-1b9b-4b20-9f55-8d9cf1e6d2bf
[2025-03-09 15:04:33.855] [info]  (UtilityProcess)       RECEIVED REQUEST FOR NAME, ID:  license/getStatus 8fde69e9-5bce-47eb-9abb-4349e6ff4e17
[2025-03-09 15:04:33.857] [info]  (UtilityProcess)       RECEIVED REQUEST FOR NAME, ID:  license/get e7659b04-2654-4d7f-8bcb-bc4c1004bec8
[2025-03-09 15:04:33.858] [info]  (UtilityProcess)       RECEIVED REQUEST FOR NAME, ID:  license/get 04c7c709-47b3-47a7-9369-bff2c5a00e27
[2025-03-09 15:04:33.918] [info]  (UtilityProcess)       RECEIVED REQUEST FOR NAME, ID:  license/getStatus ff9c61bc-ca65-4e10-8af8-d09053dc2880
[2025-03-09 15:04:33.920] [info]  (UtilityProcess)       RECEIVED REQUEST FOR NAME, ID:  license/get 91d729f9-3e5c-4267-8a10-046bd729fe36
[2025-03-09 15:05:46.593] [info]  (UtilityProcess)       REMOVING STATE FOR:  9bea595d-a637-496b-957c-1853abb69a6b
