2025-08-20 12:23:54,730 DEBUG    root            Loaded Command Group: ['gcloud', 'auth']
2025-08-20 12:23:54,731 DEBUG    root            Loaded Command Group: ['gcloud', 'auth', 'application_default']
2025-08-20 12:23:54,770 DEBUG    root            Loaded Command Group: ['gcloud', 'auth', 'application-default', 'login']
2025-08-20 12:23:54,772 DEBUG    root            Running [gcloud.auth.application-default.login] with arguments: []
2025-08-20 12:23:55,035 DEBUG    requests_oauthlib.oauth2_session Generated new state tzlfE3Lggn6YTrH4CuopFzWdkKJqUK.
2025-08-20 12:23:55,099 INFO     ___FILE_ONLY___ Your browser has been opened to visit:

    https://accounts.google.com/o/oauth2/auth?response_type=code&client_id=764086051850-6qr4p6gpi6hn506pt8ejuq83di341hur.apps.googleusercontent.com&redirect_uri=http%3A%2F%2Flocalhost%3A8085%2F&scope=openid+https%3A%2F%2Fwww.googleapis.com%2Fauth%2Fuserinfo.email+https%3A%2F%2Fwww.googleapis.com%2Fauth%2Fcloud-platform+https%3A%2F%2Fwww.googleapis.com%2Fauth%2Fsqlservice.login&state=tzlfE3Lggn6YTrH4CuopFzWdkKJqUK&access_type=offline&code_challenge=Noa2FGtwIqIXQPxtl6fJTdTj0N7ILnRd6nxRFsoXLn4&code_challenge_method=S256


2025-08-20 12:24:03,893 INFO     google_auth_oauthlib.flow "GET /?state=tzlfE3Lggn6YTrH4CuopFzWdkKJqUK&code=4/0AVMBsJhTt6BQM4Luu2SyzQu_1ZTRmDg0XMKwE5IRrsUcliJM5wNIk7pVJn_w-J5uUxRsMg&scope=email%20https://www.googleapis.com/auth/cloud-platform%20https://www.googleapis.com/auth/sqlservice.login%20https://www.googleapis.com/auth/userinfo.email%20openid&authuser=1&hd=neuralgridlabs.com&prompt=consent HTTP/1.1" 200 937
2025-08-20 12:24:03,894 DEBUG    requests_oauthlib.oauth2_session Requesting url https://oauth2.googleapis.com/token using method POST.
2025-08-20 12:24:03,894 DEBUG    requests_oauthlib.oauth2_session Supplying headers {b'Accept': b'application/json', b'Content-Type': b'application/x-www-form-urlencoded;charset=UTF-8', b'user-agent': b'google-cloud-sdk gcloud/534.0.0 command/gcloud.auth.application-default.login invocation-id/8c260f08e24d4f6f8f36245ae7e4ce8c environment/None environment-version/None client-os/LINUX client-os-ver/6.16.1 client-pltf-arch/x86_64 interactive/True from-script/False python/3.13.7 term/xterm (Linux 6.16.1-zen1-1-zen)'} and data {'grant_type': 'authorization_code', 'client_id': '764086051850-6qr4p6gpi6hn506pt8ejuq83di341hur.apps.googleusercontent.com', 'client_secret': 'd-FL95Q19q7MQmFpd7hHD0Ty', 'code': '4/0AVMBsJhTt6BQM4Luu2SyzQu_1ZTRmDg0XMKwE5IRrsUcliJM5wNIk7pVJn_w-J5uUxRsMg', 'redirect_uri': 'http://localhost:8085/', 'code_verifier': '.y68PbTBaZYqvX6HDWQTe6nxI-Zi0r~xVzJpdt.~_xwJkh_KGZh6yG3UjwQgsA0ot0JtbdtxbVL9hZOifVi_sV2DLSMcYzhWFMX6xRKD2hUqShy54o.JdONTKf2SJ6r.'}
2025-08-20 12:24:03,894 DEBUG    requests_oauthlib.oauth2_session Passing through key word arguments {'json': None, 'timeout': None, 'auth': None, 'verify': None, 'proxies': None}.
2025-08-20 12:24:03,895 DEBUG    urllib3.connectionpool Starting new HTTPS connection (1): oauth2.googleapis.com:443
2025-08-20 12:24:04,256 DEBUG    urllib3.connectionpool https://oauth2.googleapis.com:443 "POST /token HTTP/11" 200 None
2025-08-20 12:24:04,257 DEBUG    requests_oauthlib.oauth2_session Prepared fetch token request body grant_type=authorization_code&client_id=764086051850-6qr4p6gpi6hn506pt8ejuq83di341hur.apps.googleusercontent.com&client_secret=d-FL95Q19q7MQmFpd7hHD0Ty&code=4%2F0AVMBsJhTt6BQM4Luu2SyzQu_1ZTRmDg0XMKwE5IRrsUcliJM5wNIk7pVJn_w-J5uUxRsMg&redirect_uri=http%3A%2F%2Flocalhost%3A8085%2F&code_verifier=.y68PbTBaZYqvX6HDWQTe6nxI-Zi0r~xVzJpdt.~_xwJkh_KGZh6yG3UjwQgsA0ot0JtbdtxbVL9hZOifVi_sV2DLSMcYzhWFMX6xRKD2hUqShy54o.JdONTKf2SJ6r.
2025-08-20 12:24:04,257 DEBUG    requests_oauthlib.oauth2_session Request to fetch token completed with status 200.
2025-08-20 12:24:04,257 DEBUG    requests_oauthlib.oauth2_session Request headers were {'user-agent': b'google-cloud-sdk gcloud/534.0.0 command/gcloud.auth.application-default.login invocation-id/8c260f08e24d4f6f8f36245ae7e4ce8c environment/None environment-version/None client-os/LINUX client-os-ver/6.16.1 client-pltf-arch/x86_64 interactive/True from-script/False python/3.13.7 term/xterm (Linux 6.16.1-zen1-1-zen)', 'Accept-Encoding': 'gzip, deflate', 'Accept': b'application/json', 'Connection': 'keep-alive', 'Content-Type': b'application/x-www-form-urlencoded;charset=UTF-8', 'Content-Length': '421'}
2025-08-20 12:24:04,257 DEBUG    requests_oauthlib.oauth2_session Request body was grant_type=authorization_code&client_id=764086051850-6qr4p6gpi6hn506pt8ejuq83di341hur.apps.googleusercontent.com&client_secret=d-FL95Q19q7MQmFpd7hHD0Ty&code=4%2F0AVMBsJhTt6BQM4Luu2SyzQu_1ZTRmDg0XMKwE5IRrsUcliJM5wNIk7pVJn_w-J5uUxRsMg&redirect_uri=http%3A%2F%2Flocalhost%3A8085%2F&code_verifier=.y68PbTBaZYqvX6HDWQTe6nxI-Zi0r~xVzJpdt.~_xwJkh_KGZh6yG3UjwQgsA0ot0JtbdtxbVL9hZOifVi_sV2DLSMcYzhWFMX6xRKD2hUqShy54o.JdONTKf2SJ6r.
2025-08-20 12:24:04,257 DEBUG    requests_oauthlib.oauth2_session Response headers were {'Date': 'Wed, 20 Aug 2025 06:39:04 GMT', 'Expires': 'Mon, 01 Jan 1990 00:00:00 GMT', 'Cache-Control': 'no-cache, no-store, max-age=0, must-revalidate', 'Pragma': 'no-cache', 'Content-Type': 'application/json; charset=utf-8', 'Vary': 'Origin, X-Origin, Referer', 'Content-Encoding': 'gzip', 'Server': 'scaffolding on HTTPServer2', 'X-XSS-Protection': '0', 'X-Frame-Options': 'SAMEORIGIN', 'X-Content-Type-Options': 'nosniff', 'Alt-Svc': 'h3=":443"; ma=2592000,h3-29=":443"; ma=2592000', 'Transfer-Encoding': 'chunked'} and content {
  "access_token": "ya29.A0AS3H6Ny7Tvc3dvHGY2PD_dDxTZ27ivmn7P__WFPl6sqNAL7umXBmQe2QNsCV8Eahe-nBoYniYm7FB5Brc6LkVxoSU3cDn-a1DHNtBYVA8iybUACHq3uwDuvFwEwp-f22qTBExr4qYx7_iZYxGShUHhwuUK3tv9KN8zqZ6Dp25R1lhRVo_aMpzPQtdhlr3GCrK17MC7YaCgYKAZgSARQSFQHGX2Mij6E8MFHbmbHRE29_PBInmg0206",
  "expires_in": 3599,
  "refresh_token": "1//0g_wu2ASRMKWECgYIARAAGBASNwF-L9IrBleS8lJYOeXkJprHzHl72u7i1ssHOGBImgsLz9lWVViI9DaGIphxs8WMlsUZwtlP7uc",
  "scope": "https://www.googleapis.com/auth/sqlservice.login https://www.googleapis.com/auth/cloud-platform https://www.googleapis.com/auth/userinfo.email openid",
  "token_type": "Bearer",
  "id_token": "eyJhbGciOiJSUzI1NiIsImtpZCI6Ijk4ZGM1NWM4YjIwOTM2M2EyNDUxNzc0YmNlNWM0MjcxOGQxM2NiN2QiLCJ0eXAiOiJKV1QifQ.eyJpc3MiOiJodHRwczovL2FjY291bnRzLmdvb2dsZS5jb20iLCJhenAiOiI3NjQwODYwNTE4NTAtNnFyNHA2Z3BpNmhuNTA2cHQ4ZWp1cTgzZGkzNDFodXIuYXBwcy5nb29nbGV1c2VyY29udGVudC5jb20iLCJhdWQiOiI3NjQwODYwNTE4NTAtNnFyNHA2Z3BpNmhuNTA2cHQ4ZWp1cTgzZGkzNDFodXIuYXBwcy5nb29nbGV1c2VyY29udGVudC5jb20iLCJzdWIiOiIxMDgwMzg0NzU2MDczNDk2OTczOTEiLCJoZCI6Im5ldXJhbGdyaWRsYWJzLmNvbSIsImVtYWlsIjoibmFiaW4ucGF1ZGVsQG5ldXJhbGdyaWRsYWJzLmNvbSIsImVtYWlsX3ZlcmlmaWVkIjp0cnVlLCJhdF9oYXNoIjoiUFdOV0RvdURwWV9ESlYtMGJuaXFydyIsImlhdCI6MTc1NTY3MTk0NCwiZXhwIjoxNzU1Njc1NTQ0fQ.am81iey5TMj8FBcVDscG45Iu2CMqk6YFMpysk3GgI9QTdDPcEl6cAYxvftmgMyWfQoV35NaamJ0tUAvONKD_tSvGhpKG0zpmsPfu5TSxXFPo-2_JKfNEQq9UCyCvFUGwoGpdXVKujuGfQT37Hgrd50xbNMUc18ceWTL9R5dYgV5CEsvWeIzQWrxXVDym66BkYZmVM0GLCwil8l6c9mxtn4Fy5pOE_bM3kkUQFj5FNuovVI4Xt2xK52zZDSFGpslxWQGih-QnYG8y0HdIMq5MzlJ0TjBpMd9MVFz7yhmESFBjLJD3TQ2vmSKE2TZnXFXIRqylX3KclvydHivFXj-U9A"
}.
2025-08-20 12:24:04,257 DEBUG    requests_oauthlib.oauth2_session Invoking 0 token response hooks.
2025-08-20 12:24:04,257 DEBUG    requests_oauthlib.oauth2_session Obtained token {'access_token': 'ya29.A0AS3H6Ny7Tvc3dvHGY2PD_dDxTZ27ivmn7P__WFPl6sqNAL7umXBmQe2QNsCV8Eahe-nBoYniYm7FB5Brc6LkVxoSU3cDn-a1DHNtBYVA8iybUACHq3uwDuvFwEwp-f22qTBExr4qYx7_iZYxGShUHhwuUK3tv9KN8zqZ6Dp25R1lhRVo_aMpzPQtdhlr3GCrK17MC7YaCgYKAZgSARQSFQHGX2Mij6E8MFHbmbHRE29_PBInmg0206', 'expires_in': 3599, 'refresh_token': '1//0g_wu2ASRMKWECgYIARAAGBASNwF-L9IrBleS8lJYOeXkJprHzHl72u7i1ssHOGBImgsLz9lWVViI9DaGIphxs8WMlsUZwtlP7uc', 'scope': ['https://www.googleapis.com/auth/sqlservice.login', 'https://www.googleapis.com/auth/cloud-platform', 'https://www.googleapis.com/auth/userinfo.email', 'openid'], 'token_type': 'Bearer', 'id_token': 'eyJhbGciOiJSUzI1NiIsImtpZCI6Ijk4ZGM1NWM4YjIwOTM2M2EyNDUxNzc0YmNlNWM0MjcxOGQxM2NiN2QiLCJ0eXAiOiJKV1QifQ.eyJpc3MiOiJodHRwczovL2FjY291bnRzLmdvb2dsZS5jb20iLCJhenAiOiI3NjQwODYwNTE4NTAtNnFyNHA2Z3BpNmhuNTA2cHQ4ZWp1cTgzZGkzNDFodXIuYXBwcy5nb29nbGV1c2VyY29udGVudC5jb20iLCJhdWQiOiI3NjQwODYwNTE4NTAtNnFyNHA2Z3BpNmhuNTA2cHQ4ZWp1cTgzZGkzNDFodXIuYXBwcy5nb29nbGV1c2VyY29udGVudC5jb20iLCJzdWIiOiIxMDgwMzg0NzU2MDczNDk2OTczOTEiLCJoZCI6Im5ldXJhbGdyaWRsYWJzLmNvbSIsImVtYWlsIjoibmFiaW4ucGF1ZGVsQG5ldXJhbGdyaWRsYWJzLmNvbSIsImVtYWlsX3ZlcmlmaWVkIjp0cnVlLCJhdF9oYXNoIjoiUFdOV0RvdURwWV9ESlYtMGJuaXFydyIsImlhdCI6MTc1NTY3MTk0NCwiZXhwIjoxNzU1Njc1NTQ0fQ.am81iey5TMj8FBcVDscG45Iu2CMqk6YFMpysk3GgI9QTdDPcEl6cAYxvftmgMyWfQoV35NaamJ0tUAvONKD_tSvGhpKG0zpmsPfu5TSxXFPo-2_JKfNEQq9UCyCvFUGwoGpdXVKujuGfQT37Hgrd50xbNMUc18ceWTL9R5dYgV5CEsvWeIzQWrxXVDym66BkYZmVM0GLCwil8l6c9mxtn4Fy5pOE_bM3kkUQFj5FNuovVI4Xt2xK52zZDSFGpslxWQGih-QnYG8y0HdIMq5MzlJ0TjBpMd9MVFz7yhmESFBjLJD3TQ2vmSKE2TZnXFXIRqylX3KclvydHivFXj-U9A', 'expires_at': 1755675543.257581}.
2025-08-20 12:24:04,267 INFO     ___FILE_ONLY___ 
Credentials saved to file: [/home/scelester/.config/gcloud/application_default_credentials.json]

2025-08-20 12:24:04,267 INFO     ___FILE_ONLY___ 
These credentials will be used by any library that requests Application Default Credentials (ADC).

2025-08-20 12:24:04,275 INFO     root            Using alternate credentials from file: [/home/scelester/.config/gcloud/application_default_credentials.json]
2025-08-20 12:24:04,278 DEBUG    google.auth.transport.requests Making request: POST https://oauth2.googleapis.com/token
2025-08-20 12:24:04,279 DEBUG    urllib3.connectionpool Starting new HTTPS connection (1): oauth2.googleapis.com:443
2025-08-20 12:24:04,589 DEBUG    urllib3.connectionpool https://oauth2.googleapis.com:443 "POST /token HTTP/11" 200 None
2025-08-20 12:24:04,594 INFO     root            Using alternate credentials from file: [/home/scelester/.config/gcloud/application_default_credentials.json]
2025-08-20 12:24:04,614 DEBUG    urllib3.connectionpool Starting new HTTPS connection (1): cloudresourcemanager.googleapis.com:443
2025-08-20 12:24:06,251 DEBUG    urllib3.connectionpool https://cloudresourcemanager.googleapis.com:443 "POST /v1/projects/anweshanorg:testIamPermissions?alt=json HTTP/11" 200 None
2025-08-20 12:24:06,252 INFO     ___FILE_ONLY___ 
Quota project "anweshanorg" was added to ADC which can be used by Google client libraries for billing and quota. Note that some services may still bill the project owning the resource.

2025-08-20 12:24:06,252 DEBUG    root            Chosen display Format:none
2025-08-20 12:24:06,252 INFO     root            Display format: "none"
2025-08-20 12:24:06,302 DEBUG    root            SDK update checks are disabled.
