2025-08-20 15:17:23,127 DEBUG    root            Loaded Command Group: ['gcloud', 'projects']
2025-08-20 15:17:23,168 DEBUG    root            Loaded Command Group: ['gcloud', 'projects', 'add_iam_policy_binding']
2025-08-20 15:17:23,177 DEBUG    root            Running [gcloud.projects.add-iam-policy-binding] with arguments: [--member: "serviceAccount:hire-enumerator-697cd@appspot.gserviceaccount.com", --role: "roles/datastore.user", PROJECT_ID: "hire-enumerator-697cd"]
2025-08-20 15:17:23,214 DEBUG    urllib3.connectionpool Starting new HTTPS connection (1): cloudresourcemanager.googleapis.com:443
2025-08-20 15:17:25,177 DEBUG    urllib3.connectionpool https://cloudresourcemanager.googleapis.com:443 "POST /v1/projects/hire-enumerator-697cd:getIamPolicy?alt=json HTTP/11" 200 None
2025-08-20 15:17:35,700 DEBUG    urllib3.connectionpool Starting new HTTPS connection (1): cloudresourcemanager.googleapis.com:443
2025-08-20 15:17:38,280 DEBUG    urllib3.connectionpool https://cloudresourcemanager.googleapis.com:443 "POST /v1/projects/hire-enumerator-697cd:setIamPolicy?alt=json HTTP/11" 200 None
2025-08-20 15:17:38,283 INFO     ___FILE_ONLY___ Updated IAM policy for project [hire-enumerator-697cd].

2025-08-20 15:17:38,283 DEBUG    root            Chosen display Format:default
2025-08-20 15:17:38,283 INFO     root            Display format: "default"
2025-08-20 15:17:38,314 INFO     ___FILE_ONLY___ bindings
2025-08-20 15:17:38,314 INFO     ___FILE_ONLY___ :
2025-08-20 15:17:38,315 INFO     ___FILE_ONLY___ 

2025-08-20 15:17:38,315 INFO     ___FILE_ONLY___ -
2025-08-20 15:17:38,315 INFO     ___FILE_ONLY___  
2025-08-20 15:17:38,315 INFO     ___FILE_ONLY___ members
2025-08-20 15:17:38,315 INFO     ___FILE_ONLY___ :
2025-08-20 15:17:38,315 INFO     ___FILE_ONLY___ 

2025-08-20 15:17:38,315 INFO     ___FILE_ONLY___   
2025-08-20 15:17:38,315 INFO     ___FILE_ONLY___ -
2025-08-20 15:17:38,315 INFO     ___FILE_ONLY___  
2025-08-20 15:17:38,315 INFO     ___FILE_ONLY___ serviceAccount:service-459384010887@gcp-sa-artifactregistry.iam.gserviceaccount.com
2025-08-20 15:17:38,315 INFO     ___FILE_ONLY___ 

2025-08-20 15:17:38,315 INFO     ___FILE_ONLY___   
2025-08-20 15:17:38,316 INFO     ___FILE_ONLY___ role
2025-08-20 15:17:38,316 INFO     ___FILE_ONLY___ :
2025-08-20 15:17:38,316 INFO     ___FILE_ONLY___  
2025-08-20 15:17:38,316 INFO     ___FILE_ONLY___ roles/artifactregistry.serviceAgent
2025-08-20 15:17:38,316 INFO     ___FILE_ONLY___ 

2025-08-20 15:17:38,316 INFO     ___FILE_ONLY___ -
2025-08-20 15:17:38,316 INFO     ___FILE_ONLY___  
2025-08-20 15:17:38,316 INFO     ___FILE_ONLY___ condition
2025-08-20 15:17:38,316 INFO     ___FILE_ONLY___ :
2025-08-20 15:17:38,316 INFO     ___FILE_ONLY___ 

2025-08-20 15:17:38,316 INFO     ___FILE_ONLY___     
2025-08-20 15:17:38,316 INFO     ___FILE_ONLY___ expression
2025-08-20 15:17:38,316 INFO     ___FILE_ONLY___ :
2025-08-20 15:17:38,316 INFO     ___FILE_ONLY___  
2025-08-20 15:17:38,317 INFO     ___FILE_ONLY___ request.time
2025-08-20 15:17:38,317 INFO     ___FILE_ONLY___  
2025-08-20 15:17:38,317 INFO     ___FILE_ONLY___ <
2025-08-20 15:17:38,317 INFO     ___FILE_ONLY___  
2025-08-20 15:17:38,317 INFO     ___FILE_ONLY___ timestamp("2025-02-02T02:35:19.095Z")
2025-08-20 15:17:38,317 INFO     ___FILE_ONLY___ 

2025-08-20 15:17:38,317 INFO     ___FILE_ONLY___     
2025-08-20 15:17:38,317 INFO     ___FILE_ONLY___ title
2025-08-20 15:17:38,317 INFO     ___FILE_ONLY___ :
2025-08-20 15:17:38,317 INFO     ___FILE_ONLY___  
2025-08-20 15:17:38,317 INFO     ___FILE_ONLY___ developer-connect-connection-setup
2025-08-20 15:17:38,317 INFO     ___FILE_ONLY___ 

2025-08-20 15:17:38,317 INFO     ___FILE_ONLY___   
2025-08-20 15:17:38,317 INFO     ___FILE_ONLY___ members
2025-08-20 15:17:38,317 INFO     ___FILE_ONLY___ :
2025-08-20 15:17:38,317 INFO     ___FILE_ONLY___ 

2025-08-20 15:17:38,317 INFO     ___FILE_ONLY___   
2025-08-20 15:17:38,317 INFO     ___FILE_ONLY___ -
2025-08-20 15:17:38,317 INFO     ___FILE_ONLY___  
2025-08-20 15:17:38,317 INFO     ___FILE_ONLY___ serviceAccount:459384010887@cloudbuild.gserviceaccount.com
2025-08-20 15:17:38,317 INFO     ___FILE_ONLY___ 

2025-08-20 15:17:38,318 INFO     ___FILE_ONLY___   
2025-08-20 15:17:38,318 INFO     ___FILE_ONLY___ role
2025-08-20 15:17:38,318 INFO     ___FILE_ONLY___ :
2025-08-20 15:17:38,318 INFO     ___FILE_ONLY___  
2025-08-20 15:17:38,318 INFO     ___FILE_ONLY___ roles/artifactregistry.writer
2025-08-20 15:17:38,318 INFO     ___FILE_ONLY___ 

2025-08-20 15:17:38,318 INFO     ___FILE_ONLY___ -
2025-08-20 15:17:38,318 INFO     ___FILE_ONLY___  
2025-08-20 15:17:38,318 INFO     ___FILE_ONLY___ members
2025-08-20 15:17:38,318 INFO     ___FILE_ONLY___ :
2025-08-20 15:17:38,318 INFO     ___FILE_ONLY___ 

2025-08-20 15:17:38,318 INFO     ___FILE_ONLY___   
2025-08-20 15:17:38,318 INFO     ___FILE_ONLY___ -
2025-08-20 15:17:38,318 INFO     ___FILE_ONLY___  
2025-08-20 15:17:38,318 INFO     ___FILE_ONLY___ serviceAccount:459384010887@cloudbuild.gserviceaccount.com
2025-08-20 15:17:38,318 INFO     ___FILE_ONLY___ 

2025-08-20 15:17:38,318 INFO     ___FILE_ONLY___   
2025-08-20 15:17:38,318 INFO     ___FILE_ONLY___ -
2025-08-20 15:17:38,318 INFO     ___FILE_ONLY___  
2025-08-20 15:17:38,318 INFO     ___FILE_ONLY___ user:nabin.paudel@neuralgridlabs.com
2025-08-20 15:17:38,318 INFO     ___FILE_ONLY___ 

2025-08-20 15:17:38,318 INFO     ___FILE_ONLY___   
2025-08-20 15:17:38,319 INFO     ___FILE_ONLY___ role
2025-08-20 15:17:38,319 INFO     ___FILE_ONLY___ :
2025-08-20 15:17:38,319 INFO     ___FILE_ONLY___  
2025-08-20 15:17:38,319 INFO     ___FILE_ONLY___ roles/cloudbuild.builds.builder
2025-08-20 15:17:38,319 INFO     ___FILE_ONLY___ 

2025-08-20 15:17:38,319 INFO     ___FILE_ONLY___ -
2025-08-20 15:17:38,319 INFO     ___FILE_ONLY___  
2025-08-20 15:17:38,319 INFO     ___FILE_ONLY___ condition
2025-08-20 15:17:38,319 INFO     ___FILE_ONLY___ :
2025-08-20 15:17:38,319 INFO     ___FILE_ONLY___ 

2025-08-20 15:17:38,319 INFO     ___FILE_ONLY___     
2025-08-20 15:17:38,319 INFO     ___FILE_ONLY___ expression
2025-08-20 15:17:38,319 INFO     ___FILE_ONLY___ :
2025-08-20 15:17:38,319 INFO     ___FILE_ONLY___  
2025-08-20 15:17:38,319 INFO     ___FILE_ONLY___ request.time
2025-08-20 15:17:38,319 INFO     ___FILE_ONLY___  
2025-08-20 15:17:38,319 INFO     ___FILE_ONLY___ <
2025-08-20 15:17:38,319 INFO     ___FILE_ONLY___  
2025-08-20 15:17:38,319 INFO     ___FILE_ONLY___ timestamp("2025-02-02T02:35:19.095Z")
2025-08-20 15:17:38,319 INFO     ___FILE_ONLY___ 

2025-08-20 15:17:38,319 INFO     ___FILE_ONLY___     
2025-08-20 15:17:38,319 INFO     ___FILE_ONLY___ title
2025-08-20 15:17:38,320 INFO     ___FILE_ONLY___ :
2025-08-20 15:17:38,320 INFO     ___FILE_ONLY___  
2025-08-20 15:17:38,320 INFO     ___FILE_ONLY___ developer-connect-connection-setup
2025-08-20 15:17:38,320 INFO     ___FILE_ONLY___ 

2025-08-20 15:17:38,320 INFO     ___FILE_ONLY___   
2025-08-20 15:17:38,320 INFO     ___FILE_ONLY___ members
2025-08-20 15:17:38,320 INFO     ___FILE_ONLY___ :
2025-08-20 15:17:38,320 INFO     ___FILE_ONLY___ 

2025-08-20 15:17:38,320 INFO     ___FILE_ONLY___   
2025-08-20 15:17:38,320 INFO     ___FILE_ONLY___ -
2025-08-20 15:17:38,320 INFO     ___FILE_ONLY___  
2025-08-20 15:17:38,320 INFO     ___FILE_ONLY___ serviceAccount:459384010887@cloudbuild.gserviceaccount.com
2025-08-20 15:17:38,320 INFO     ___FILE_ONLY___ 

2025-08-20 15:17:38,320 INFO     ___FILE_ONLY___   
2025-08-20 15:17:38,320 INFO     ___FILE_ONLY___ role
2025-08-20 15:17:38,320 INFO     ___FILE_ONLY___ :
2025-08-20 15:17:38,320 INFO     ___FILE_ONLY___  
2025-08-20 15:17:38,320 INFO     ___FILE_ONLY___ roles/cloudbuild.builds.builder
2025-08-20 15:17:38,320 INFO     ___FILE_ONLY___ 

2025-08-20 15:17:38,320 INFO     ___FILE_ONLY___ -
2025-08-20 15:17:38,320 INFO     ___FILE_ONLY___  
2025-08-20 15:17:38,320 INFO     ___FILE_ONLY___ members
2025-08-20 15:17:38,321 INFO     ___FILE_ONLY___ :
2025-08-20 15:17:38,321 INFO     ___FILE_ONLY___ 

2025-08-20 15:17:38,321 INFO     ___FILE_ONLY___   
2025-08-20 15:17:38,321 INFO     ___FILE_ONLY___ -
2025-08-20 15:17:38,321 INFO     ___FILE_ONLY___  
2025-08-20 15:17:38,321 INFO     ___FILE_ONLY___ serviceAccount:459384010887-compute@developer.gserviceaccount.com
2025-08-20 15:17:38,321 INFO     ___FILE_ONLY___ 

2025-08-20 15:17:38,321 INFO     ___FILE_ONLY___   
2025-08-20 15:17:38,321 INFO     ___FILE_ONLY___ -
2025-08-20 15:17:38,321 INFO     ___FILE_ONLY___  
2025-08-20 15:17:38,321 INFO     ___FILE_ONLY___ serviceAccount:service-459384010887@gcp-sa-cloudbuild.iam.gserviceaccount.com
2025-08-20 15:17:38,321 INFO     ___FILE_ONLY___ 

2025-08-20 15:17:38,321 INFO     ___FILE_ONLY___   
2025-08-20 15:17:38,321 INFO     ___FILE_ONLY___ role
2025-08-20 15:17:38,321 INFO     ___FILE_ONLY___ :
2025-08-20 15:17:38,321 INFO     ___FILE_ONLY___  
2025-08-20 15:17:38,321 INFO     ___FILE_ONLY___ roles/cloudbuild.serviceAgent
2025-08-20 15:17:38,321 INFO     ___FILE_ONLY___ 

2025-08-20 15:17:38,321 INFO     ___FILE_ONLY___ -
2025-08-20 15:17:38,321 INFO     ___FILE_ONLY___  
2025-08-20 15:17:38,322 INFO     ___FILE_ONLY___ condition
2025-08-20 15:17:38,322 INFO     ___FILE_ONLY___ :
2025-08-20 15:17:38,322 INFO     ___FILE_ONLY___ 

2025-08-20 15:17:38,322 INFO     ___FILE_ONLY___     
2025-08-20 15:17:38,322 INFO     ___FILE_ONLY___ expression
2025-08-20 15:17:38,322 INFO     ___FILE_ONLY___ :
2025-08-20 15:17:38,322 INFO     ___FILE_ONLY___  
2025-08-20 15:17:38,322 INFO     ___FILE_ONLY___ request.time
2025-08-20 15:17:38,322 INFO     ___FILE_ONLY___  
2025-08-20 15:17:38,322 INFO     ___FILE_ONLY___ <
2025-08-20 15:17:38,322 INFO     ___FILE_ONLY___  
2025-08-20 15:17:38,322 INFO     ___FILE_ONLY___ timestamp("2025-02-02T02:35:19.095Z")
2025-08-20 15:17:38,322 INFO     ___FILE_ONLY___ 

2025-08-20 15:17:38,322 INFO     ___FILE_ONLY___     
2025-08-20 15:17:38,322 INFO     ___FILE_ONLY___ title
2025-08-20 15:17:38,323 INFO     ___FILE_ONLY___ :
2025-08-20 15:17:38,323 INFO     ___FILE_ONLY___  
2025-08-20 15:17:38,323 INFO     ___FILE_ONLY___ developer-connect-connection-setup
2025-08-20 15:17:38,323 INFO     ___FILE_ONLY___ 

2025-08-20 15:17:38,323 INFO     ___FILE_ONLY___   
2025-08-20 15:17:38,323 INFO     ___FILE_ONLY___ members
2025-08-20 15:17:38,323 INFO     ___FILE_ONLY___ :
2025-08-20 15:17:38,323 INFO     ___FILE_ONLY___ 

2025-08-20 15:17:38,323 INFO     ___FILE_ONLY___   
2025-08-20 15:17:38,323 INFO     ___FILE_ONLY___ -
2025-08-20 15:17:38,323 INFO     ___FILE_ONLY___  
2025-08-20 15:17:38,323 INFO     ___FILE_ONLY___ serviceAccount:459384010887-compute@developer.gserviceaccount.com
2025-08-20 15:17:38,323 INFO     ___FILE_ONLY___ 

2025-08-20 15:17:38,323 INFO     ___FILE_ONLY___   
2025-08-20 15:17:38,323 INFO     ___FILE_ONLY___ role
2025-08-20 15:17:38,323 INFO     ___FILE_ONLY___ :
2025-08-20 15:17:38,323 INFO     ___FILE_ONLY___  
2025-08-20 15:17:38,323 INFO     ___FILE_ONLY___ roles/cloudbuild.serviceAgent
2025-08-20 15:17:38,324 INFO     ___FILE_ONLY___ 

2025-08-20 15:17:38,324 INFO     ___FILE_ONLY___ -
2025-08-20 15:17:38,324 INFO     ___FILE_ONLY___  
2025-08-20 15:17:38,324 INFO     ___FILE_ONLY___ members
2025-08-20 15:17:38,324 INFO     ___FILE_ONLY___ :
2025-08-20 15:17:38,324 INFO     ___FILE_ONLY___ 

2025-08-20 15:17:38,324 INFO     ___FILE_ONLY___   
2025-08-20 15:17:38,324 INFO     ___FILE_ONLY___ -
2025-08-20 15:17:38,324 INFO     ___FILE_ONLY___  
2025-08-20 15:17:38,324 INFO     ___FILE_ONLY___ serviceAccount:firebase-adminsdk-fbsvc@hire-enumerator-697cd.iam.gserviceaccount.com
2025-08-20 15:17:38,324 INFO     ___FILE_ONLY___ 

2025-08-20 15:17:38,324 INFO     ___FILE_ONLY___   
2025-08-20 15:17:38,324 INFO     ___FILE_ONLY___ role
2025-08-20 15:17:38,324 INFO     ___FILE_ONLY___ :
2025-08-20 15:17:38,324 INFO     ___FILE_ONLY___  
2025-08-20 15:17:38,324 INFO     ___FILE_ONLY___ roles/cloudfunctions.admin
2025-08-20 15:17:38,324 INFO     ___FILE_ONLY___ 

2025-08-20 15:17:38,324 INFO     ___FILE_ONLY___ -
2025-08-20 15:17:38,324 INFO     ___FILE_ONLY___  
2025-08-20 15:17:38,325 INFO     ___FILE_ONLY___ members
2025-08-20 15:17:38,325 INFO     ___FILE_ONLY___ :
2025-08-20 15:17:38,325 INFO     ___FILE_ONLY___ 

2025-08-20 15:17:38,325 INFO     ___FILE_ONLY___   
2025-08-20 15:17:38,325 INFO     ___FILE_ONLY___ -
2025-08-20 15:17:38,325 INFO     ___FILE_ONLY___  
2025-08-20 15:17:38,325 INFO     ___FILE_ONLY___ serviceAccount:github-action-924978809@hire-enumerator-697cd.iam.gserviceaccount.com
2025-08-20 15:17:38,325 INFO     ___FILE_ONLY___ 

2025-08-20 15:17:38,325 INFO     ___FILE_ONLY___   
2025-08-20 15:17:38,325 INFO     ___FILE_ONLY___ role
2025-08-20 15:17:38,325 INFO     ___FILE_ONLY___ :
2025-08-20 15:17:38,325 INFO     ___FILE_ONLY___  
2025-08-20 15:17:38,325 INFO     ___FILE_ONLY___ roles/cloudfunctions.developer
2025-08-20 15:17:38,325 INFO     ___FILE_ONLY___ 

2025-08-20 15:17:38,325 INFO     ___FILE_ONLY___ -
2025-08-20 15:17:38,325 INFO     ___FILE_ONLY___  
2025-08-20 15:17:38,325 INFO     ___FILE_ONLY___ condition
2025-08-20 15:17:38,325 INFO     ___FILE_ONLY___ :
2025-08-20 15:17:38,325 INFO     ___FILE_ONLY___ 

2025-08-20 15:17:38,325 INFO     ___FILE_ONLY___     
2025-08-20 15:17:38,326 INFO     ___FILE_ONLY___ expression
2025-08-20 15:17:38,326 INFO     ___FILE_ONLY___ :
2025-08-20 15:17:38,326 INFO     ___FILE_ONLY___  
2025-08-20 15:17:38,326 INFO     ___FILE_ONLY___ request.time
2025-08-20 15:17:38,326 INFO     ___FILE_ONLY___  
2025-08-20 15:17:38,326 INFO     ___FILE_ONLY___ <
2025-08-20 15:17:38,326 INFO     ___FILE_ONLY___  
2025-08-20 15:17:38,326 INFO     ___FILE_ONLY___ timestamp("2025-02-02T02:35:19.095Z")
2025-08-20 15:17:38,326 INFO     ___FILE_ONLY___ 

2025-08-20 15:17:38,326 INFO     ___FILE_ONLY___     
2025-08-20 15:17:38,326 INFO     ___FILE_ONLY___ title
2025-08-20 15:17:38,326 INFO     ___FILE_ONLY___ :
2025-08-20 15:17:38,326 INFO     ___FILE_ONLY___  
2025-08-20 15:17:38,326 INFO     ___FILE_ONLY___ developer-connect-connection-setup
2025-08-20 15:17:38,326 INFO     ___FILE_ONLY___ 

2025-08-20 15:17:38,326 INFO     ___FILE_ONLY___   
2025-08-20 15:17:38,326 INFO     ___FILE_ONLY___ members
2025-08-20 15:17:38,326 INFO     ___FILE_ONLY___ :
2025-08-20 15:17:38,326 INFO     ___FILE_ONLY___ 

2025-08-20 15:17:38,326 INFO     ___FILE_ONLY___   
2025-08-20 15:17:38,326 INFO     ___FILE_ONLY___ -
2025-08-20 15:17:38,326 INFO     ___FILE_ONLY___  
2025-08-20 15:17:38,326 INFO     ___FILE_ONLY___ serviceAccount:459384010887@cloudbuild.gserviceaccount.com
2025-08-20 15:17:38,326 INFO     ___FILE_ONLY___ 

2025-08-20 15:17:38,326 INFO     ___FILE_ONLY___   
2025-08-20 15:17:38,326 INFO     ___FILE_ONLY___ role
2025-08-20 15:17:38,327 INFO     ___FILE_ONLY___ :
2025-08-20 15:17:38,327 INFO     ___FILE_ONLY___  
2025-08-20 15:17:38,327 INFO     ___FILE_ONLY___ roles/cloudfunctions.developer
2025-08-20 15:17:38,327 INFO     ___FILE_ONLY___ 

2025-08-20 15:17:38,327 INFO     ___FILE_ONLY___ -
2025-08-20 15:17:38,327 INFO     ___FILE_ONLY___  
2025-08-20 15:17:38,327 INFO     ___FILE_ONLY___ members
2025-08-20 15:17:38,327 INFO     ___FILE_ONLY___ :
2025-08-20 15:17:38,327 INFO     ___FILE_ONLY___ 

2025-08-20 15:17:38,327 INFO     ___FILE_ONLY___   
2025-08-20 15:17:38,327 INFO     ___FILE_ONLY___ -
2025-08-20 15:17:38,327 INFO     ___FILE_ONLY___  
2025-08-20 15:17:38,327 INFO     ___FILE_ONLY___ serviceAccount:service-459384010887@gcf-admin-robot.iam.gserviceaccount.com
2025-08-20 15:17:38,327 INFO     ___FILE_ONLY___ 

2025-08-20 15:17:38,327 INFO     ___FILE_ONLY___   
2025-08-20 15:17:38,327 INFO     ___FILE_ONLY___ role
2025-08-20 15:17:38,327 INFO     ___FILE_ONLY___ :
2025-08-20 15:17:38,327 INFO     ___FILE_ONLY___  
2025-08-20 15:17:38,327 INFO     ___FILE_ONLY___ roles/cloudfunctions.serviceAgent
2025-08-20 15:17:38,327 INFO     ___FILE_ONLY___ 

2025-08-20 15:17:38,327 INFO     ___FILE_ONLY___ -
2025-08-20 15:17:38,327 INFO     ___FILE_ONLY___  
2025-08-20 15:17:38,328 INFO     ___FILE_ONLY___ members
2025-08-20 15:17:38,328 INFO     ___FILE_ONLY___ :
2025-08-20 15:17:38,328 INFO     ___FILE_ONLY___ 

2025-08-20 15:17:38,328 INFO     ___FILE_ONLY___   
2025-08-20 15:17:38,328 INFO     ___FILE_ONLY___ -
2025-08-20 15:17:38,328 INFO     ___FILE_ONLY___  
2025-08-20 15:17:38,328 INFO     ___FILE_ONLY___ serviceAccount:ext-storage-googledrive-export@hire-enumerator-697cd.iam.gserviceaccount.com
2025-08-20 15:17:38,328 INFO     ___FILE_ONLY___ 

2025-08-20 15:17:38,328 INFO     ___FILE_ONLY___   
2025-08-20 15:17:38,328 INFO     ___FILE_ONLY___ role
2025-08-20 15:17:38,328 INFO     ___FILE_ONLY___ :
2025-08-20 15:17:38,328 INFO     ___FILE_ONLY___  
2025-08-20 15:17:38,328 INFO     ___FILE_ONLY___ roles/cloudtasks.enqueuer
2025-08-20 15:17:38,328 INFO     ___FILE_ONLY___ 

2025-08-20 15:17:38,328 INFO     ___FILE_ONLY___ -
2025-08-20 15:17:38,328 INFO     ___FILE_ONLY___  
2025-08-20 15:17:38,328 INFO     ___FILE_ONLY___ members
2025-08-20 15:17:38,328 INFO     ___FILE_ONLY___ :
2025-08-20 15:17:38,328 INFO     ___FILE_ONLY___ 

2025-08-20 15:17:38,328 INFO     ___FILE_ONLY___   
2025-08-20 15:17:38,329 INFO     ___FILE_ONLY___ -
2025-08-20 15:17:38,329 INFO     ___FILE_ONLY___  
2025-08-20 15:17:38,329 INFO     ___FILE_ONLY___ serviceAccount:service-459384010887@gcp-sa-cloudtasks.iam.gserviceaccount.com
2025-08-20 15:17:38,329 INFO     ___FILE_ONLY___ 

2025-08-20 15:17:38,329 INFO     ___FILE_ONLY___   
2025-08-20 15:17:38,329 INFO     ___FILE_ONLY___ role
2025-08-20 15:17:38,329 INFO     ___FILE_ONLY___ :
2025-08-20 15:17:38,329 INFO     ___FILE_ONLY___  
2025-08-20 15:17:38,329 INFO     ___FILE_ONLY___ roles/cloudtasks.serviceAgent
2025-08-20 15:17:38,329 INFO     ___FILE_ONLY___ 

2025-08-20 15:17:38,329 INFO     ___FILE_ONLY___ -
2025-08-20 15:17:38,330 INFO     ___FILE_ONLY___  
2025-08-20 15:17:38,330 INFO     ___FILE_ONLY___ members
2025-08-20 15:17:38,330 INFO     ___FILE_ONLY___ :
2025-08-20 15:17:38,330 INFO     ___FILE_ONLY___ 

2025-08-20 15:17:38,330 INFO     ___FILE_ONLY___   
2025-08-20 15:17:38,330 INFO     ___FILE_ONLY___ -
2025-08-20 15:17:38,330 INFO     ___FILE_ONLY___  
2025-08-20 15:17:38,330 INFO     ___FILE_ONLY___ serviceAccount:service-459384010887@containerregistry.iam.gserviceaccount.com
2025-08-20 15:17:38,330 INFO     ___FILE_ONLY___ 

2025-08-20 15:17:38,330 INFO     ___FILE_ONLY___   
2025-08-20 15:17:38,330 INFO     ___FILE_ONLY___ role
2025-08-20 15:17:38,330 INFO     ___FILE_ONLY___ :
2025-08-20 15:17:38,330 INFO     ___FILE_ONLY___  
2025-08-20 15:17:38,330 INFO     ___FILE_ONLY___ roles/containerregistry.ServiceAgent
2025-08-20 15:17:38,330 INFO     ___FILE_ONLY___ 

2025-08-20 15:17:38,330 INFO     ___FILE_ONLY___ -
2025-08-20 15:17:38,330 INFO     ___FILE_ONLY___  
2025-08-20 15:17:38,331 INFO     ___FILE_ONLY___ members
2025-08-20 15:17:38,331 INFO     ___FILE_ONLY___ :
2025-08-20 15:17:38,331 INFO     ___FILE_ONLY___ 

2025-08-20 15:17:38,331 INFO     ___FILE_ONLY___   
2025-08-20 15:17:38,331 INFO     ___FILE_ONLY___ -
2025-08-20 15:17:38,331 INFO     ___FILE_ONLY___  
2025-08-20 15:17:38,331 INFO     ___FILE_ONLY___ serviceAccount:459384010887-compute@developer.gserviceaccount.com
2025-08-20 15:17:38,331 INFO     ___FILE_ONLY___ 

2025-08-20 15:17:38,331 INFO     ___FILE_ONLY___   
2025-08-20 15:17:38,331 INFO     ___FILE_ONLY___ -
2025-08-20 15:17:38,331 INFO     ___FILE_ONLY___  
2025-08-20 15:17:38,331 INFO     ___FILE_ONLY___ serviceAccount:firebase-adminsdk-fbsvc@hire-enumerator-697cd.iam.gserviceaccount.com
2025-08-20 15:17:38,331 INFO     ___FILE_ONLY___ 

2025-08-20 15:17:38,331 INFO     ___FILE_ONLY___   
2025-08-20 15:17:38,331 INFO     ___FILE_ONLY___ role
2025-08-20 15:17:38,331 INFO     ___FILE_ONLY___ :
2025-08-20 15:17:38,331 INFO     ___FILE_ONLY___  
2025-08-20 15:17:38,331 INFO     ___FILE_ONLY___ roles/datastore.user
2025-08-20 15:17:38,332 INFO     ___FILE_ONLY___ 

2025-08-20 15:17:38,332 INFO     ___FILE_ONLY___ -
2025-08-20 15:17:38,332 INFO     ___FILE_ONLY___  
2025-08-20 15:17:38,332 INFO     ___FILE_ONLY___ condition
2025-08-20 15:17:38,332 INFO     ___FILE_ONLY___ :
2025-08-20 15:17:38,332 INFO     ___FILE_ONLY___ 

2025-08-20 15:17:38,332 INFO     ___FILE_ONLY___     
2025-08-20 15:17:38,332 INFO     ___FILE_ONLY___ expression
2025-08-20 15:17:38,332 INFO     ___FILE_ONLY___ :
2025-08-20 15:17:38,332 INFO     ___FILE_ONLY___  
2025-08-20 15:17:38,332 INFO     ___FILE_ONLY___ request.time
2025-08-20 15:17:38,332 INFO     ___FILE_ONLY___  
2025-08-20 15:17:38,332 INFO     ___FILE_ONLY___ <
2025-08-20 15:17:38,332 INFO     ___FILE_ONLY___  
2025-08-20 15:17:38,332 INFO     ___FILE_ONLY___ timestamp("2025-02-02T02:35:19.095Z")
2025-08-20 15:17:38,332 INFO     ___FILE_ONLY___ 

2025-08-20 15:17:38,332 INFO     ___FILE_ONLY___     
2025-08-20 15:17:38,332 INFO     ___FILE_ONLY___ title
2025-08-20 15:17:38,332 INFO     ___FILE_ONLY___ :
2025-08-20 15:17:38,332 INFO     ___FILE_ONLY___  
2025-08-20 15:17:38,332 INFO     ___FILE_ONLY___ developer-connect-connection-setup
2025-08-20 15:17:38,333 INFO     ___FILE_ONLY___ 

2025-08-20 15:17:38,333 INFO     ___FILE_ONLY___   
2025-08-20 15:17:38,333 INFO     ___FILE_ONLY___ members
2025-08-20 15:17:38,333 INFO     ___FILE_ONLY___ :
2025-08-20 15:17:38,333 INFO     ___FILE_ONLY___ 

2025-08-20 15:17:38,333 INFO     ___FILE_ONLY___   
2025-08-20 15:17:38,333 INFO     ___FILE_ONLY___ -
2025-08-20 15:17:38,333 INFO     ___FILE_ONLY___  
2025-08-20 15:17:38,333 INFO     ___FILE_ONLY___ serviceAccount:hire-enumerator-697cd@appspot.gserviceaccount.com
2025-08-20 15:17:38,333 INFO     ___FILE_ONLY___ 

2025-08-20 15:17:38,333 INFO     ___FILE_ONLY___   
2025-08-20 15:17:38,333 INFO     ___FILE_ONLY___ role
2025-08-20 15:17:38,333 INFO     ___FILE_ONLY___ :
2025-08-20 15:17:38,333 INFO     ___FILE_ONLY___  
2025-08-20 15:17:38,333 INFO     ___FILE_ONLY___ roles/datastore.user
2025-08-20 15:17:38,333 INFO     ___FILE_ONLY___ 

2025-08-20 15:17:38,333 INFO     ___FILE_ONLY___ -
2025-08-20 15:17:38,333 INFO     ___FILE_ONLY___  
2025-08-20 15:17:38,333 INFO     ___FILE_ONLY___ members
2025-08-20 15:17:38,333 INFO     ___FILE_ONLY___ :
2025-08-20 15:17:38,333 INFO     ___FILE_ONLY___ 

2025-08-20 15:17:38,334 INFO     ___FILE_ONLY___   
2025-08-20 15:17:38,334 INFO     ___FILE_ONLY___ -
2025-08-20 15:17:38,334 INFO     ___FILE_ONLY___  
2025-08-20 15:17:38,334 INFO     ___FILE_ONLY___ serviceAccount:firebase-app-hosting-compute@hire-enumerator-697cd.iam.gserviceaccount.com
2025-08-20 15:17:38,334 INFO     ___FILE_ONLY___ 

2025-08-20 15:17:38,334 INFO     ___FILE_ONLY___   
2025-08-20 15:17:38,334 INFO     ___FILE_ONLY___ role
2025-08-20 15:17:38,334 INFO     ___FILE_ONLY___ :
2025-08-20 15:17:38,334 INFO     ___FILE_ONLY___  
2025-08-20 15:17:38,334 INFO     ___FILE_ONLY___ roles/developerconnect.readTokenAccessor
2025-08-20 15:17:38,334 INFO     ___FILE_ONLY___ 

2025-08-20 15:17:38,334 INFO     ___FILE_ONLY___ -
2025-08-20 15:17:38,334 INFO     ___FILE_ONLY___  
2025-08-20 15:17:38,334 INFO     ___FILE_ONLY___ members
2025-08-20 15:17:38,334 INFO     ___FILE_ONLY___ :
2025-08-20 15:17:38,334 INFO     ___FILE_ONLY___ 

2025-08-20 15:17:38,334 INFO     ___FILE_ONLY___   
2025-08-20 15:17:38,334 INFO     ___FILE_ONLY___ -
2025-08-20 15:17:38,334 INFO     ___FILE_ONLY___  
2025-08-20 15:17:38,334 INFO     ___FILE_ONLY___ serviceAccount:service-459384010887@gcp-sa-devconnect.iam.gserviceaccount.com
2025-08-20 15:17:38,335 INFO     ___FILE_ONLY___ 

2025-08-20 15:17:38,335 INFO     ___FILE_ONLY___   
2025-08-20 15:17:38,335 INFO     ___FILE_ONLY___ role
2025-08-20 15:17:38,335 INFO     ___FILE_ONLY___ :
2025-08-20 15:17:38,335 INFO     ___FILE_ONLY___  
2025-08-20 15:17:38,335 INFO     ___FILE_ONLY___ roles/developerconnect.serviceAgent
2025-08-20 15:17:38,335 INFO     ___FILE_ONLY___ 

2025-08-20 15:17:38,335 INFO     ___FILE_ONLY___ -
2025-08-20 15:17:38,335 INFO     ___FILE_ONLY___  
2025-08-20 15:17:38,335 INFO     ___FILE_ONLY___ members
2025-08-20 15:17:38,335 INFO     ___FILE_ONLY___ :
2025-08-20 15:17:38,335 INFO     ___FILE_ONLY___ 

2025-08-20 15:17:38,335 INFO     ___FILE_ONLY___   
2025-08-20 15:17:38,335 INFO     ___FILE_ONLY___ -
2025-08-20 15:17:38,335 INFO     ___FILE_ONLY___  
2025-08-20 15:17:38,335 INFO     ___FILE_ONLY___ serviceAccount:459384010887@cloudservices.gserviceaccount.com
2025-08-20 15:17:38,335 INFO     ___FILE_ONLY___ 

2025-08-20 15:17:38,335 INFO     ___FILE_ONLY___   
2025-08-20 15:17:38,335 INFO     ___FILE_ONLY___ -
2025-08-20 15:17:38,335 INFO     ___FILE_ONLY___  
2025-08-20 15:17:38,335 INFO     ___FILE_ONLY___ user:madhu.sharma@neuralgridlabs.com
2025-08-20 15:17:38,335 INFO     ___FILE_ONLY___ 

2025-08-20 15:17:38,335 INFO     ___FILE_ONLY___   
2025-08-20 15:17:38,335 INFO     ___FILE_ONLY___ -
2025-08-20 15:17:38,336 INFO     ___FILE_ONLY___  
2025-08-20 15:17:38,336 INFO     ___FILE_ONLY___ user:shreya.tandukar@neuralgridlabs.com
2025-08-20 15:17:38,336 INFO     ___FILE_ONLY___ 

2025-08-20 15:17:38,336 INFO     ___FILE_ONLY___   
2025-08-20 15:17:38,336 INFO     ___FILE_ONLY___ role
2025-08-20 15:17:38,336 INFO     ___FILE_ONLY___ :
2025-08-20 15:17:38,336 INFO     ___FILE_ONLY___  
2025-08-20 15:17:38,336 INFO     ___FILE_ONLY___ roles/editor
2025-08-20 15:17:38,336 INFO     ___FILE_ONLY___ 

2025-08-20 15:17:38,336 INFO     ___FILE_ONLY___ -
2025-08-20 15:17:38,336 INFO     ___FILE_ONLY___  
2025-08-20 15:17:38,336 INFO     ___FILE_ONLY___ members
2025-08-20 15:17:38,336 INFO     ___FILE_ONLY___ :
2025-08-20 15:17:38,336 INFO     ___FILE_ONLY___ 

2025-08-20 15:17:38,337 INFO     ___FILE_ONLY___   
2025-08-20 15:17:38,337 INFO     ___FILE_ONLY___ -
2025-08-20 15:17:38,337 INFO     ___FILE_ONLY___  
2025-08-20 15:17:38,337 INFO     ___FILE_ONLY___ serviceAccount:459384010887-compute@developer.gserviceaccount.com
2025-08-20 15:17:38,337 INFO     ___FILE_ONLY___ 

2025-08-20 15:17:38,337 INFO     ___FILE_ONLY___   
2025-08-20 15:17:38,337 INFO     ___FILE_ONLY___ role
2025-08-20 15:17:38,337 INFO     ___FILE_ONLY___ :
2025-08-20 15:17:38,337 INFO     ___FILE_ONLY___  
2025-08-20 15:17:38,337 INFO     ___FILE_ONLY___ roles/eventarc.eventReceiver
2025-08-20 15:17:38,337 INFO     ___FILE_ONLY___ 

2025-08-20 15:17:38,337 INFO     ___FILE_ONLY___ -
2025-08-20 15:17:38,337 INFO     ___FILE_ONLY___  
2025-08-20 15:17:38,337 INFO     ___FILE_ONLY___ members
2025-08-20 15:17:38,337 INFO     ___FILE_ONLY___ :
2025-08-20 15:17:38,337 INFO     ___FILE_ONLY___ 

2025-08-20 15:17:38,337 INFO     ___FILE_ONLY___   
2025-08-20 15:17:38,337 INFO     ___FILE_ONLY___ -
2025-08-20 15:17:38,338 INFO     ___FILE_ONLY___  
2025-08-20 15:17:38,338 INFO     ___FILE_ONLY___ serviceAccount:service-459384010887@gcp-sa-eventarc.iam.gserviceaccount.com
2025-08-20 15:17:38,338 INFO     ___FILE_ONLY___ 

2025-08-20 15:17:38,338 INFO     ___FILE_ONLY___   
2025-08-20 15:17:38,338 INFO     ___FILE_ONLY___ role
2025-08-20 15:17:38,338 INFO     ___FILE_ONLY___ :
2025-08-20 15:17:38,338 INFO     ___FILE_ONLY___  
2025-08-20 15:17:38,338 INFO     ___FILE_ONLY___ roles/eventarc.serviceAgent
2025-08-20 15:17:38,338 INFO     ___FILE_ONLY___ 

2025-08-20 15:17:38,338 INFO     ___FILE_ONLY___ -
2025-08-20 15:17:38,338 INFO     ___FILE_ONLY___  
2025-08-20 15:17:38,338 INFO     ___FILE_ONLY___ members
2025-08-20 15:17:38,338 INFO     ___FILE_ONLY___ :
2025-08-20 15:17:38,338 INFO     ___FILE_ONLY___ 

2025-08-20 15:17:38,338 INFO     ___FILE_ONLY___   
2025-08-20 15:17:38,338 INFO     ___FILE_ONLY___ -
2025-08-20 15:17:38,339 INFO     ___FILE_ONLY___  
2025-08-20 15:17:38,339 INFO     ___FILE_ONLY___ group:hire-enumerator-dev@neuralgridlabs.com
2025-08-20 15:17:38,339 INFO     ___FILE_ONLY___ 

2025-08-20 15:17:38,339 INFO     ___FILE_ONLY___   
2025-08-20 15:17:38,339 INFO     ___FILE_ONLY___ -
2025-08-20 15:17:38,339 INFO     ___FILE_ONLY___  
2025-08-20 15:17:38,339 INFO     ___FILE_ONLY___ serviceAccount:firebase-adminsdk-fbsvc@hire-enumerator-697cd.iam.gserviceaccount.com
2025-08-20 15:17:38,339 INFO     ___FILE_ONLY___ 

2025-08-20 15:17:38,339 INFO     ___FILE_ONLY___   
2025-08-20 15:17:38,339 INFO     ___FILE_ONLY___ role
2025-08-20 15:17:38,339 INFO     ___FILE_ONLY___ :
2025-08-20 15:17:38,339 INFO     ___FILE_ONLY___  
2025-08-20 15:17:38,339 INFO     ___FILE_ONLY___ roles/firebase.admin
2025-08-20 15:17:38,339 INFO     ___FILE_ONLY___ 

2025-08-20 15:17:38,340 INFO     ___FILE_ONLY___ -
2025-08-20 15:17:38,340 INFO     ___FILE_ONLY___  
2025-08-20 15:17:38,340 INFO     ___FILE_ONLY___ members
2025-08-20 15:17:38,340 INFO     ___FILE_ONLY___ :
2025-08-20 15:17:38,340 INFO     ___FILE_ONLY___ 

2025-08-20 15:17:38,340 INFO     ___FILE_ONLY___   
2025-08-20 15:17:38,340 INFO     ___FILE_ONLY___ -
2025-08-20 15:17:38,340 INFO     ___FILE_ONLY___  
2025-08-20 15:17:38,340 INFO     ___FILE_ONLY___ user:nabin.paudel@neuralgridlabs.com
2025-08-20 15:17:38,340 INFO     ___FILE_ONLY___ 

2025-08-20 15:17:38,340 INFO     ___FILE_ONLY___   
2025-08-20 15:17:38,340 INFO     ___FILE_ONLY___ role
2025-08-20 15:17:38,340 INFO     ___FILE_ONLY___ :
2025-08-20 15:17:38,340 INFO     ___FILE_ONLY___  
2025-08-20 15:17:38,340 INFO     ___FILE_ONLY___ roles/firebase.developAdmin
2025-08-20 15:17:38,340 INFO     ___FILE_ONLY___ 

2025-08-20 15:17:38,340 INFO     ___FILE_ONLY___ -
2025-08-20 15:17:38,341 INFO     ___FILE_ONLY___  
2025-08-20 15:17:38,341 INFO     ___FILE_ONLY___ members
2025-08-20 15:17:38,341 INFO     ___FILE_ONLY___ :
2025-08-20 15:17:38,341 INFO     ___FILE_ONLY___ 

2025-08-20 15:17:38,341 INFO     ___FILE_ONLY___   
2025-08-20 15:17:38,341 INFO     ___FILE_ONLY___ -
2025-08-20 15:17:38,341 INFO     ___FILE_ONLY___  
2025-08-20 15:17:38,341 INFO     ___FILE_ONLY___ serviceAccount:service-459384010887@gcp-sa-firebase.iam.gserviceaccount.com
2025-08-20 15:17:38,341 INFO     ___FILE_ONLY___ 

2025-08-20 15:17:38,341 INFO     ___FILE_ONLY___   
2025-08-20 15:17:38,341 INFO     ___FILE_ONLY___ role
2025-08-20 15:17:38,341 INFO     ___FILE_ONLY___ :
2025-08-20 15:17:38,341 INFO     ___FILE_ONLY___  
2025-08-20 15:17:38,341 INFO     ___FILE_ONLY___ roles/firebase.managementServiceAgent
2025-08-20 15:17:38,341 INFO     ___FILE_ONLY___ 

2025-08-20 15:17:38,341 INFO     ___FILE_ONLY___ -
2025-08-20 15:17:38,341 INFO     ___FILE_ONLY___  
2025-08-20 15:17:38,341 INFO     ___FILE_ONLY___ members
2025-08-20 15:17:38,342 INFO     ___FILE_ONLY___ :
2025-08-20 15:17:38,342 INFO     ___FILE_ONLY___ 

2025-08-20 15:17:38,342 INFO     ___FILE_ONLY___   
2025-08-20 15:17:38,342 INFO     ___FILE_ONLY___ -
2025-08-20 15:17:38,342 INFO     ___FILE_ONLY___  
2025-08-20 15:17:38,342 INFO     ___FILE_ONLY___ serviceAccount:firebase-adminsdk-fbsvc@hire-enumerator-697cd.iam.gserviceaccount.com
2025-08-20 15:17:38,342 INFO     ___FILE_ONLY___ 

2025-08-20 15:17:38,342 INFO     ___FILE_ONLY___   
2025-08-20 15:17:38,342 INFO     ___FILE_ONLY___ -
2025-08-20 15:17:38,342 INFO     ___FILE_ONLY___  
2025-08-20 15:17:38,342 INFO     ___FILE_ONLY___ serviceAccount:firebase-app-hosting-compute@hire-enumerator-697cd.iam.gserviceaccount.com
2025-08-20 15:17:38,342 INFO     ___FILE_ONLY___ 

2025-08-20 15:17:38,342 INFO     ___FILE_ONLY___   
2025-08-20 15:17:38,342 INFO     ___FILE_ONLY___ role
2025-08-20 15:17:38,342 INFO     ___FILE_ONLY___ :
2025-08-20 15:17:38,342 INFO     ___FILE_ONLY___  
2025-08-20 15:17:38,342 INFO     ___FILE_ONLY___ roles/firebase.sdkAdminServiceAgent
2025-08-20 15:17:38,342 INFO     ___FILE_ONLY___ 

2025-08-20 15:17:38,342 INFO     ___FILE_ONLY___ -
2025-08-20 15:17:38,343 INFO     ___FILE_ONLY___  
2025-08-20 15:17:38,343 INFO     ___FILE_ONLY___ members
2025-08-20 15:17:38,343 INFO     ___FILE_ONLY___ :
2025-08-20 15:17:38,343 INFO     ___FILE_ONLY___ 

2025-08-20 15:17:38,343 INFO     ___FILE_ONLY___   
2025-08-20 15:17:38,343 INFO     ___FILE_ONLY___ -
2025-08-20 15:17:38,343 INFO     ___FILE_ONLY___  
2025-08-20 15:17:38,343 INFO     ___FILE_ONLY___ serviceAccount:firebase-app-hosting-compute@hire-enumerator-697cd.iam.gserviceaccount.com
2025-08-20 15:17:38,343 INFO     ___FILE_ONLY___ 

2025-08-20 15:17:38,343 INFO     ___FILE_ONLY___   
2025-08-20 15:17:38,343 INFO     ___FILE_ONLY___ role
2025-08-20 15:17:38,343 INFO     ___FILE_ONLY___ :
2025-08-20 15:17:38,344 INFO     ___FILE_ONLY___  
2025-08-20 15:17:38,344 INFO     ___FILE_ONLY___ roles/firebaseapphosting.computeRunner
2025-08-20 15:17:38,344 INFO     ___FILE_ONLY___ 

2025-08-20 15:17:38,344 INFO     ___FILE_ONLY___ -
2025-08-20 15:17:38,344 INFO     ___FILE_ONLY___  
2025-08-20 15:17:38,344 INFO     ___FILE_ONLY___ members
2025-08-20 15:17:38,344 INFO     ___FILE_ONLY___ :
2025-08-20 15:17:38,344 INFO     ___FILE_ONLY___ 

2025-08-20 15:17:38,344 INFO     ___FILE_ONLY___   
2025-08-20 15:17:38,344 INFO     ___FILE_ONLY___ -
2025-08-20 15:17:38,344 INFO     ___FILE_ONLY___  
2025-08-20 15:17:38,344 INFO     ___FILE_ONLY___ serviceAccount:service-459384010887@gcp-sa-firebaseapphosting.iam.gserviceaccount.com
2025-08-20 15:17:38,344 INFO     ___FILE_ONLY___ 

2025-08-20 15:17:38,344 INFO     ___FILE_ONLY___   
2025-08-20 15:17:38,344 INFO     ___FILE_ONLY___ role
2025-08-20 15:17:38,345 INFO     ___FILE_ONLY___ :
2025-08-20 15:17:38,345 INFO     ___FILE_ONLY___  
2025-08-20 15:17:38,345 INFO     ___FILE_ONLY___ roles/firebaseapphosting.serviceAgent
2025-08-20 15:17:38,345 INFO     ___FILE_ONLY___ 

2025-08-20 15:17:38,345 INFO     ___FILE_ONLY___ -
2025-08-20 15:17:38,345 INFO     ___FILE_ONLY___  
2025-08-20 15:17:38,345 INFO     ___FILE_ONLY___ members
2025-08-20 15:17:38,345 INFO     ___FILE_ONLY___ :
2025-08-20 15:17:38,345 INFO     ___FILE_ONLY___ 

2025-08-20 15:17:38,345 INFO     ___FILE_ONLY___   
2025-08-20 15:17:38,345 INFO     ___FILE_ONLY___ -
2025-08-20 15:17:38,345 INFO     ___FILE_ONLY___  
2025-08-20 15:17:38,345 INFO     ___FILE_ONLY___ serviceAccount:firebase-adminsdk-fbsvc@hire-enumerator-697cd.iam.gserviceaccount.com
2025-08-20 15:17:38,345 INFO     ___FILE_ONLY___ 

2025-08-20 15:17:38,345 INFO     ___FILE_ONLY___   
2025-08-20 15:17:38,345 INFO     ___FILE_ONLY___ -
2025-08-20 15:17:38,345 INFO     ___FILE_ONLY___  
2025-08-20 15:17:38,345 INFO     ___FILE_ONLY___ serviceAccount:github-action-924978809@hire-enumerator-697cd.iam.gserviceaccount.com
2025-08-20 15:17:38,346 INFO     ___FILE_ONLY___ 

2025-08-20 15:17:38,346 INFO     ___FILE_ONLY___   
2025-08-20 15:17:38,346 INFO     ___FILE_ONLY___ role
2025-08-20 15:17:38,346 INFO     ___FILE_ONLY___ :
2025-08-20 15:17:38,346 INFO     ___FILE_ONLY___  
2025-08-20 15:17:38,346 INFO     ___FILE_ONLY___ roles/firebaseauth.admin
2025-08-20 15:17:38,346 INFO     ___FILE_ONLY___ 

2025-08-20 15:17:38,346 INFO     ___FILE_ONLY___ -
2025-08-20 15:17:38,346 INFO     ___FILE_ONLY___  
2025-08-20 15:17:38,346 INFO     ___FILE_ONLY___ members
2025-08-20 15:17:38,346 INFO     ___FILE_ONLY___ :
2025-08-20 15:17:38,346 INFO     ___FILE_ONLY___ 

2025-08-20 15:17:38,346 INFO     ___FILE_ONLY___   
2025-08-20 15:17:38,346 INFO     ___FILE_ONLY___ -
2025-08-20 15:17:38,346 INFO     ___FILE_ONLY___  
2025-08-20 15:17:38,346 INFO     ___FILE_ONLY___ serviceAccount:github-action-924978809@hire-enumerator-697cd.iam.gserviceaccount.com
2025-08-20 15:17:38,346 INFO     ___FILE_ONLY___ 

2025-08-20 15:17:38,346 INFO     ___FILE_ONLY___   
2025-08-20 15:17:38,346 INFO     ___FILE_ONLY___ role
2025-08-20 15:17:38,347 INFO     ___FILE_ONLY___ :
2025-08-20 15:17:38,347 INFO     ___FILE_ONLY___  
2025-08-20 15:17:38,347 INFO     ___FILE_ONLY___ roles/firebasehosting.admin
2025-08-20 15:17:38,347 INFO     ___FILE_ONLY___ 

2025-08-20 15:17:38,347 INFO     ___FILE_ONLY___ -
2025-08-20 15:17:38,347 INFO     ___FILE_ONLY___  
2025-08-20 15:17:38,347 INFO     ___FILE_ONLY___ members
2025-08-20 15:17:38,347 INFO     ___FILE_ONLY___ :
2025-08-20 15:17:38,347 INFO     ___FILE_ONLY___ 

2025-08-20 15:17:38,347 INFO     ___FILE_ONLY___   
2025-08-20 15:17:38,347 INFO     ___FILE_ONLY___ -
2025-08-20 15:17:38,347 INFO     ___FILE_ONLY___  
2025-08-20 15:17:38,347 INFO     ___FILE_ONLY___ serviceAccount:service-459384010887@gcp-sa-firebasemods.iam.gserviceaccount.com
2025-08-20 15:17:38,347 INFO     ___FILE_ONLY___ 

2025-08-20 15:17:38,347 INFO     ___FILE_ONLY___   
2025-08-20 15:17:38,347 INFO     ___FILE_ONLY___ role
2025-08-20 15:17:38,347 INFO     ___FILE_ONLY___ :
2025-08-20 15:17:38,347 INFO     ___FILE_ONLY___  
2025-08-20 15:17:38,347 INFO     ___FILE_ONLY___ roles/firebasemods.serviceAgent
2025-08-20 15:17:38,348 INFO     ___FILE_ONLY___ 

2025-08-20 15:17:38,348 INFO     ___FILE_ONLY___ -
2025-08-20 15:17:38,348 INFO     ___FILE_ONLY___  
2025-08-20 15:17:38,348 INFO     ___FILE_ONLY___ members
2025-08-20 15:17:38,348 INFO     ___FILE_ONLY___ :
2025-08-20 15:17:38,348 INFO     ___FILE_ONLY___ 

2025-08-20 15:17:38,348 INFO     ___FILE_ONLY___   
2025-08-20 15:17:38,348 INFO     ___FILE_ONLY___ -
2025-08-20 15:17:38,348 INFO     ___FILE_ONLY___  
2025-08-20 15:17:38,348 INFO     ___FILE_ONLY___ serviceAccount:service-459384010887@firebase-rules.iam.gserviceaccount.com
2025-08-20 15:17:38,348 INFO     ___FILE_ONLY___ 

2025-08-20 15:17:38,348 INFO     ___FILE_ONLY___   
2025-08-20 15:17:38,348 INFO     ___FILE_ONLY___ role
2025-08-20 15:17:38,348 INFO     ___FILE_ONLY___ :
2025-08-20 15:17:38,348 INFO     ___FILE_ONLY___  
2025-08-20 15:17:38,348 INFO     ___FILE_ONLY___ roles/firebaserules.system
2025-08-20 15:17:38,348 INFO     ___FILE_ONLY___ 

2025-08-20 15:17:38,348 INFO     ___FILE_ONLY___ -
2025-08-20 15:17:38,348 INFO     ___FILE_ONLY___  
2025-08-20 15:17:38,348 INFO     ___FILE_ONLY___ members
2025-08-20 15:17:38,349 INFO     ___FILE_ONLY___ :
2025-08-20 15:17:38,349 INFO     ___FILE_ONLY___ 

2025-08-20 15:17:38,349 INFO     ___FILE_ONLY___   
2025-08-20 15:17:38,349 INFO     ___FILE_ONLY___ -
2025-08-20 15:17:38,349 INFO     ___FILE_ONLY___  
2025-08-20 15:17:38,349 INFO     ___FILE_ONLY___ serviceAccount:service-459384010887@gcp-sa-firebasestorage.iam.gserviceaccount.com
2025-08-20 15:17:38,349 INFO     ___FILE_ONLY___ 

2025-08-20 15:17:38,349 INFO     ___FILE_ONLY___   
2025-08-20 15:17:38,349 INFO     ___FILE_ONLY___ role
2025-08-20 15:17:38,349 INFO     ___FILE_ONLY___ :
2025-08-20 15:17:38,349 INFO     ___FILE_ONLY___  
2025-08-20 15:17:38,349 INFO     ___FILE_ONLY___ roles/firebasestorage.serviceAgent
2025-08-20 15:17:38,349 INFO     ___FILE_ONLY___ 

2025-08-20 15:17:38,349 INFO     ___FILE_ONLY___ -
2025-08-20 15:17:38,349 INFO     ___FILE_ONLY___  
2025-08-20 15:17:38,349 INFO     ___FILE_ONLY___ members
2025-08-20 15:17:38,349 INFO     ___FILE_ONLY___ :
2025-08-20 15:17:38,349 INFO     ___FILE_ONLY___ 

2025-08-20 15:17:38,349 INFO     ___FILE_ONLY___   
2025-08-20 15:17:38,349 INFO     ___FILE_ONLY___ -
2025-08-20 15:17:38,349 INFO     ___FILE_ONLY___  
2025-08-20 15:17:38,349 INFO     ___FILE_ONLY___ serviceAccount:service-459384010887@gcp-sa-firestore.iam.gserviceaccount.com
2025-08-20 15:17:38,350 INFO     ___FILE_ONLY___ 

2025-08-20 15:17:38,350 INFO     ___FILE_ONLY___   
2025-08-20 15:17:38,350 INFO     ___FILE_ONLY___ role
2025-08-20 15:17:38,350 INFO     ___FILE_ONLY___ :
2025-08-20 15:17:38,350 INFO     ___FILE_ONLY___  
2025-08-20 15:17:38,350 INFO     ___FILE_ONLY___ roles/firestore.serviceAgent
2025-08-20 15:17:38,350 INFO     ___FILE_ONLY___ 

2025-08-20 15:17:38,350 INFO     ___FILE_ONLY___ -
2025-08-20 15:17:38,350 INFO     ___FILE_ONLY___  
2025-08-20 15:17:38,350 INFO     ___FILE_ONLY___ members
2025-08-20 15:17:38,351 INFO     ___FILE_ONLY___ :
2025-08-20 15:17:38,351 INFO     ___FILE_ONLY___ 

2025-08-20 15:17:38,351 INFO     ___FILE_ONLY___   
2025-08-20 15:17:38,351 INFO     ___FILE_ONLY___ -
2025-08-20 15:17:38,351 INFO     ___FILE_ONLY___  
2025-08-20 15:17:38,351 INFO     ___FILE_ONLY___ serviceAccount:firebase-adminsdk-fbsvc@hire-enumerator-697cd.iam.gserviceaccount.com
2025-08-20 15:17:38,351 INFO     ___FILE_ONLY___ 

2025-08-20 15:17:38,351 INFO     ___FILE_ONLY___   
2025-08-20 15:17:38,351 INFO     ___FILE_ONLY___ -
2025-08-20 15:17:38,351 INFO     ___FILE_ONLY___  
2025-08-20 15:17:38,351 INFO     ___FILE_ONLY___ serviceAccount:service-459384010887@gcp-sa-pubsub.iam.gserviceaccount.com
2025-08-20 15:17:38,351 INFO     ___FILE_ONLY___ 

2025-08-20 15:17:38,351 INFO     ___FILE_ONLY___   
2025-08-20 15:17:38,351 INFO     ___FILE_ONLY___ role
2025-08-20 15:17:38,351 INFO     ___FILE_ONLY___ :
2025-08-20 15:17:38,351 INFO     ___FILE_ONLY___  
2025-08-20 15:17:38,351 INFO     ___FILE_ONLY___ roles/iam.serviceAccountTokenCreator
2025-08-20 15:17:38,351 INFO     ___FILE_ONLY___ 

2025-08-20 15:17:38,351 INFO     ___FILE_ONLY___ -
2025-08-20 15:17:38,351 INFO     ___FILE_ONLY___  
2025-08-20 15:17:38,352 INFO     ___FILE_ONLY___ members
2025-08-20 15:17:38,352 INFO     ___FILE_ONLY___ :
2025-08-20 15:17:38,352 INFO     ___FILE_ONLY___ 

2025-08-20 15:17:38,352 INFO     ___FILE_ONLY___   
2025-08-20 15:17:38,352 INFO     ___FILE_ONLY___ -
2025-08-20 15:17:38,352 INFO     ___FILE_ONLY___  
2025-08-20 15:17:38,352 INFO     ___FILE_ONLY___ user:nabin.paudel@neuralgridlabs.com
2025-08-20 15:17:38,352 INFO     ___FILE_ONLY___ 

2025-08-20 15:17:38,352 INFO     ___FILE_ONLY___   
2025-08-20 15:17:38,352 INFO     ___FILE_ONLY___ role
2025-08-20 15:17:38,352 INFO     ___FILE_ONLY___ :
2025-08-20 15:17:38,352 INFO     ___FILE_ONLY___  
2025-08-20 15:17:38,352 INFO     ___FILE_ONLY___ roles/iam.serviceAccountUser
2025-08-20 15:17:38,352 INFO     ___FILE_ONLY___ 

2025-08-20 15:17:38,352 INFO     ___FILE_ONLY___ -
2025-08-20 15:17:38,352 INFO     ___FILE_ONLY___  
2025-08-20 15:17:38,352 INFO     ___FILE_ONLY___ condition
2025-08-20 15:17:38,352 INFO     ___FILE_ONLY___ :
2025-08-20 15:17:38,352 INFO     ___FILE_ONLY___ 

2025-08-20 15:17:38,352 INFO     ___FILE_ONLY___     
2025-08-20 15:17:38,353 INFO     ___FILE_ONLY___ expression
2025-08-20 15:17:38,353 INFO     ___FILE_ONLY___ :
2025-08-20 15:17:38,353 INFO     ___FILE_ONLY___  
2025-08-20 15:17:38,353 INFO     ___FILE_ONLY___ request.time
2025-08-20 15:17:38,353 INFO     ___FILE_ONLY___  
2025-08-20 15:17:38,353 INFO     ___FILE_ONLY___ <
2025-08-20 15:17:38,353 INFO     ___FILE_ONLY___  
2025-08-20 15:17:38,353 INFO     ___FILE_ONLY___ timestamp("2025-02-02T02:35:19.095Z")
2025-08-20 15:17:38,353 INFO     ___FILE_ONLY___ 

2025-08-20 15:17:38,353 INFO     ___FILE_ONLY___     
2025-08-20 15:17:38,353 INFO     ___FILE_ONLY___ title
2025-08-20 15:17:38,353 INFO     ___FILE_ONLY___ :
2025-08-20 15:17:38,353 INFO     ___FILE_ONLY___  
2025-08-20 15:17:38,353 INFO     ___FILE_ONLY___ developer-connect-connection-setup
2025-08-20 15:17:38,353 INFO     ___FILE_ONLY___ 

2025-08-20 15:17:38,353 INFO     ___FILE_ONLY___   
2025-08-20 15:17:38,353 INFO     ___FILE_ONLY___ members
2025-08-20 15:17:38,353 INFO     ___FILE_ONLY___ :
2025-08-20 15:17:38,353 INFO     ___FILE_ONLY___ 

2025-08-20 15:17:38,353 INFO     ___FILE_ONLY___   
2025-08-20 15:17:38,353 INFO     ___FILE_ONLY___ -
2025-08-20 15:17:38,353 INFO     ___FILE_ONLY___  
2025-08-20 15:17:38,353 INFO     ___FILE_ONLY___ serviceAccount:459384010887@cloudbuild.gserviceaccount.com
2025-08-20 15:17:38,354 INFO     ___FILE_ONLY___ 

2025-08-20 15:17:38,354 INFO     ___FILE_ONLY___   
2025-08-20 15:17:38,354 INFO     ___FILE_ONLY___ role
2025-08-20 15:17:38,354 INFO     ___FILE_ONLY___ :
2025-08-20 15:17:38,354 INFO     ___FILE_ONLY___  
2025-08-20 15:17:38,354 INFO     ___FILE_ONLY___ roles/iam.serviceAccountUser
2025-08-20 15:17:38,354 INFO     ___FILE_ONLY___ 

2025-08-20 15:17:38,354 INFO     ___FILE_ONLY___ -
2025-08-20 15:17:38,354 INFO     ___FILE_ONLY___  
2025-08-20 15:17:38,354 INFO     ___FILE_ONLY___ members
2025-08-20 15:17:38,354 INFO     ___FILE_ONLY___ :
2025-08-20 15:17:38,354 INFO     ___FILE_ONLY___ 

2025-08-20 15:17:38,354 INFO     ___FILE_ONLY___   
2025-08-20 15:17:38,354 INFO     ___FILE_ONLY___ -
2025-08-20 15:17:38,354 INFO     ___FILE_ONLY___  
2025-08-20 15:17:38,354 INFO     ___FILE_ONLY___ user:admin@neuralgridlabs.com
2025-08-20 15:17:38,354 INFO     ___FILE_ONLY___ 

2025-08-20 15:17:38,354 INFO     ___FILE_ONLY___   
2025-08-20 15:17:38,354 INFO     ___FILE_ONLY___ -
2025-08-20 15:17:38,354 INFO     ___FILE_ONLY___  
2025-08-20 15:17:38,354 INFO     ___FILE_ONLY___ user:nabin.paudel@neuralgridlabs.com
2025-08-20 15:17:38,354 INFO     ___FILE_ONLY___ 

2025-08-20 15:17:38,354 INFO     ___FILE_ONLY___   
2025-08-20 15:17:38,354 INFO     ___FILE_ONLY___ -
2025-08-20 15:17:38,355 INFO     ___FILE_ONLY___  
2025-08-20 15:17:38,355 INFO     ___FILE_ONLY___ user:yogen@neuralgridlabs.com
2025-08-20 15:17:38,355 INFO     ___FILE_ONLY___ 

2025-08-20 15:17:38,355 INFO     ___FILE_ONLY___   
2025-08-20 15:17:38,355 INFO     ___FILE_ONLY___ role
2025-08-20 15:17:38,355 INFO     ___FILE_ONLY___ :
2025-08-20 15:17:38,355 INFO     ___FILE_ONLY___  
2025-08-20 15:17:38,355 INFO     ___FILE_ONLY___ roles/owner
2025-08-20 15:17:38,355 INFO     ___FILE_ONLY___ 

2025-08-20 15:17:38,355 INFO     ___FILE_ONLY___ -
2025-08-20 15:17:38,355 INFO     ___FILE_ONLY___  
2025-08-20 15:17:38,355 INFO     ___FILE_ONLY___ members
2025-08-20 15:17:38,355 INFO     ___FILE_ONLY___ :
2025-08-20 15:17:38,355 INFO     ___FILE_ONLY___ 

2025-08-20 15:17:38,355 INFO     ___FILE_ONLY___   
2025-08-20 15:17:38,355 INFO     ___FILE_ONLY___ -
2025-08-20 15:17:38,355 INFO     ___FILE_ONLY___  
2025-08-20 15:17:38,356 INFO     ___FILE_ONLY___ serviceAccount:459384010887-compute@developer.gserviceaccount.com
2025-08-20 15:17:38,356 INFO     ___FILE_ONLY___ 

2025-08-20 15:17:38,356 INFO     ___FILE_ONLY___   
2025-08-20 15:17:38,356 INFO     ___FILE_ONLY___ role
2025-08-20 15:17:38,356 INFO     ___FILE_ONLY___ :
2025-08-20 15:17:38,356 INFO     ___FILE_ONLY___  
2025-08-20 15:17:38,356 INFO     ___FILE_ONLY___ roles/run.invoker
2025-08-20 15:17:38,356 INFO     ___FILE_ONLY___ 

2025-08-20 15:17:38,356 INFO     ___FILE_ONLY___ -
2025-08-20 15:17:38,356 INFO     ___FILE_ONLY___  
2025-08-20 15:17:38,356 INFO     ___FILE_ONLY___ members
2025-08-20 15:17:38,356 INFO     ___FILE_ONLY___ :
2025-08-20 15:17:38,356 INFO     ___FILE_ONLY___ 

2025-08-20 15:17:38,356 INFO     ___FILE_ONLY___   
2025-08-20 15:17:38,356 INFO     ___FILE_ONLY___ -
2025-08-20 15:17:38,356 INFO     ___FILE_ONLY___  
2025-08-20 15:17:38,356 INFO     ___FILE_ONLY___ serviceAccount:service-459384010887@serverless-robot-prod.iam.gserviceaccount.com
2025-08-20 15:17:38,356 INFO     ___FILE_ONLY___ 

2025-08-20 15:17:38,356 INFO     ___FILE_ONLY___   
2025-08-20 15:17:38,356 INFO     ___FILE_ONLY___ role
2025-08-20 15:17:38,357 INFO     ___FILE_ONLY___ :
2025-08-20 15:17:38,357 INFO     ___FILE_ONLY___  
2025-08-20 15:17:38,357 INFO     ___FILE_ONLY___ roles/run.serviceAgent
2025-08-20 15:17:38,357 INFO     ___FILE_ONLY___ 

2025-08-20 15:17:38,357 INFO     ___FILE_ONLY___ -
2025-08-20 15:17:38,357 INFO     ___FILE_ONLY___  
2025-08-20 15:17:38,357 INFO     ___FILE_ONLY___ members
2025-08-20 15:17:38,357 INFO     ___FILE_ONLY___ :
2025-08-20 15:17:38,357 INFO     ___FILE_ONLY___ 

2025-08-20 15:17:38,357 INFO     ___FILE_ONLY___   
2025-08-20 15:17:38,357 INFO     ___FILE_ONLY___ -
2025-08-20 15:17:38,358 INFO     ___FILE_ONLY___  
2025-08-20 15:17:38,358 INFO     ___FILE_ONLY___ serviceAccount:github-action-924978809@hire-enumerator-697cd.iam.gserviceaccount.com
2025-08-20 15:17:38,358 INFO     ___FILE_ONLY___ 

2025-08-20 15:17:38,358 INFO     ___FILE_ONLY___   
2025-08-20 15:17:38,358 INFO     ___FILE_ONLY___ role
2025-08-20 15:17:38,358 INFO     ___FILE_ONLY___ :
2025-08-20 15:17:38,358 INFO     ___FILE_ONLY___  
2025-08-20 15:17:38,358 INFO     ___FILE_ONLY___ roles/run.viewer
2025-08-20 15:17:38,358 INFO     ___FILE_ONLY___ 

2025-08-20 15:17:38,358 INFO     ___FILE_ONLY___ -
2025-08-20 15:17:38,358 INFO     ___FILE_ONLY___  
2025-08-20 15:17:38,358 INFO     ___FILE_ONLY___ condition
2025-08-20 15:17:38,358 INFO     ___FILE_ONLY___ :
2025-08-20 15:17:38,358 INFO     ___FILE_ONLY___ 

2025-08-20 15:17:38,358 INFO     ___FILE_ONLY___     
2025-08-20 15:17:38,358 INFO     ___FILE_ONLY___ expression
2025-08-20 15:17:38,358 INFO     ___FILE_ONLY___ :
2025-08-20 15:17:38,359 INFO     ___FILE_ONLY___  
2025-08-20 15:17:38,359 INFO     ___FILE_ONLY___ request.time
2025-08-20 15:17:38,359 INFO     ___FILE_ONLY___  
2025-08-20 15:17:38,359 INFO     ___FILE_ONLY___ <
2025-08-20 15:17:38,359 INFO     ___FILE_ONLY___  
2025-08-20 15:17:38,359 INFO     ___FILE_ONLY___ timestamp("2025-02-02T02:35:19.095Z")
2025-08-20 15:17:38,359 INFO     ___FILE_ONLY___ 

2025-08-20 15:17:38,359 INFO     ___FILE_ONLY___     
2025-08-20 15:17:38,359 INFO     ___FILE_ONLY___ title
2025-08-20 15:17:38,359 INFO     ___FILE_ONLY___ :
2025-08-20 15:17:38,359 INFO     ___FILE_ONLY___  
2025-08-20 15:17:38,359 INFO     ___FILE_ONLY___ developer-connect-connection-setup
2025-08-20 15:17:38,359 INFO     ___FILE_ONLY___ 

2025-08-20 15:17:38,359 INFO     ___FILE_ONLY___   
2025-08-20 15:17:38,359 INFO     ___FILE_ONLY___ members
2025-08-20 15:17:38,359 INFO     ___FILE_ONLY___ :
2025-08-20 15:17:38,359 INFO     ___FILE_ONLY___ 

2025-08-20 15:17:38,359 INFO     ___FILE_ONLY___   
2025-08-20 15:17:38,359 INFO     ___FILE_ONLY___ -
2025-08-20 15:17:38,359 INFO     ___FILE_ONLY___  
2025-08-20 15:17:38,359 INFO     ___FILE_ONLY___ serviceAccount:service-459384010887@gcp-sa-devconnect.iam.gserviceaccount.com
2025-08-20 15:17:38,360 INFO     ___FILE_ONLY___ 

2025-08-20 15:17:38,360 INFO     ___FILE_ONLY___   
2025-08-20 15:17:38,360 INFO     ___FILE_ONLY___ role
2025-08-20 15:17:38,360 INFO     ___FILE_ONLY___ :
2025-08-20 15:17:38,360 INFO     ___FILE_ONLY___  
2025-08-20 15:17:38,360 INFO     ___FILE_ONLY___ roles/secretmanager.admin
2025-08-20 15:17:38,360 INFO     ___FILE_ONLY___ 

2025-08-20 15:17:38,360 INFO     ___FILE_ONLY___ -
2025-08-20 15:17:38,360 INFO     ___FILE_ONLY___  
2025-08-20 15:17:38,360 INFO     ___FILE_ONLY___ members
2025-08-20 15:17:38,360 INFO     ___FILE_ONLY___ :
2025-08-20 15:17:38,360 INFO     ___FILE_ONLY___ 

2025-08-20 15:17:38,360 INFO     ___FILE_ONLY___   
2025-08-20 15:17:38,360 INFO     ___FILE_ONLY___ -
2025-08-20 15:17:38,360 INFO     ___FILE_ONLY___  
2025-08-20 15:17:38,360 INFO     ___FILE_ONLY___ serviceAccount:github-action-924978809@hire-enumerator-697cd.iam.gserviceaccount.com
2025-08-20 15:17:38,360 INFO     ___FILE_ONLY___ 

2025-08-20 15:17:38,360 INFO     ___FILE_ONLY___   
2025-08-20 15:17:38,360 INFO     ___FILE_ONLY___ role
2025-08-20 15:17:38,361 INFO     ___FILE_ONLY___ :
2025-08-20 15:17:38,361 INFO     ___FILE_ONLY___  
2025-08-20 15:17:38,361 INFO     ___FILE_ONLY___ roles/serviceusage.apiKeysViewer
2025-08-20 15:17:38,361 INFO     ___FILE_ONLY___ 

2025-08-20 15:17:38,361 INFO     ___FILE_ONLY___ -
2025-08-20 15:17:38,361 INFO     ___FILE_ONLY___  
2025-08-20 15:17:38,361 INFO     ___FILE_ONLY___ members
2025-08-20 15:17:38,361 INFO     ___FILE_ONLY___ :
2025-08-20 15:17:38,361 INFO     ___FILE_ONLY___ 

2025-08-20 15:17:38,361 INFO     ___FILE_ONLY___   
2025-08-20 15:17:38,361 INFO     ___FILE_ONLY___ -
2025-08-20 15:17:38,361 INFO     ___FILE_ONLY___  
2025-08-20 15:17:38,361 INFO     ___FILE_ONLY___ serviceAccount:github-action-924978809@hire-enumerator-697cd.iam.gserviceaccount.com
2025-08-20 15:17:38,361 INFO     ___FILE_ONLY___ 

2025-08-20 15:17:38,361 INFO     ___FILE_ONLY___   
2025-08-20 15:17:38,361 INFO     ___FILE_ONLY___ role
2025-08-20 15:17:38,361 INFO     ___FILE_ONLY___ :
2025-08-20 15:17:38,361 INFO     ___FILE_ONLY___  
2025-08-20 15:17:38,361 INFO     ___FILE_ONLY___ roles/serviceusage.serviceUsageConsumer
2025-08-20 15:17:38,362 INFO     ___FILE_ONLY___ 

2025-08-20 15:17:38,362 INFO     ___FILE_ONLY___ -
2025-08-20 15:17:38,362 INFO     ___FILE_ONLY___  
2025-08-20 15:17:38,362 INFO     ___FILE_ONLY___ members
2025-08-20 15:17:38,362 INFO     ___FILE_ONLY___ :
2025-08-20 15:17:38,362 INFO     ___FILE_ONLY___ 

2025-08-20 15:17:38,362 INFO     ___FILE_ONLY___   
2025-08-20 15:17:38,362 INFO     ___FILE_ONLY___ -
2025-08-20 15:17:38,362 INFO     ___FILE_ONLY___  
2025-08-20 15:17:38,362 INFO     ___FILE_ONLY___ serviceAccount:ext-storage-googledrive-export@hire-enumerator-697cd.iam.gserviceaccount.com
2025-08-20 15:17:38,362 INFO     ___FILE_ONLY___ 

2025-08-20 15:17:38,362 INFO     ___FILE_ONLY___   
2025-08-20 15:17:38,362 INFO     ___FILE_ONLY___ -
2025-08-20 15:17:38,362 INFO     ___FILE_ONLY___  
2025-08-20 15:17:38,362 INFO     ___FILE_ONLY___ serviceAccount:firebase-adminsdk-fbsvc@hire-enumerator-697cd.iam.gserviceaccount.com
2025-08-20 15:17:38,362 INFO     ___FILE_ONLY___ 

2025-08-20 15:17:38,362 INFO     ___FILE_ONLY___   
2025-08-20 15:17:38,362 INFO     ___FILE_ONLY___ role
2025-08-20 15:17:38,362 INFO     ___FILE_ONLY___ :
2025-08-20 15:17:38,362 INFO     ___FILE_ONLY___  
2025-08-20 15:17:38,362 INFO     ___FILE_ONLY___ roles/storage.admin
2025-08-20 15:17:38,363 INFO     ___FILE_ONLY___ 

2025-08-20 15:17:38,363 INFO     ___FILE_ONLY___ -
2025-08-20 15:17:38,363 INFO     ___FILE_ONLY___  
2025-08-20 15:17:38,363 INFO     ___FILE_ONLY___ members
2025-08-20 15:17:38,363 INFO     ___FILE_ONLY___ :
2025-08-20 15:17:38,363 INFO     ___FILE_ONLY___ 

2025-08-20 15:17:38,363 INFO     ___FILE_ONLY___   
2025-08-20 15:17:38,363 INFO     ___FILE_ONLY___ -
2025-08-20 15:17:38,363 INFO     ___FILE_ONLY___  
2025-08-20 15:17:38,363 INFO     ___FILE_ONLY___ serviceAccount:459384010887-compute@developer.gserviceaccount.com
2025-08-20 15:17:38,363 INFO     ___FILE_ONLY___ 

2025-08-20 15:17:38,363 INFO     ___FILE_ONLY___   
2025-08-20 15:17:38,363 INFO     ___FILE_ONLY___ role
2025-08-20 15:17:38,363 INFO     ___FILE_ONLY___ :
2025-08-20 15:17:38,363 INFO     ___FILE_ONLY___  
2025-08-20 15:17:38,363 INFO     ___FILE_ONLY___ roles/storage.objectViewer
2025-08-20 15:17:38,363 INFO     ___FILE_ONLY___ 

2025-08-20 15:17:38,363 INFO     ___FILE_ONLY___ etag
2025-08-20 15:17:38,363 INFO     ___FILE_ONLY___ :
2025-08-20 15:17:38,364 INFO     ___FILE_ONLY___  
2025-08-20 15:17:38,364 INFO     ___FILE_ONLY___ BwY8yKdJxM4=
2025-08-20 15:17:38,364 INFO     ___FILE_ONLY___ 

2025-08-20 15:17:38,364 INFO     ___FILE_ONLY___ version
2025-08-20 15:17:38,364 INFO     ___FILE_ONLY___ :
2025-08-20 15:17:38,364 INFO     ___FILE_ONLY___  
2025-08-20 15:17:38,365 INFO     ___FILE_ONLY___ 3
2025-08-20 15:17:38,365 INFO     ___FILE_ONLY___ 

2025-08-20 15:17:38,365 DEBUG    root            SDK update checks are disabled.
