2025-02-25 15:59:09,761 DEBUG    root            Loaded Command Group: ['gcloud', 'projects']
2025-02-25 15:59:09,786 DEBUG    root            Loaded Command Group: ['gcloud', 'projects', 'get_iam_policy']
2025-02-25 15:59:09,787 DEBUG    root            Running [gcloud.projects.get-iam-policy] with arguments: [PROJECT_ID_OR_NUMBER: "hire-enumerator-697cd"]
2025-02-25 15:59:09,851 DEBUG    urllib3.connectionpool Starting new HTTPS connection (1): cloudresourcemanager.googleapis.com:443
2025-02-25 15:59:11,654 DEBUG    urllib3.connectionpool https://cloudresourcemanager.googleapis.com:443 "POST /v1/projects/hire-enumerator-697cd:getIamPolicy?alt=json HTTP/11" 200 None
2025-02-25 15:59:11,656 DEBUG    root            Chosen display Format:default
2025-02-25 15:59:11,657 INFO     root            Display format: "default"
2025-02-25 15:59:11,685 INFO     ___FILE_ONLY___ bindings
2025-02-25 15:59:11,685 INFO     ___FILE_ONLY___ :
2025-02-25 15:59:11,685 INFO     ___FILE_ONLY___ 

2025-02-25 15:59:11,685 INFO     ___FILE_ONLY___ -
2025-02-25 15:59:11,685 INFO     ___FILE_ONLY___  
2025-02-25 15:59:11,685 INFO     ___FILE_ONLY___ members
2025-02-25 15:59:11,685 INFO     ___FILE_ONLY___ :
2025-02-25 15:59:11,685 INFO     ___FILE_ONLY___ 

2025-02-25 15:59:11,685 INFO     ___FILE_ONLY___   
2025-02-25 15:59:11,685 INFO     ___FILE_ONLY___ -
2025-02-25 15:59:11,685 INFO     ___FILE_ONLY___  
2025-02-25 15:59:11,685 INFO     ___FILE_ONLY___ serviceAccount:service-459384010887@gcp-sa-artifactregistry.iam.gserviceaccount.com
2025-02-25 15:59:11,685 INFO     ___FILE_ONLY___ 

2025-02-25 15:59:11,686 INFO     ___FILE_ONLY___   
2025-02-25 15:59:11,686 INFO     ___FILE_ONLY___ role
2025-02-25 15:59:11,686 INFO     ___FILE_ONLY___ :
2025-02-25 15:59:11,686 INFO     ___FILE_ONLY___  
2025-02-25 15:59:11,686 INFO     ___FILE_ONLY___ roles/artifactregistry.serviceAgent
2025-02-25 15:59:11,686 INFO     ___FILE_ONLY___ 

2025-02-25 15:59:11,686 INFO     ___FILE_ONLY___ -
2025-02-25 15:59:11,686 INFO     ___FILE_ONLY___  
2025-02-25 15:59:11,686 INFO     ___FILE_ONLY___ members
2025-02-25 15:59:11,686 INFO     ___FILE_ONLY___ :
2025-02-25 15:59:11,686 INFO     ___FILE_ONLY___ 

2025-02-25 15:59:11,686 INFO     ___FILE_ONLY___   
2025-02-25 15:59:11,686 INFO     ___FILE_ONLY___ -
2025-02-25 15:59:11,686 INFO     ___FILE_ONLY___  
2025-02-25 15:59:11,686 INFO     ___FILE_ONLY___ user:nabin.paudel@neuralgridlabs.com
2025-02-25 15:59:11,686 INFO     ___FILE_ONLY___ 

2025-02-25 15:59:11,686 INFO     ___FILE_ONLY___   
2025-02-25 15:59:11,686 INFO     ___FILE_ONLY___ role
2025-02-25 15:59:11,687 INFO     ___FILE_ONLY___ :
2025-02-25 15:59:11,687 INFO     ___FILE_ONLY___  
2025-02-25 15:59:11,687 INFO     ___FILE_ONLY___ roles/cloudaicompanion.user
2025-02-25 15:59:11,687 INFO     ___FILE_ONLY___ 

2025-02-25 15:59:11,687 INFO     ___FILE_ONLY___ -
2025-02-25 15:59:11,687 INFO     ___FILE_ONLY___  
2025-02-25 15:59:11,687 INFO     ___FILE_ONLY___ members
2025-02-25 15:59:11,687 INFO     ___FILE_ONLY___ :
2025-02-25 15:59:11,687 INFO     ___FILE_ONLY___ 

2025-02-25 15:59:11,687 INFO     ___FILE_ONLY___   
2025-02-25 15:59:11,687 INFO     ___FILE_ONLY___ -
2025-02-25 15:59:11,687 INFO     ___FILE_ONLY___  
2025-02-25 15:59:11,687 INFO     ___FILE_ONLY___ serviceAccount:459384010887@cloudbuild.gserviceaccount.com
2025-02-25 15:59:11,687 INFO     ___FILE_ONLY___ 

2025-02-25 15:59:11,687 INFO     ___FILE_ONLY___   
2025-02-25 15:59:11,687 INFO     ___FILE_ONLY___ role
2025-02-25 15:59:11,688 INFO     ___FILE_ONLY___ :
2025-02-25 15:59:11,688 INFO     ___FILE_ONLY___  
2025-02-25 15:59:11,688 INFO     ___FILE_ONLY___ roles/cloudbuild.builds.builder
2025-02-25 15:59:11,688 INFO     ___FILE_ONLY___ 

2025-02-25 15:59:11,688 INFO     ___FILE_ONLY___ -
2025-02-25 15:59:11,688 INFO     ___FILE_ONLY___  
2025-02-25 15:59:11,688 INFO     ___FILE_ONLY___ members
2025-02-25 15:59:11,688 INFO     ___FILE_ONLY___ :
2025-02-25 15:59:11,688 INFO     ___FILE_ONLY___ 

2025-02-25 15:59:11,688 INFO     ___FILE_ONLY___   
2025-02-25 15:59:11,688 INFO     ___FILE_ONLY___ -
2025-02-25 15:59:11,688 INFO     ___FILE_ONLY___  
2025-02-25 15:59:11,688 INFO     ___FILE_ONLY___ serviceAccount:service-459384010887@gcp-sa-cloudbuild.iam.gserviceaccount.com
2025-02-25 15:59:11,688 INFO     ___FILE_ONLY___ 

2025-02-25 15:59:11,689 INFO     ___FILE_ONLY___   
2025-02-25 15:59:11,689 INFO     ___FILE_ONLY___ role
2025-02-25 15:59:11,689 INFO     ___FILE_ONLY___ :
2025-02-25 15:59:11,689 INFO     ___FILE_ONLY___  
2025-02-25 15:59:11,689 INFO     ___FILE_ONLY___ roles/cloudbuild.serviceAgent
2025-02-25 15:59:11,689 INFO     ___FILE_ONLY___ 

2025-02-25 15:59:11,689 INFO     ___FILE_ONLY___ -
2025-02-25 15:59:11,689 INFO     ___FILE_ONLY___  
2025-02-25 15:59:11,689 INFO     ___FILE_ONLY___ members
2025-02-25 15:59:11,689 INFO     ___FILE_ONLY___ :
2025-02-25 15:59:11,689 INFO     ___FILE_ONLY___ 

2025-02-25 15:59:11,689 INFO     ___FILE_ONLY___   
2025-02-25 15:59:11,689 INFO     ___FILE_ONLY___ -
2025-02-25 15:59:11,689 INFO     ___FILE_ONLY___  
2025-02-25 15:59:11,689 INFO     ___FILE_ONLY___ serviceAccount:firebase-adminsdk-fbsvc@hire-enumerator-697cd.iam.gserviceaccount.com
2025-02-25 15:59:11,689 INFO     ___FILE_ONLY___ 

2025-02-25 15:59:11,690 INFO     ___FILE_ONLY___   
2025-02-25 15:59:11,690 INFO     ___FILE_ONLY___ role
2025-02-25 15:59:11,690 INFO     ___FILE_ONLY___ :
2025-02-25 15:59:11,690 INFO     ___FILE_ONLY___  
2025-02-25 15:59:11,690 INFO     ___FILE_ONLY___ roles/cloudfunctions.admin
2025-02-25 15:59:11,690 INFO     ___FILE_ONLY___ 

2025-02-25 15:59:11,690 INFO     ___FILE_ONLY___ -
2025-02-25 15:59:11,690 INFO     ___FILE_ONLY___  
2025-02-25 15:59:11,690 INFO     ___FILE_ONLY___ members
2025-02-25 15:59:11,690 INFO     ___FILE_ONLY___ :
2025-02-25 15:59:11,690 INFO     ___FILE_ONLY___ 

2025-02-25 15:59:11,690 INFO     ___FILE_ONLY___   
2025-02-25 15:59:11,690 INFO     ___FILE_ONLY___ -
2025-02-25 15:59:11,690 INFO     ___FILE_ONLY___  
2025-02-25 15:59:11,690 INFO     ___FILE_ONLY___ serviceAccount:github-action-924978809@hire-enumerator-697cd.iam.gserviceaccount.com
2025-02-25 15:59:11,691 INFO     ___FILE_ONLY___ 

2025-02-25 15:59:11,691 INFO     ___FILE_ONLY___   
2025-02-25 15:59:11,691 INFO     ___FILE_ONLY___ role
2025-02-25 15:59:11,691 INFO     ___FILE_ONLY___ :
2025-02-25 15:59:11,691 INFO     ___FILE_ONLY___  
2025-02-25 15:59:11,691 INFO     ___FILE_ONLY___ roles/cloudfunctions.developer
2025-02-25 15:59:11,691 INFO     ___FILE_ONLY___ 

2025-02-25 15:59:11,691 INFO     ___FILE_ONLY___ -
2025-02-25 15:59:11,691 INFO     ___FILE_ONLY___  
2025-02-25 15:59:11,691 INFO     ___FILE_ONLY___ members
2025-02-25 15:59:11,691 INFO     ___FILE_ONLY___ :
2025-02-25 15:59:11,691 INFO     ___FILE_ONLY___ 

2025-02-25 15:59:11,691 INFO     ___FILE_ONLY___   
2025-02-25 15:59:11,691 INFO     ___FILE_ONLY___ -
2025-02-25 15:59:11,692 INFO     ___FILE_ONLY___  
2025-02-25 15:59:11,692 INFO     ___FILE_ONLY___ serviceAccount:service-459384010887@containerregistry.iam.gserviceaccount.com
2025-02-25 15:59:11,692 INFO     ___FILE_ONLY___ 

2025-02-25 15:59:11,692 INFO     ___FILE_ONLY___   
2025-02-25 15:59:11,692 INFO     ___FILE_ONLY___ role
2025-02-25 15:59:11,692 INFO     ___FILE_ONLY___ :
2025-02-25 15:59:11,692 INFO     ___FILE_ONLY___  
2025-02-25 15:59:11,692 INFO     ___FILE_ONLY___ roles/containerregistry.ServiceAgent
2025-02-25 15:59:11,692 INFO     ___FILE_ONLY___ 

2025-02-25 15:59:11,692 INFO     ___FILE_ONLY___ -
2025-02-25 15:59:11,692 INFO     ___FILE_ONLY___  
2025-02-25 15:59:11,692 INFO     ___FILE_ONLY___ members
2025-02-25 15:59:11,692 INFO     ___FILE_ONLY___ :
2025-02-25 15:59:11,692 INFO     ___FILE_ONLY___ 

2025-02-25 15:59:11,692 INFO     ___FILE_ONLY___   
2025-02-25 15:59:11,693 INFO     ___FILE_ONLY___ -
2025-02-25 15:59:11,693 INFO     ___FILE_ONLY___  
2025-02-25 15:59:11,693 INFO     ___FILE_ONLY___ serviceAccount:firebase-app-hosting-compute@hire-enumerator-697cd.iam.gserviceaccount.com
2025-02-25 15:59:11,693 INFO     ___FILE_ONLY___ 

2025-02-25 15:59:11,693 INFO     ___FILE_ONLY___   
2025-02-25 15:59:11,693 INFO     ___FILE_ONLY___ role
2025-02-25 15:59:11,693 INFO     ___FILE_ONLY___ :
2025-02-25 15:59:11,693 INFO     ___FILE_ONLY___  
2025-02-25 15:59:11,693 INFO     ___FILE_ONLY___ roles/developerconnect.readTokenAccessor
2025-02-25 15:59:11,693 INFO     ___FILE_ONLY___ 

2025-02-25 15:59:11,693 INFO     ___FILE_ONLY___ -
2025-02-25 15:59:11,693 INFO     ___FILE_ONLY___  
2025-02-25 15:59:11,693 INFO     ___FILE_ONLY___ members
2025-02-25 15:59:11,693 INFO     ___FILE_ONLY___ :
2025-02-25 15:59:11,694 INFO     ___FILE_ONLY___ 

2025-02-25 15:59:11,694 INFO     ___FILE_ONLY___   
2025-02-25 15:59:11,694 INFO     ___FILE_ONLY___ -
2025-02-25 15:59:11,694 INFO     ___FILE_ONLY___  
2025-02-25 15:59:11,694 INFO     ___FILE_ONLY___ serviceAccount:459384010887@cloudservices.gserviceaccount.com
2025-02-25 15:59:11,694 INFO     ___FILE_ONLY___ 

2025-02-25 15:59:11,694 INFO     ___FILE_ONLY___   
2025-02-25 15:59:11,694 INFO     ___FILE_ONLY___ -
2025-02-25 15:59:11,694 INFO     ___FILE_ONLY___  
2025-02-25 15:59:11,694 INFO     ___FILE_ONLY___ user:aadarshsunam.pariyar@neuralgridlabs.com
2025-02-25 15:59:11,694 INFO     ___FILE_ONLY___ 

2025-02-25 15:59:11,694 INFO     ___FILE_ONLY___   
2025-02-25 15:59:11,694 INFO     ___FILE_ONLY___ -
2025-02-25 15:59:11,694 INFO     ___FILE_ONLY___  
2025-02-25 15:59:11,695 INFO     ___FILE_ONLY___ user:sumit.ray@neuralgridlabs.com
2025-02-25 15:59:11,695 INFO     ___FILE_ONLY___ 

2025-02-25 15:59:11,695 INFO     ___FILE_ONLY___   
2025-02-25 15:59:11,695 INFO     ___FILE_ONLY___ -
2025-02-25 15:59:11,695 INFO     ___FILE_ONLY___  
2025-02-25 15:59:11,695 INFO     ___FILE_ONLY___ user:yushna.buddhacharya@neuralgridlabs.com
2025-02-25 15:59:11,695 INFO     ___FILE_ONLY___ 

2025-02-25 15:59:11,695 INFO     ___FILE_ONLY___   
2025-02-25 15:59:11,695 INFO     ___FILE_ONLY___ role
2025-02-25 15:59:11,695 INFO     ___FILE_ONLY___ :
2025-02-25 15:59:11,695 INFO     ___FILE_ONLY___  
2025-02-25 15:59:11,695 INFO     ___FILE_ONLY___ roles/editor
2025-02-25 15:59:11,695 INFO     ___FILE_ONLY___ 

2025-02-25 15:59:11,696 INFO     ___FILE_ONLY___ -
2025-02-25 15:59:11,696 INFO     ___FILE_ONLY___  
2025-02-25 15:59:11,696 INFO     ___FILE_ONLY___ members
2025-02-25 15:59:11,696 INFO     ___FILE_ONLY___ :
2025-02-25 15:59:11,696 INFO     ___FILE_ONLY___ 

2025-02-25 15:59:11,696 INFO     ___FILE_ONLY___   
2025-02-25 15:59:11,696 INFO     ___FILE_ONLY___ -
2025-02-25 15:59:11,696 INFO     ___FILE_ONLY___  
2025-02-25 15:59:11,696 INFO     ___FILE_ONLY___ group:hire-enumerator-dev@neuralgridlabs.com
2025-02-25 15:59:11,696 INFO     ___FILE_ONLY___ 

2025-02-25 15:59:11,696 INFO     ___FILE_ONLY___   
2025-02-25 15:59:11,696 INFO     ___FILE_ONLY___ -
2025-02-25 15:59:11,697 INFO     ___FILE_ONLY___  
2025-02-25 15:59:11,697 INFO     ___FILE_ONLY___ user:nabin.paudel@neuralgridlabs.com
2025-02-25 15:59:11,697 INFO     ___FILE_ONLY___ 

2025-02-25 15:59:11,697 INFO     ___FILE_ONLY___   
2025-02-25 15:59:11,697 INFO     ___FILE_ONLY___ role
2025-02-25 15:59:11,697 INFO     ___FILE_ONLY___ :
2025-02-25 15:59:11,697 INFO     ___FILE_ONLY___  
2025-02-25 15:59:11,697 INFO     ___FILE_ONLY___ roles/firebase.admin
2025-02-25 15:59:11,697 INFO     ___FILE_ONLY___ 

2025-02-25 15:59:11,697 INFO     ___FILE_ONLY___ -
2025-02-25 15:59:11,697 INFO     ___FILE_ONLY___  
2025-02-25 15:59:11,697 INFO     ___FILE_ONLY___ members
2025-02-25 15:59:11,697 INFO     ___FILE_ONLY___ :
2025-02-25 15:59:11,698 INFO     ___FILE_ONLY___ 

2025-02-25 15:59:11,698 INFO     ___FILE_ONLY___   
2025-02-25 15:59:11,698 INFO     ___FILE_ONLY___ -
2025-02-25 15:59:11,698 INFO     ___FILE_ONLY___  
2025-02-25 15:59:11,698 INFO     ___FILE_ONLY___ serviceAccount:service-459384010887@gcp-sa-firebase.iam.gserviceaccount.com
2025-02-25 15:59:11,698 INFO     ___FILE_ONLY___ 

2025-02-25 15:59:11,698 INFO     ___FILE_ONLY___   
2025-02-25 15:59:11,698 INFO     ___FILE_ONLY___ role
2025-02-25 15:59:11,698 INFO     ___FILE_ONLY___ :
2025-02-25 15:59:11,698 INFO     ___FILE_ONLY___  
2025-02-25 15:59:11,698 INFO     ___FILE_ONLY___ roles/firebase.managementServiceAgent
2025-02-25 15:59:11,698 INFO     ___FILE_ONLY___ 

2025-02-25 15:59:11,698 INFO     ___FILE_ONLY___ -
2025-02-25 15:59:11,698 INFO     ___FILE_ONLY___  
2025-02-25 15:59:11,699 INFO     ___FILE_ONLY___ members
2025-02-25 15:59:11,699 INFO     ___FILE_ONLY___ :
2025-02-25 15:59:11,699 INFO     ___FILE_ONLY___ 

2025-02-25 15:59:11,699 INFO     ___FILE_ONLY___   
2025-02-25 15:59:11,699 INFO     ___FILE_ONLY___ -
2025-02-25 15:59:11,699 INFO     ___FILE_ONLY___  
2025-02-25 15:59:11,699 INFO     ___FILE_ONLY___ serviceAccount:firebase-adminsdk-fbsvc@hire-enumerator-697cd.iam.gserviceaccount.com
2025-02-25 15:59:11,699 INFO     ___FILE_ONLY___ 

2025-02-25 15:59:11,699 INFO     ___FILE_ONLY___   
2025-02-25 15:59:11,699 INFO     ___FILE_ONLY___ -
2025-02-25 15:59:11,699 INFO     ___FILE_ONLY___  
2025-02-25 15:59:11,699 INFO     ___FILE_ONLY___ serviceAccount:firebase-app-hosting-compute@hire-enumerator-697cd.iam.gserviceaccount.com
2025-02-25 15:59:11,699 INFO     ___FILE_ONLY___ 

2025-02-25 15:59:11,699 INFO     ___FILE_ONLY___   
2025-02-25 15:59:11,699 INFO     ___FILE_ONLY___ role
2025-02-25 15:59:11,700 INFO     ___FILE_ONLY___ :
2025-02-25 15:59:11,700 INFO     ___FILE_ONLY___  
2025-02-25 15:59:11,700 INFO     ___FILE_ONLY___ roles/firebase.sdkAdminServiceAgent
2025-02-25 15:59:11,700 INFO     ___FILE_ONLY___ 

2025-02-25 15:59:11,700 INFO     ___FILE_ONLY___ -
2025-02-25 15:59:11,700 INFO     ___FILE_ONLY___  
2025-02-25 15:59:11,700 INFO     ___FILE_ONLY___ members
2025-02-25 15:59:11,700 INFO     ___FILE_ONLY___ :
2025-02-25 15:59:11,700 INFO     ___FILE_ONLY___ 

2025-02-25 15:59:11,700 INFO     ___FILE_ONLY___   
2025-02-25 15:59:11,700 INFO     ___FILE_ONLY___ -
2025-02-25 15:59:11,700 INFO     ___FILE_ONLY___  
2025-02-25 15:59:11,700 INFO     ___FILE_ONLY___ serviceAccount:firebase-app-hosting-compute@hire-enumerator-697cd.iam.gserviceaccount.com
2025-02-25 15:59:11,700 INFO     ___FILE_ONLY___ 

2025-02-25 15:59:11,700 INFO     ___FILE_ONLY___   
2025-02-25 15:59:11,701 INFO     ___FILE_ONLY___ role
2025-02-25 15:59:11,701 INFO     ___FILE_ONLY___ :
2025-02-25 15:59:11,701 INFO     ___FILE_ONLY___  
2025-02-25 15:59:11,701 INFO     ___FILE_ONLY___ roles/firebaseapphosting.computeRunner
2025-02-25 15:59:11,701 INFO     ___FILE_ONLY___ 

2025-02-25 15:59:11,701 INFO     ___FILE_ONLY___ -
2025-02-25 15:59:11,701 INFO     ___FILE_ONLY___  
2025-02-25 15:59:11,701 INFO     ___FILE_ONLY___ members
2025-02-25 15:59:11,701 INFO     ___FILE_ONLY___ :
2025-02-25 15:59:11,701 INFO     ___FILE_ONLY___ 

2025-02-25 15:59:11,701 INFO     ___FILE_ONLY___   
2025-02-25 15:59:11,701 INFO     ___FILE_ONLY___ -
2025-02-25 15:59:11,702 INFO     ___FILE_ONLY___  
2025-02-25 15:59:11,702 INFO     ___FILE_ONLY___ serviceAccount:service-459384010887@gcp-sa-firebaseapphosting.iam.gserviceaccount.com
2025-02-25 15:59:11,702 INFO     ___FILE_ONLY___ 

2025-02-25 15:59:11,702 INFO     ___FILE_ONLY___   
2025-02-25 15:59:11,702 INFO     ___FILE_ONLY___ role
2025-02-25 15:59:11,702 INFO     ___FILE_ONLY___ :
2025-02-25 15:59:11,702 INFO     ___FILE_ONLY___  
2025-02-25 15:59:11,702 INFO     ___FILE_ONLY___ roles/firebaseapphosting.serviceAgent
2025-02-25 15:59:11,702 INFO     ___FILE_ONLY___ 

2025-02-25 15:59:11,702 INFO     ___FILE_ONLY___ -
2025-02-25 15:59:11,702 INFO     ___FILE_ONLY___  
2025-02-25 15:59:11,702 INFO     ___FILE_ONLY___ members
2025-02-25 15:59:11,702 INFO     ___FILE_ONLY___ :
2025-02-25 15:59:11,703 INFO     ___FILE_ONLY___ 

2025-02-25 15:59:11,703 INFO     ___FILE_ONLY___   
2025-02-25 15:59:11,703 INFO     ___FILE_ONLY___ -
2025-02-25 15:59:11,703 INFO     ___FILE_ONLY___  
2025-02-25 15:59:11,703 INFO     ___FILE_ONLY___ serviceAccount:firebase-adminsdk-fbsvc@hire-enumerator-697cd.iam.gserviceaccount.com
2025-02-25 15:59:11,703 INFO     ___FILE_ONLY___ 

2025-02-25 15:59:11,703 INFO     ___FILE_ONLY___   
2025-02-25 15:59:11,703 INFO     ___FILE_ONLY___ -
2025-02-25 15:59:11,703 INFO     ___FILE_ONLY___  
2025-02-25 15:59:11,703 INFO     ___FILE_ONLY___ serviceAccount:github-action-924978809@hire-enumerator-697cd.iam.gserviceaccount.com
2025-02-25 15:59:11,703 INFO     ___FILE_ONLY___ 

2025-02-25 15:59:11,703 INFO     ___FILE_ONLY___   
2025-02-25 15:59:11,703 INFO     ___FILE_ONLY___ role
2025-02-25 15:59:11,703 INFO     ___FILE_ONLY___ :
2025-02-25 15:59:11,703 INFO     ___FILE_ONLY___  
2025-02-25 15:59:11,703 INFO     ___FILE_ONLY___ roles/firebaseauth.admin
2025-02-25 15:59:11,704 INFO     ___FILE_ONLY___ 

2025-02-25 15:59:11,704 INFO     ___FILE_ONLY___ -
2025-02-25 15:59:11,704 INFO     ___FILE_ONLY___  
2025-02-25 15:59:11,704 INFO     ___FILE_ONLY___ members
2025-02-25 15:59:11,704 INFO     ___FILE_ONLY___ :
2025-02-25 15:59:11,704 INFO     ___FILE_ONLY___ 

2025-02-25 15:59:11,704 INFO     ___FILE_ONLY___   
2025-02-25 15:59:11,704 INFO     ___FILE_ONLY___ -
2025-02-25 15:59:11,704 INFO     ___FILE_ONLY___  
2025-02-25 15:59:11,704 INFO     ___FILE_ONLY___ serviceAccount:github-action-924978809@hire-enumerator-697cd.iam.gserviceaccount.com
2025-02-25 15:59:11,704 INFO     ___FILE_ONLY___ 

2025-02-25 15:59:11,704 INFO     ___FILE_ONLY___   
2025-02-25 15:59:11,704 INFO     ___FILE_ONLY___ role
2025-02-25 15:59:11,704 INFO     ___FILE_ONLY___ :
2025-02-25 15:59:11,704 INFO     ___FILE_ONLY___  
2025-02-25 15:59:11,705 INFO     ___FILE_ONLY___ roles/firebasehosting.admin
2025-02-25 15:59:11,705 INFO     ___FILE_ONLY___ 

2025-02-25 15:59:11,705 INFO     ___FILE_ONLY___ -
2025-02-25 15:59:11,705 INFO     ___FILE_ONLY___  
2025-02-25 15:59:11,705 INFO     ___FILE_ONLY___ members
2025-02-25 15:59:11,705 INFO     ___FILE_ONLY___ :
2025-02-25 15:59:11,705 INFO     ___FILE_ONLY___ 

2025-02-25 15:59:11,705 INFO     ___FILE_ONLY___   
2025-02-25 15:59:11,705 INFO     ___FILE_ONLY___ -
2025-02-25 15:59:11,705 INFO     ___FILE_ONLY___  
2025-02-25 15:59:11,705 INFO     ___FILE_ONLY___ serviceAccount:service-459384010887@gcp-sa-firebasemods.iam.gserviceaccount.com
2025-02-25 15:59:11,705 INFO     ___FILE_ONLY___ 

2025-02-25 15:59:11,705 INFO     ___FILE_ONLY___   
2025-02-25 15:59:11,705 INFO     ___FILE_ONLY___ role
2025-02-25 15:59:11,706 INFO     ___FILE_ONLY___ :
2025-02-25 15:59:11,706 INFO     ___FILE_ONLY___  
2025-02-25 15:59:11,706 INFO     ___FILE_ONLY___ roles/firebasemods.serviceAgent
2025-02-25 15:59:11,706 INFO     ___FILE_ONLY___ 

2025-02-25 15:59:11,706 INFO     ___FILE_ONLY___ -
2025-02-25 15:59:11,706 INFO     ___FILE_ONLY___  
2025-02-25 15:59:11,706 INFO     ___FILE_ONLY___ members
2025-02-25 15:59:11,706 INFO     ___FILE_ONLY___ :
2025-02-25 15:59:11,706 INFO     ___FILE_ONLY___ 

2025-02-25 15:59:11,706 INFO     ___FILE_ONLY___   
2025-02-25 15:59:11,706 INFO     ___FILE_ONLY___ -
2025-02-25 15:59:11,706 INFO     ___FILE_ONLY___  
2025-02-25 15:59:11,706 INFO     ___FILE_ONLY___ serviceAccount:service-459384010887@firebase-rules.iam.gserviceaccount.com
2025-02-25 15:59:11,706 INFO     ___FILE_ONLY___ 

2025-02-25 15:59:11,706 INFO     ___FILE_ONLY___   
2025-02-25 15:59:11,707 INFO     ___FILE_ONLY___ role
2025-02-25 15:59:11,707 INFO     ___FILE_ONLY___ :
2025-02-25 15:59:11,707 INFO     ___FILE_ONLY___  
2025-02-25 15:59:11,707 INFO     ___FILE_ONLY___ roles/firebaserules.system
2025-02-25 15:59:11,707 INFO     ___FILE_ONLY___ 

2025-02-25 15:59:11,707 INFO     ___FILE_ONLY___ -
2025-02-25 15:59:11,707 INFO     ___FILE_ONLY___  
2025-02-25 15:59:11,707 INFO     ___FILE_ONLY___ members
2025-02-25 15:59:11,707 INFO     ___FILE_ONLY___ :
2025-02-25 15:59:11,707 INFO     ___FILE_ONLY___ 

2025-02-25 15:59:11,707 INFO     ___FILE_ONLY___   
2025-02-25 15:59:11,707 INFO     ___FILE_ONLY___ -
2025-02-25 15:59:11,707 INFO     ___FILE_ONLY___  
2025-02-25 15:59:11,707 INFO     ___FILE_ONLY___ serviceAccount:service-459384010887@gcp-sa-firebasestorage.iam.gserviceaccount.com
2025-02-25 15:59:11,707 INFO     ___FILE_ONLY___ 

2025-02-25 15:59:11,707 INFO     ___FILE_ONLY___   
2025-02-25 15:59:11,708 INFO     ___FILE_ONLY___ role
2025-02-25 15:59:11,708 INFO     ___FILE_ONLY___ :
2025-02-25 15:59:11,708 INFO     ___FILE_ONLY___  
2025-02-25 15:59:11,708 INFO     ___FILE_ONLY___ roles/firebasestorage.serviceAgent
2025-02-25 15:59:11,708 INFO     ___FILE_ONLY___ 

2025-02-25 15:59:11,708 INFO     ___FILE_ONLY___ -
2025-02-25 15:59:11,708 INFO     ___FILE_ONLY___  
2025-02-25 15:59:11,708 INFO     ___FILE_ONLY___ members
2025-02-25 15:59:11,708 INFO     ___FILE_ONLY___ :
2025-02-25 15:59:11,708 INFO     ___FILE_ONLY___ 

2025-02-25 15:59:11,708 INFO     ___FILE_ONLY___   
2025-02-25 15:59:11,708 INFO     ___FILE_ONLY___ -
2025-02-25 15:59:11,708 INFO     ___FILE_ONLY___  
2025-02-25 15:59:11,708 INFO     ___FILE_ONLY___ serviceAccount:service-459384010887@gcp-sa-firestore.iam.gserviceaccount.com
2025-02-25 15:59:11,708 INFO     ___FILE_ONLY___ 

2025-02-25 15:59:11,708 INFO     ___FILE_ONLY___   
2025-02-25 15:59:11,709 INFO     ___FILE_ONLY___ role
2025-02-25 15:59:11,709 INFO     ___FILE_ONLY___ :
2025-02-25 15:59:11,709 INFO     ___FILE_ONLY___  
2025-02-25 15:59:11,709 INFO     ___FILE_ONLY___ roles/firestore.serviceAgent
2025-02-25 15:59:11,709 INFO     ___FILE_ONLY___ 

2025-02-25 15:59:11,709 INFO     ___FILE_ONLY___ -
2025-02-25 15:59:11,709 INFO     ___FILE_ONLY___  
2025-02-25 15:59:11,709 INFO     ___FILE_ONLY___ members
2025-02-25 15:59:11,709 INFO     ___FILE_ONLY___ :
2025-02-25 15:59:11,709 INFO     ___FILE_ONLY___ 

2025-02-25 15:59:11,709 INFO     ___FILE_ONLY___   
2025-02-25 15:59:11,710 INFO     ___FILE_ONLY___ -
2025-02-25 15:59:11,710 INFO     ___FILE_ONLY___  
2025-02-25 15:59:11,710 INFO     ___FILE_ONLY___ serviceAccount:firebase-adminsdk-fbsvc@hire-enumerator-697cd.iam.gserviceaccount.com
2025-02-25 15:59:11,710 INFO     ___FILE_ONLY___ 

2025-02-25 15:59:11,710 INFO     ___FILE_ONLY___   
2025-02-25 15:59:11,710 INFO     ___FILE_ONLY___ role
2025-02-25 15:59:11,710 INFO     ___FILE_ONLY___ :
2025-02-25 15:59:11,710 INFO     ___FILE_ONLY___  
2025-02-25 15:59:11,710 INFO     ___FILE_ONLY___ roles/iam.serviceAccountTokenCreator
2025-02-25 15:59:11,710 INFO     ___FILE_ONLY___ 

2025-02-25 15:59:11,710 INFO     ___FILE_ONLY___ -
2025-02-25 15:59:11,710 INFO     ___FILE_ONLY___  
2025-02-25 15:59:11,711 INFO     ___FILE_ONLY___ members
2025-02-25 15:59:11,711 INFO     ___FILE_ONLY___ :
2025-02-25 15:59:11,711 INFO     ___FILE_ONLY___ 

2025-02-25 15:59:11,711 INFO     ___FILE_ONLY___   
2025-02-25 15:59:11,711 INFO     ___FILE_ONLY___ -
2025-02-25 15:59:11,711 INFO     ___FILE_ONLY___  
2025-02-25 15:59:11,711 INFO     ___FILE_ONLY___ user:admin@neuralgridlabs.com
2025-02-25 15:59:11,711 INFO     ___FILE_ONLY___ 

2025-02-25 15:59:11,711 INFO     ___FILE_ONLY___   
2025-02-25 15:59:11,711 INFO     ___FILE_ONLY___ -
2025-02-25 15:59:11,711 INFO     ___FILE_ONLY___  
2025-02-25 15:59:11,711 INFO     ___FILE_ONLY___ user:sagol@neuralgridlabs.com
2025-02-25 15:59:11,711 INFO     ___FILE_ONLY___ 

2025-02-25 15:59:11,712 INFO     ___FILE_ONLY___   
2025-02-25 15:59:11,712 INFO     ___FILE_ONLY___ -
2025-02-25 15:59:11,712 INFO     ___FILE_ONLY___  
2025-02-25 15:59:11,712 INFO     ___FILE_ONLY___ user:yogen@neuralgridlabs.com
2025-02-25 15:59:11,712 INFO     ___FILE_ONLY___ 

2025-02-25 15:59:11,712 INFO     ___FILE_ONLY___   
2025-02-25 15:59:11,712 INFO     ___FILE_ONLY___ role
2025-02-25 15:59:11,712 INFO     ___FILE_ONLY___ :
2025-02-25 15:59:11,712 INFO     ___FILE_ONLY___  
2025-02-25 15:59:11,712 INFO     ___FILE_ONLY___ roles/owner
2025-02-25 15:59:11,712 INFO     ___FILE_ONLY___ 

2025-02-25 15:59:11,712 INFO     ___FILE_ONLY___ -
2025-02-25 15:59:11,712 INFO     ___FILE_ONLY___  
2025-02-25 15:59:11,713 INFO     ___FILE_ONLY___ members
2025-02-25 15:59:11,713 INFO     ___FILE_ONLY___ :
2025-02-25 15:59:11,713 INFO     ___FILE_ONLY___ 

2025-02-25 15:59:11,713 INFO     ___FILE_ONLY___   
2025-02-25 15:59:11,713 INFO     ___FILE_ONLY___ -
2025-02-25 15:59:11,713 INFO     ___FILE_ONLY___  
2025-02-25 15:59:11,713 INFO     ___FILE_ONLY___ serviceAccount:service-459384010887@serverless-robot-prod.iam.gserviceaccount.com
2025-02-25 15:59:11,713 INFO     ___FILE_ONLY___ 

2025-02-25 15:59:11,713 INFO     ___FILE_ONLY___   
2025-02-25 15:59:11,713 INFO     ___FILE_ONLY___ role
2025-02-25 15:59:11,713 INFO     ___FILE_ONLY___ :
2025-02-25 15:59:11,713 INFO     ___FILE_ONLY___  
2025-02-25 15:59:11,713 INFO     ___FILE_ONLY___ roles/run.serviceAgent
2025-02-25 15:59:11,713 INFO     ___FILE_ONLY___ 

2025-02-25 15:59:11,713 INFO     ___FILE_ONLY___ -
2025-02-25 15:59:11,714 INFO     ___FILE_ONLY___  
2025-02-25 15:59:11,714 INFO     ___FILE_ONLY___ members
2025-02-25 15:59:11,714 INFO     ___FILE_ONLY___ :
2025-02-25 15:59:11,714 INFO     ___FILE_ONLY___ 

2025-02-25 15:59:11,714 INFO     ___FILE_ONLY___   
2025-02-25 15:59:11,714 INFO     ___FILE_ONLY___ -
2025-02-25 15:59:11,714 INFO     ___FILE_ONLY___  
2025-02-25 15:59:11,714 INFO     ___FILE_ONLY___ serviceAccount:github-action-924978809@hire-enumerator-697cd.iam.gserviceaccount.com
2025-02-25 15:59:11,714 INFO     ___FILE_ONLY___ 

2025-02-25 15:59:11,714 INFO     ___FILE_ONLY___   
2025-02-25 15:59:11,714 INFO     ___FILE_ONLY___ role
2025-02-25 15:59:11,714 INFO     ___FILE_ONLY___ :
2025-02-25 15:59:11,714 INFO     ___FILE_ONLY___  
2025-02-25 15:59:11,714 INFO     ___FILE_ONLY___ roles/run.viewer
2025-02-25 15:59:11,715 INFO     ___FILE_ONLY___ 

2025-02-25 15:59:11,715 INFO     ___FILE_ONLY___ -
2025-02-25 15:59:11,715 INFO     ___FILE_ONLY___  
2025-02-25 15:59:11,715 INFO     ___FILE_ONLY___ condition
2025-02-25 15:59:11,715 INFO     ___FILE_ONLY___ :
2025-02-25 15:59:11,715 INFO     ___FILE_ONLY___ 

2025-02-25 15:59:11,715 INFO     ___FILE_ONLY___     
2025-02-25 15:59:11,715 INFO     ___FILE_ONLY___ expression
2025-02-25 15:59:11,715 INFO     ___FILE_ONLY___ :
2025-02-25 15:59:11,715 INFO     ___FILE_ONLY___  
2025-02-25 15:59:11,715 INFO     ___FILE_ONLY___ request.time
2025-02-25 15:59:11,715 INFO     ___FILE_ONLY___  
2025-02-25 15:59:11,715 INFO     ___FILE_ONLY___ <
2025-02-25 15:59:11,716 INFO     ___FILE_ONLY___  
2025-02-25 15:59:11,716 INFO     ___FILE_ONLY___ timestamp("2025-02-02T02:35:19.095Z")
2025-02-25 15:59:11,716 INFO     ___FILE_ONLY___ 

2025-02-25 15:59:11,716 INFO     ___FILE_ONLY___     
2025-02-25 15:59:11,716 INFO     ___FILE_ONLY___ title
2025-02-25 15:59:11,716 INFO     ___FILE_ONLY___ :
2025-02-25 15:59:11,716 INFO     ___FILE_ONLY___  
2025-02-25 15:59:11,716 INFO     ___FILE_ONLY___ developer-connect-connection-setup
2025-02-25 15:59:11,716 INFO     ___FILE_ONLY___ 

2025-02-25 15:59:11,716 INFO     ___FILE_ONLY___   
2025-02-25 15:59:11,716 INFO     ___FILE_ONLY___ members
2025-02-25 15:59:11,716 INFO     ___FILE_ONLY___ :
2025-02-25 15:59:11,717 INFO     ___FILE_ONLY___ 

2025-02-25 15:59:11,717 INFO     ___FILE_ONLY___   
2025-02-25 15:59:11,717 INFO     ___FILE_ONLY___ -
2025-02-25 15:59:11,717 INFO     ___FILE_ONLY___  
2025-02-25 15:59:11,717 INFO     ___FILE_ONLY___ serviceAccount:service-459384010887@gcp-sa-devconnect.iam.gserviceaccount.com
2025-02-25 15:59:11,717 INFO     ___FILE_ONLY___ 

2025-02-25 15:59:11,717 INFO     ___FILE_ONLY___   
2025-02-25 15:59:11,717 INFO     ___FILE_ONLY___ role
2025-02-25 15:59:11,717 INFO     ___FILE_ONLY___ :
2025-02-25 15:59:11,717 INFO     ___FILE_ONLY___  
2025-02-25 15:59:11,717 INFO     ___FILE_ONLY___ roles/secretmanager.admin
2025-02-25 15:59:11,717 INFO     ___FILE_ONLY___ 

2025-02-25 15:59:11,717 INFO     ___FILE_ONLY___ -
2025-02-25 15:59:11,717 INFO     ___FILE_ONLY___  
2025-02-25 15:59:11,717 INFO     ___FILE_ONLY___ members
2025-02-25 15:59:11,717 INFO     ___FILE_ONLY___ :
2025-02-25 15:59:11,717 INFO     ___FILE_ONLY___ 

2025-02-25 15:59:11,718 INFO     ___FILE_ONLY___   
2025-02-25 15:59:11,718 INFO     ___FILE_ONLY___ -
2025-02-25 15:59:11,718 INFO     ___FILE_ONLY___  
2025-02-25 15:59:11,718 INFO     ___FILE_ONLY___ serviceAccount:github-action-924978809@hire-enumerator-697cd.iam.gserviceaccount.com
2025-02-25 15:59:11,718 INFO     ___FILE_ONLY___ 

2025-02-25 15:59:11,718 INFO     ___FILE_ONLY___   
2025-02-25 15:59:11,718 INFO     ___FILE_ONLY___ role
2025-02-25 15:59:11,718 INFO     ___FILE_ONLY___ :
2025-02-25 15:59:11,718 INFO     ___FILE_ONLY___  
2025-02-25 15:59:11,718 INFO     ___FILE_ONLY___ roles/serviceusage.apiKeysViewer
2025-02-25 15:59:11,718 INFO     ___FILE_ONLY___ 

2025-02-25 15:59:11,718 INFO     ___FILE_ONLY___ -
2025-02-25 15:59:11,718 INFO     ___FILE_ONLY___  
2025-02-25 15:59:11,718 INFO     ___FILE_ONLY___ members
2025-02-25 15:59:11,719 INFO     ___FILE_ONLY___ :
2025-02-25 15:59:11,719 INFO     ___FILE_ONLY___ 

2025-02-25 15:59:11,719 INFO     ___FILE_ONLY___   
2025-02-25 15:59:11,719 INFO     ___FILE_ONLY___ -
2025-02-25 15:59:11,719 INFO     ___FILE_ONLY___  
2025-02-25 15:59:11,719 INFO     ___FILE_ONLY___ serviceAccount:github-action-924978809@hire-enumerator-697cd.iam.gserviceaccount.com
2025-02-25 15:59:11,719 INFO     ___FILE_ONLY___ 

2025-02-25 15:59:11,719 INFO     ___FILE_ONLY___   
2025-02-25 15:59:11,719 INFO     ___FILE_ONLY___ role
2025-02-25 15:59:11,719 INFO     ___FILE_ONLY___ :
2025-02-25 15:59:11,719 INFO     ___FILE_ONLY___  
2025-02-25 15:59:11,719 INFO     ___FILE_ONLY___ roles/serviceusage.serviceUsageConsumer
2025-02-25 15:59:11,719 INFO     ___FILE_ONLY___ 

2025-02-25 15:59:11,719 INFO     ___FILE_ONLY___ -
2025-02-25 15:59:11,719 INFO     ___FILE_ONLY___  
2025-02-25 15:59:11,720 INFO     ___FILE_ONLY___ members
2025-02-25 15:59:11,720 INFO     ___FILE_ONLY___ :
2025-02-25 15:59:11,720 INFO     ___FILE_ONLY___ 

2025-02-25 15:59:11,720 INFO     ___FILE_ONLY___   
2025-02-25 15:59:11,720 INFO     ___FILE_ONLY___ -
2025-02-25 15:59:11,720 INFO     ___FILE_ONLY___  
2025-02-25 15:59:11,720 INFO     ___FILE_ONLY___ serviceAccount:firebase-adminsdk-fbsvc@hire-enumerator-697cd.iam.gserviceaccount.com
2025-02-25 15:59:11,720 INFO     ___FILE_ONLY___ 

2025-02-25 15:59:11,720 INFO     ___FILE_ONLY___   
2025-02-25 15:59:11,720 INFO     ___FILE_ONLY___ role
2025-02-25 15:59:11,720 INFO     ___FILE_ONLY___ :
2025-02-25 15:59:11,720 INFO     ___FILE_ONLY___  
2025-02-25 15:59:11,720 INFO     ___FILE_ONLY___ roles/storage.admin
2025-02-25 15:59:11,720 INFO     ___FILE_ONLY___ 

2025-02-25 15:59:11,720 INFO     ___FILE_ONLY___ etag
2025-02-25 15:59:11,721 INFO     ___FILE_ONLY___ :
2025-02-25 15:59:11,721 INFO     ___FILE_ONLY___  
2025-02-25 15:59:11,721 INFO     ___FILE_ONLY___ BwYu7hML41U=
2025-02-25 15:59:11,721 INFO     ___FILE_ONLY___ 

2025-02-25 15:59:11,721 INFO     ___FILE_ONLY___ version
2025-02-25 15:59:11,721 INFO     ___FILE_ONLY___ :
2025-02-25 15:59:11,721 INFO     ___FILE_ONLY___  
2025-02-25 15:59:11,721 INFO     ___FILE_ONLY___ 3
2025-02-25 15:59:11,721 INFO     ___FILE_ONLY___ 

2025-02-25 15:59:11,721 DEBUG    root            SDK update checks are disabled.
