2025-02-25 15:57:31,618 DEBUG    root            Loaded Command Group: ['gcloud', 'projects']
2025-02-25 15:57:31,685 DEBUG    root            Loaded Command Group: ['gcloud', 'projects', 'add_iam_policy_binding']
2025-02-25 15:57:31,696 DEBUG    root            Running [gcloud.projects.add-iam-policy-binding] with arguments: [--member: "user:nabin.paudel@neuralgridlabs.com", --role: "roles/iam.serviceAccountUser", PROJECT_ID: "hire-enumerator-697cd"]
2025-02-25 15:57:31,746 DEBUG    urllib3.connectionpool Starting new HTTPS connection (1): cloudresourcemanager.googleapis.com:443
2025-02-25 15:57:33,331 DEBUG    urllib3.connectionpool https://cloudresourcemanager.googleapis.com:443 "POST /v1/projects/hire-enumerator-697cd:getIamPolicy?alt=json HTTP/11" 200 None
2025-02-25 15:57:35,739 DEBUG    urllib3.connectionpool Starting new HTTPS connection (1): cloudresourcemanager.googleapis.com:443
2025-02-25 15:57:38,101 DEBUG    urllib3.connectionpool https://cloudresourcemanager.googleapis.com:443 "POST /v1/projects/hire-enumerator-697cd:setIamPolicy?alt=json HTTP/11" 403 None
2025-02-25 15:57:38,102 DEBUG    root            (gcloud.projects.add-iam-policy-binding) [nabin.paudel@neuralgridlabs.com] does not have permission to access projects instance [hire-enumerator-697cd:setIamPolicy] (or it may not exist): Policy update access denied. This command is authenticated as nabin.paudel@neuralgridlabs.com which is the active account specified by the [core/account] property.
Traceback (most recent call last):
  File "/opt/google-cloud-cli/lib/googlecloudsdk/calliope/cli.py", line 981, in Execute
    resources = calliope_command.Run(cli=self, args=args)
                ^^^^^^^^^^^^^^^^^^^^^^^^^^^^^^^^^^^^^^^^^
  File "/opt/google-cloud-cli/lib/googlecloudsdk/calliope/backend.py", line 934, in Run
    resources = command_instance.Run(args)
                ^^^^^^^^^^^^^^^^^^^^^^^^^^
  File "/opt/google-cloud-cli/lib/googlecloudsdk/command_lib/util/apis/yaml_command_translator.py", line 1375, in Run
    ref, response = self._CommonRun(args)
                    ^^^^^^^^^^^^^^^^^^^^^
  File "/opt/google-cloud-cli/lib/googlecloudsdk/command_lib/util/apis/yaml_command_translator.py", line 455, in _CommonRun
    response = method.Call(
               ^^^^^^^^^^^^
  File "/opt/google-cloud-cli/lib/googlecloudsdk/command_lib/util/apis/registry.py", line 341, in Call
    return request_func(global_params=global_params)
           ^^^^^^^^^^^^^^^^^^^^^^^^^^^^^^^^^^^^^^^^^
  File "/opt/google-cloud-cli/lib/googlecloudsdk/command_lib/util/apis/registry.py", line 404, in RequestFunc
    return method(request, global_params=global_params)
           ^^^^^^^^^^^^^^^^^^^^^^^^^^^^^^^^^^^^^^^^^^^^
  File "/opt/google-cloud-cli/lib/googlecloudsdk/generated_clients/apis/cloudresourcemanager/v1/cloudresourcemanager_v1_client.py", line 966, in SetIamPolicy
    return self._RunMethod(
           ^^^^^^^^^^^^^^^^
  File "/opt/google-cloud-cli/lib/third_party/apitools/base/py/base_api.py", line 747, in _RunMethod
    return self.ProcessHttpResponse(method_config, http_response, request)
           ^^^^^^^^^^^^^^^^^^^^^^^^^^^^^^^^^^^^^^^^^^^^^^^^^^^^^^^^^^^^^^^
  File "/opt/google-cloud-cli/lib/third_party/apitools/base/py/base_api.py", line 753, in ProcessHttpResponse
    self.__ProcessHttpResponse(method_config, http_response, request))
    ^^^^^^^^^^^^^^^^^^^^^^^^^^^^^^^^^^^^^^^^^^^^^^^^^^^^^^^^^^^^^^^^^
  File "/opt/google-cloud-cli/lib/third_party/apitools/base/py/base_api.py", line 612, in __ProcessHttpResponse
    raise exceptions.HttpError.FromResponse(
apitools.base.py.exceptions.HttpForbiddenError: HttpError accessing <https://cloudresourcemanager.googleapis.com/v1/projects/hire-enumerator-697cd:setIamPolicy?alt=json>: response: <{'vary': 'Origin, X-Origin, Referer', 'content-type': 'application/json; charset=UTF-8', 'content-encoding': 'gzip', 'date': 'Tue, 25 Feb 2025 10:12:37 GMT', 'server': 'ESF', 'x-xss-protection': '0', 'x-frame-options': 'SAMEORIGIN', 'x-content-type-options': 'nosniff', 'server-timing': 'gfet4t7; dur=2203', 'alt-svc': 'h3=":443"; ma=2592000,h3-29=":443"; ma=2592000', 'transfer-encoding': 'chunked', 'status': 403}>, content <{
  "error": {
    "code": 403,
    "message": "Policy update access denied.",
    "status": "PERMISSION_DENIED"
  }
}
>
2025-02-25 15:57:38,104 ERROR    root            (gcloud.projects.add-iam-policy-binding) [nabin.paudel@neuralgridlabs.com] does not have permission to access projects instance [hire-enumerator-697cd:setIamPolicy] (or it may not exist): Policy update access denied. This command is authenticated as nabin.paudel@neuralgridlabs.com which is the active account specified by the [core/account] property.
