2025-08-21 12:14:36,002 DEBUG    root            Loaded Command Group: ['gcloud', 'components']
2025-08-21 12:14:36,005 DEBUG    root            Loaded Command Group: ['gcloud', 'components', 'install']
2025-08-21 12:14:36,007 DEBUG    root            Running [gcloud.components.install] with arguments: [--quiet: "True", COMPONENT-IDS:1: "['gke-gcloud-auth-plugin']"]
2025-08-21 12:14:36,129 DEBUG    urllib3.connectionpool Starting new HTTPS connection (1): dl.google.com:443
2025-08-21 12:14:36,341 DEBUG    urllib3.connectionpool https://dl.google.com:443 "GET /dl/cloudsdk/channels/rapid/components-v535.0.0.json HTTP/11" 200 233150
2025-08-21 12:14:36,473 INFO     ___FILE_ONLY___ 

2025-08-21 12:14:36,473 INFO     ___FILE_ONLY___ 
Your current Google Cloud CLI version is: 535.0.0

2025-08-21 12:14:36,473 INFO     ___FILE_ONLY___ Installing components from version: 535.0.0

2025-08-21 12:14:36,473 INFO     ___FILE_ONLY___ 

2025-08-21 12:14:36,474 DEBUG    root            Chosen display Format:table[box,title="These components will be removed."](details.display_name:label=Name:align=left,version.version_string:label=Version:align=right,data.size.size(zero="",min=1048576):label=Size:align=right)
2025-08-21 12:14:36,474 DEBUG    root            Chosen display Format:table[box,title="These components will be updated."](details.display_name:label=Name:align=left,version.version_string:label=Version:align=right,data.size.size(zero="",min=1048576):label=Size:align=right)
2025-08-21 12:14:36,475 DEBUG    root            Chosen display Format:table[box,title="These components will be installed."](details.display_name:label=Name:align=left,version.version_string:label=Version:align=right,data.size.size(zero="",min=1048576):label=Size:align=right)
2025-08-21 12:14:36,523 INFO     ___FILE_ONLY___ ┌────────────────────────────────────────────────────────────────┐
2025-08-21 12:14:36,524 INFO     ___FILE_ONLY___ 

2025-08-21 12:14:36,524 INFO     ___FILE_ONLY___ │              These components will be installed.               │
2025-08-21 12:14:36,524 INFO     ___FILE_ONLY___ 

2025-08-21 12:14:36,524 INFO     ___FILE_ONLY___ ├────────────────────────────────────────────┬─────────┬─────────┤
2025-08-21 12:14:36,524 INFO     ___FILE_ONLY___ 

2025-08-21 12:14:36,524 INFO     ___FILE_ONLY___ │                    Name                    │ Version │   Size  │
2025-08-21 12:14:36,524 INFO     ___FILE_ONLY___ 

2025-08-21 12:14:36,524 INFO     ___FILE_ONLY___ ├────────────────────────────────────────────┼─────────┼─────────┤
2025-08-21 12:14:36,524 INFO     ___FILE_ONLY___ 

2025-08-21 12:14:36,524 INFO     ___FILE_ONLY___ │ 
2025-08-21 12:14:36,524 INFO     ___FILE_ONLY___ gke-gcloud-auth-plugin (Platform Specific)
2025-08-21 12:14:36,524 INFO     ___FILE_ONLY___  
2025-08-21 12:14:36,524 INFO     ___FILE_ONLY___ │ 
2025-08-21 12:14:36,524 INFO     ___FILE_ONLY___  0.5.10
2025-08-21 12:14:36,524 INFO     ___FILE_ONLY___  
2025-08-21 12:14:36,524 INFO     ___FILE_ONLY___ │ 
2025-08-21 12:14:36,525 INFO     ___FILE_ONLY___ 3.5 MiB
2025-08-21 12:14:36,525 INFO     ___FILE_ONLY___  
2025-08-21 12:14:36,525 INFO     ___FILE_ONLY___ │
2025-08-21 12:14:36,525 INFO     ___FILE_ONLY___ 

2025-08-21 12:14:36,525 INFO     ___FILE_ONLY___ └────────────────────────────────────────────┴─────────┴─────────┘
2025-08-21 12:14:36,525 INFO     ___FILE_ONLY___ 

2025-08-21 12:14:36,525 INFO     ___FILE_ONLY___ 

2025-08-21 12:14:36,527 DEBUG    urllib3.connectionpool Starting new HTTPS connection (1): dl.google.com:443
2025-08-21 12:14:36,749 DEBUG    urllib3.connectionpool https://dl.google.com:443 "GET /dl/cloudsdk/channels/rapid/RELEASE_NOTES HTTP/11" 200 1469015
2025-08-21 12:14:37,602 INFO     ___FILE_ONLY___ For the latest full release notes, please visit:
  https://cloud.google.com/sdk/release_notes


2025-08-21 12:14:37,602 INFO     ___FILE_ONLY___ Performing in place update...


2025-08-21 12:14:37,602 INFO     ___FILE_ONLY___ ╔════════════════════════════════════════════════════════════╗

2025-08-21 12:14:37,602 INFO     ___FILE_ONLY___ ╠═ Downloading: gke-gcloud-auth-plugin                      ═╣

2025-08-21 12:14:37,602 INFO     ___FILE_ONLY___ ╚
2025-08-21 12:14:37,602 INFO     ___FILE_ONLY___ ════════════════════════════════════════════════════════════
2025-08-21 12:14:37,602 INFO     ___FILE_ONLY___ ╝

2025-08-21 12:14:37,603 INFO     ___FILE_ONLY___ ╔════════════════════════════════════════════════════════════╗

2025-08-21 12:14:37,603 INFO     ___FILE_ONLY___ ╠═ Downloading: gke-gcloud-auth-plugin (Platform Specific)  ═╣

2025-08-21 12:14:37,603 INFO     ___FILE_ONLY___ ╚
2025-08-21 12:14:37,606 DEBUG    urllib3.connectionpool Starting new HTTPS connection (1): dl.google.com:443
2025-08-21 12:14:37,826 DEBUG    urllib3.connectionpool https://dl.google.com:443 "GET /dl/cloudsdk/channels/rapid/components/google-cloud-sdk-gke-gcloud-auth-plugin-linux-x86_64-20250117151628.tar.gz HTTP/11" 200 3667085
2025-08-21 12:14:38,340 INFO     ___FILE_ONLY___ ═
2025-08-21 12:14:38,341 INFO     ___FILE_ONLY___ ═
2025-08-21 12:14:38,341 INFO     ___FILE_ONLY___ ═
2025-08-21 12:14:38,341 INFO     ___FILE_ONLY___ ═
2025-08-21 12:14:38,341 INFO     ___FILE_ONLY___ ═
2025-08-21 12:14:38,341 INFO     ___FILE_ONLY___ ═
2025-08-21 12:14:38,341 INFO     ___FILE_ONLY___ ═
2025-08-21 12:14:38,341 INFO     ___FILE_ONLY___ ═
2025-08-21 12:14:38,341 INFO     ___FILE_ONLY___ ═
2025-08-21 12:14:38,341 INFO     ___FILE_ONLY___ ═
2025-08-21 12:14:38,341 INFO     ___FILE_ONLY___ ═
2025-08-21 12:14:38,341 INFO     ___FILE_ONLY___ ═
2025-08-21 12:14:38,341 INFO     ___FILE_ONLY___ ═
2025-08-21 12:14:38,341 INFO     ___FILE_ONLY___ ═
2025-08-21 12:14:38,341 INFO     ___FILE_ONLY___ ═
2025-08-21 12:14:38,341 INFO     ___FILE_ONLY___ ═
2025-08-21 12:14:38,341 INFO     ___FILE_ONLY___ ═
2025-08-21 12:14:38,341 INFO     ___FILE_ONLY___ ═
2025-08-21 12:14:38,342 INFO     ___FILE_ONLY___ ═
2025-08-21 12:14:38,342 INFO     ___FILE_ONLY___ ═
2025-08-21 12:14:38,342 INFO     ___FILE_ONLY___ ═
2025-08-21 12:14:38,342 INFO     ___FILE_ONLY___ ═
2025-08-21 12:14:38,342 INFO     ___FILE_ONLY___ ═
2025-08-21 12:14:38,342 INFO     ___FILE_ONLY___ ═
2025-08-21 12:14:38,342 INFO     ___FILE_ONLY___ ═
2025-08-21 12:14:38,342 INFO     ___FILE_ONLY___ ═
2025-08-21 12:14:38,342 INFO     ___FILE_ONLY___ ═
2025-08-21 12:14:38,342 INFO     ___FILE_ONLY___ ═
2025-08-21 12:14:38,342 INFO     ___FILE_ONLY___ ═
2025-08-21 12:14:38,342 INFO     ___FILE_ONLY___ ═
2025-08-21 12:14:38,342 INFO     ___FILE_ONLY___ ═
2025-08-21 12:14:38,342 INFO     ___FILE_ONLY___ ═
2025-08-21 12:14:38,342 INFO     ___FILE_ONLY___ ═
2025-08-21 12:14:38,362 INFO     ___FILE_ONLY___ ═
2025-08-21 12:14:38,362 INFO     ___FILE_ONLY___ ═
2025-08-21 12:14:38,362 INFO     ___FILE_ONLY___ ═
2025-08-21 12:14:38,362 INFO     ___FILE_ONLY___ ═
2025-08-21 12:14:38,362 INFO     ___FILE_ONLY___ ═
2025-08-21 12:14:38,362 INFO     ___FILE_ONLY___ ═
2025-08-21 12:14:38,362 INFO     ___FILE_ONLY___ ═
2025-08-21 12:14:38,363 INFO     ___FILE_ONLY___ ═
2025-08-21 12:14:38,363 INFO     ___FILE_ONLY___ ═
2025-08-21 12:14:38,363 INFO     ___FILE_ONLY___ ═
2025-08-21 12:14:38,363 INFO     ___FILE_ONLY___ ═
2025-08-21 12:14:38,363 INFO     ___FILE_ONLY___ ═
2025-08-21 12:14:38,363 INFO     ___FILE_ONLY___ ═
2025-08-21 12:14:38,363 INFO     ___FILE_ONLY___ ═
2025-08-21 12:14:38,363 INFO     ___FILE_ONLY___ ═
2025-08-21 12:14:38,363 INFO     ___FILE_ONLY___ ═
2025-08-21 12:14:38,363 INFO     ___FILE_ONLY___ ═
2025-08-21 12:14:38,363 INFO     ___FILE_ONLY___ ═
2025-08-21 12:14:38,363 INFO     ___FILE_ONLY___ ═
2025-08-21 12:14:38,363 INFO     ___FILE_ONLY___ ═
2025-08-21 12:14:38,363 INFO     ___FILE_ONLY___ ═
2025-08-21 12:14:38,363 INFO     ___FILE_ONLY___ ═
2025-08-21 12:14:38,363 INFO     ___FILE_ONLY___ ═
2025-08-21 12:14:38,364 INFO     ___FILE_ONLY___ ═
2025-08-21 12:14:38,364 INFO     ___FILE_ONLY___ ═
2025-08-21 12:14:38,364 INFO     ___FILE_ONLY___ ═
2025-08-21 12:14:38,364 INFO     ___FILE_ONLY___ ═
2025-08-21 12:14:38,364 INFO     ___FILE_ONLY___ ╝

2025-08-21 12:14:38,364 INFO     ___FILE_ONLY___ ╔════════════════════════════════════════════════════════════╗

2025-08-21 12:14:38,364 INFO     ___FILE_ONLY___ ╠═ Installing: gke-gcloud-auth-plugin                       ═╣

2025-08-21 12:14:38,364 INFO     ___FILE_ONLY___ ╚
2025-08-21 12:14:38,371 INFO     ___FILE_ONLY___ ════════════════════════════════════════════════════════════
2025-08-21 12:14:38,372 INFO     ___FILE_ONLY___ ╝

2025-08-21 12:14:38,372 INFO     ___FILE_ONLY___ ╔════════════════════════════════════════════════════════════╗

2025-08-21 12:14:38,372 INFO     ___FILE_ONLY___ ╠═ Installing: gke-gcloud-auth-plugin (Platform Specific)   ═╣

2025-08-21 12:14:38,372 INFO     ___FILE_ONLY___ ╚
2025-08-21 12:14:38,485 INFO     ___FILE_ONLY___ ════════════════════════════════════════════════════════════
2025-08-21 12:14:38,485 INFO     ___FILE_ONLY___ ╝

2025-08-21 12:14:38,497 DEBUG    root            Updating notification cache...
2025-08-21 12:14:38,497 INFO     ___FILE_ONLY___ 

2025-08-21 12:14:38,498 INFO     ___FILE_ONLY___ Performing post processing steps...
2025-08-21 12:14:38,498 DEBUG    root            Executing command: ['/home/scelester/.cache/paru/clone/google-cloud-cli/src/google-cloud-sdk/bin/gcloud', 'components', 'post-process']
2025-08-21 12:14:52,045 DEBUG    ___FILE_ONLY___ 
2025-08-21 12:14:52,046 DEBUG    ___FILE_ONLY___ 
2025-08-21 12:14:52,301 INFO     root            descriptor_list: [{'universeDomain': 'googleapis.com', 'universeShortName': '', 'authenticationDomain': 'auth.cloud.google.com', 'projectPrefix': '', 'cloudWebDomain': 'cloud.google.com', 'documentationDomain': 'cloud.google.com', 'version': '1.0.0', 'state': 'primary', 'artifactRegistryDomain': 'pkg.dev'}]
2025-08-21 12:14:52,302 INFO     ___FILE_ONLY___ 
Update done!


2025-08-21 12:14:52,307 WARNING  root              There are other instances of Google Cloud tools on your system PATH.
  Please remove the following to avoid confusion or accidental invocation:

  /opt/google-cloud-cli/bin/docker-credential-gcloud
/opt/google-cloud-cli/bin/git-credential-gcloud.sh
/opt/google-cloud-cli/bin/gcloud
/opt/google-cloud-cli/bin/gcloud-crc32c

  
2025-08-21 12:14:52,310 DEBUG    root            Chosen display Format:none
2025-08-21 12:14:52,311 INFO     root            Display format: "none"
