2025-08-21 15:25:29,533 DEBUG    root            Loaded Command Group: ['gcloud', 'auth']
2025-08-21 15:25:29,537 DEBUG    root            Loaded Command Group: ['gcloud', 'auth', 'application_default']
2025-08-21 15:25:29,551 DEBUG    root            Loaded Command Group: ['gcloud', 'auth', 'application-default', 'login']
2025-08-21 15:25:29,553 DEBUG    root            Running [gcloud.auth.application-default.login] with arguments: []
2025-08-21 15:25:29,850 DEBUG    requests_oauthlib.oauth2_session Generated new state G4LTfoNSU3PHzy23SCGDAi3VWvVrvK.
2025-08-21 15:25:29,914 INFO     ___FILE_ONLY___ Your browser has been opened to visit:

    https://accounts.google.com/o/oauth2/auth?response_type=code&client_id=764086051850-6qr4p6gpi6hn506pt8ejuq83di341hur.apps.googleusercontent.com&redirect_uri=http%3A%2F%2Flocalhost%3A8085%2F&scope=openid+https%3A%2F%2Fwww.googleapis.com%2Fauth%2Fuserinfo.email+https%3A%2F%2Fwww.googleapis.com%2Fauth%2Fcloud-platform+https%3A%2F%2Fwww.googleapis.com%2Fauth%2Fsqlservice.login&state=G4LTfoNSU3PHzy23SCGDAi3VWvVrvK&access_type=offline&code_challenge=Ne7M8cfoLlhKKIalaAlx6gGTtBL8RByDoJxrHbTREFg&code_challenge_method=S256


2025-08-21 15:25:35,513 INFO     google_auth_oauthlib.flow "GET /?state=G4LTfoNSU3PHzy23SCGDAi3VWvVrvK&code=4/0AVMBsJjqIWTGE9Kk-Lg7Hk4EtGNV218me4Ff067_98Oh26VQrOo5ui5Nh3VjMMpOcf9xsw&scope=email%20https://www.googleapis.com/auth/cloud-platform%20https://www.googleapis.com/auth/sqlservice.login%20https://www.googleapis.com/auth/userinfo.email%20openid&authuser=1&hd=neuralgridlabs.com&prompt=consent HTTP/1.1" 200 937
2025-08-21 15:25:35,514 DEBUG    requests_oauthlib.oauth2_session Requesting url https://oauth2.googleapis.com/token using method POST.
2025-08-21 15:25:35,514 DEBUG    requests_oauthlib.oauth2_session Supplying headers {b'Accept': b'application/json', b'Content-Type': b'application/x-www-form-urlencoded;charset=UTF-8', b'user-agent': b'google-cloud-sdk gcloud/535.0.0 command/gcloud.auth.application-default.login invocation-id/4c620d917e044034b7171c75e9cee99c environment/None environment-version/None client-os/LINUX client-os-ver/6.16.1 client-pltf-arch/x86_64 interactive/True from-script/False python/3.13.7 term/xterm (Linux 6.16.1-zen1-1-zen)'} and data {'grant_type': 'authorization_code', 'client_id': '764086051850-6qr4p6gpi6hn506pt8ejuq83di341hur.apps.googleusercontent.com', 'client_secret': 'd-FL95Q19q7MQmFpd7hHD0Ty', 'code': '4/0AVMBsJjqIWTGE9Kk-Lg7Hk4EtGNV218me4Ff067_98Oh26VQrOo5ui5Nh3VjMMpOcf9xsw', 'redirect_uri': 'http://localhost:8085/', 'code_verifier': '3IY.F_4VUL-YHVQ5m-M0IQ0Itl-1OrQayq6_IO1dJnzf9dlCmuoGDyI4Voxrh9~fLDH18eODPB~vPkzolHqdraZ1PfjEp8X6Qx9c39QBwvjfHju1m9mY~J2E7T6cqdaQ'}
2025-08-21 15:25:35,514 DEBUG    requests_oauthlib.oauth2_session Passing through key word arguments {'json': None, 'timeout': None, 'auth': None, 'verify': None, 'proxies': None}.
2025-08-21 15:25:35,515 DEBUG    urllib3.connectionpool Starting new HTTPS connection (1): oauth2.googleapis.com:443
2025-08-21 15:25:35,837 DEBUG    urllib3.connectionpool https://oauth2.googleapis.com:443 "POST /token HTTP/11" 200 None
2025-08-21 15:25:35,838 DEBUG    requests_oauthlib.oauth2_session Prepared fetch token request body grant_type=authorization_code&client_id=764086051850-6qr4p6gpi6hn506pt8ejuq83di341hur.apps.googleusercontent.com&client_secret=d-FL95Q19q7MQmFpd7hHD0Ty&code=4%2F0AVMBsJjqIWTGE9Kk-Lg7Hk4EtGNV218me4Ff067_98Oh26VQrOo5ui5Nh3VjMMpOcf9xsw&redirect_uri=http%3A%2F%2Flocalhost%3A8085%2F&code_verifier=3IY.F_4VUL-YHVQ5m-M0IQ0Itl-1OrQayq6_IO1dJnzf9dlCmuoGDyI4Voxrh9~fLDH18eODPB~vPkzolHqdraZ1PfjEp8X6Qx9c39QBwvjfHju1m9mY~J2E7T6cqdaQ
2025-08-21 15:25:35,838 DEBUG    requests_oauthlib.oauth2_session Request to fetch token completed with status 200.
2025-08-21 15:25:35,838 DEBUG    requests_oauthlib.oauth2_session Request headers were {'user-agent': b'google-cloud-sdk gcloud/535.0.0 command/gcloud.auth.application-default.login invocation-id/4c620d917e044034b7171c75e9cee99c environment/None environment-version/None client-os/LINUX client-os-ver/6.16.1 client-pltf-arch/x86_64 interactive/True from-script/False python/3.13.7 term/xterm (Linux 6.16.1-zen1-1-zen)', 'Accept-Encoding': 'gzip, deflate', 'Accept': b'application/json', 'Connection': 'keep-alive', 'Content-Type': b'application/x-www-form-urlencoded;charset=UTF-8', 'Content-Length': '421'}
2025-08-21 15:25:35,838 DEBUG    requests_oauthlib.oauth2_session Request body was grant_type=authorization_code&client_id=764086051850-6qr4p6gpi6hn506pt8ejuq83di341hur.apps.googleusercontent.com&client_secret=d-FL95Q19q7MQmFpd7hHD0Ty&code=4%2F0AVMBsJjqIWTGE9Kk-Lg7Hk4EtGNV218me4Ff067_98Oh26VQrOo5ui5Nh3VjMMpOcf9xsw&redirect_uri=http%3A%2F%2Flocalhost%3A8085%2F&code_verifier=3IY.F_4VUL-YHVQ5m-M0IQ0Itl-1OrQayq6_IO1dJnzf9dlCmuoGDyI4Voxrh9~fLDH18eODPB~vPkzolHqdraZ1PfjEp8X6Qx9c39QBwvjfHju1m9mY~J2E7T6cqdaQ
2025-08-21 15:25:35,838 DEBUG    requests_oauthlib.oauth2_session Response headers were {'Pragma': 'no-cache', 'Cache-Control': 'no-cache, no-store, max-age=0, must-revalidate', 'Date': 'Thu, 21 Aug 2025 09:40:35 GMT', 'Expires': 'Mon, 01 Jan 1990 00:00:00 GMT', 'Content-Type': 'application/json; charset=utf-8', 'Vary': 'Origin, X-Origin, Referer', 'Content-Encoding': 'gzip', 'Server': 'scaffolding on HTTPServer2', 'X-XSS-Protection': '0', 'X-Frame-Options': 'SAMEORIGIN', 'X-Content-Type-Options': 'nosniff', 'Alt-Svc': 'h3=":443"; ma=2592000,h3-29=":443"; ma=2592000', 'Transfer-Encoding': 'chunked'} and content {
  "access_token": "ya29.A0AS3H6Nzgr_2jVpT6uqznikHY5zSll1PUCQ7C9kttZfJsqr3YpHnDzEALADXLlvvgtTAIKe3KgVaHRcKW2Hs3EwctmuOjwcu0UkzS53AKxPEaJwjLS4K1F9JY-VzV4-nXmEq4R2xc1YA4d7Dd7RDY0dLp4qwmhHOrIF0R_Q7zb52Vv039QnTXt7-nVXH2hXnxrwUiVMIaCgYKAQQSARQSFQHGX2MicpTGCTEns98SYXHEsdgjmQ0206",
  "expires_in": 3599,
  "refresh_token": "1//0gjE6FGov47pICgYIARAAGBASNwF-L9IrMlckQuynEIOMqsoCMPqs_LZ3nff05Z0YHFIb8gNpm_ex9ilHCgrVVzNWFH2a2cngrlg",
  "scope": "https://www.googleapis.com/auth/cloud-platform https://www.googleapis.com/auth/sqlservice.login openid https://www.googleapis.com/auth/userinfo.email",
  "token_type": "Bearer",
  "id_token": "eyJhbGciOiJSUzI1NiIsImtpZCI6Ijk4ZGM1NWM4YjIwOTM2M2EyNDUxNzc0YmNlNWM0MjcxOGQxM2NiN2QiLCJ0eXAiOiJKV1QifQ.eyJpc3MiOiJodHRwczovL2FjY291bnRzLmdvb2dsZS5jb20iLCJhenAiOiI3NjQwODYwNTE4NTAtNnFyNHA2Z3BpNmhuNTA2cHQ4ZWp1cTgzZGkzNDFodXIuYXBwcy5nb29nbGV1c2VyY29udGVudC5jb20iLCJhdWQiOiI3NjQwODYwNTE4NTAtNnFyNHA2Z3BpNmhuNTA2cHQ4ZWp1cTgzZGkzNDFodXIuYXBwcy5nb29nbGV1c2VyY29udGVudC5jb20iLCJzdWIiOiIxMDgwMzg0NzU2MDczNDk2OTczOTEiLCJoZCI6Im5ldXJhbGdyaWRsYWJzLmNvbSIsImVtYWlsIjoibmFiaW4ucGF1ZGVsQG5ldXJhbGdyaWRsYWJzLmNvbSIsImVtYWlsX3ZlcmlmaWVkIjp0cnVlLCJhdF9oYXNoIjoieFRnbmZCRWl4a29wOERmUHhBRWlkUSIsImlhdCI6MTc1NTc2OTIzNSwiZXhwIjoxNzU1NzcyODM1fQ.eFplTNFYiPLSMq8oT67NcUXP-m57IwlEd3qZRflzEfYIfr2Gg7GCiE5LzVvLwyO_uIVVqkHKxS4zTMgJqsPvjqPTSXNU8Yej2nwOyL635EgpTpc4w0SpEvKjICmxtAcL0WyMAEmWn1_B92cPWh1mmhTANbJcohLjhLGAmtNOA19xhTVfQtYc9m9ziDrWaUyWql3OEptIfjH41_1aw2prjWgI1aR1LleauqdxzMZqFbnd3ponGe1HL7rXeKFxQvTAHiGjJRmp1DXu8oxzmAMf3N7jnP1lcSrsfZjzl0dM3xOk-UUiKKveXwQbpCS46aNvWmBeCGoMIJLAEV4riMm3Ag"
}.
2025-08-21 15:25:35,838 DEBUG    requests_oauthlib.oauth2_session Invoking 0 token response hooks.
2025-08-21 15:25:35,838 DEBUG    requests_oauthlib.oauth2_session Obtained token {'access_token': 'ya29.A0AS3H6Nzgr_2jVpT6uqznikHY5zSll1PUCQ7C9kttZfJsqr3YpHnDzEALADXLlvvgtTAIKe3KgVaHRcKW2Hs3EwctmuOjwcu0UkzS53AKxPEaJwjLS4K1F9JY-VzV4-nXmEq4R2xc1YA4d7Dd7RDY0dLp4qwmhHOrIF0R_Q7zb52Vv039QnTXt7-nVXH2hXnxrwUiVMIaCgYKAQQSARQSFQHGX2MicpTGCTEns98SYXHEsdgjmQ0206', 'expires_in': 3599, 'refresh_token': '1//0gjE6FGov47pICgYIARAAGBASNwF-L9IrMlckQuynEIOMqsoCMPqs_LZ3nff05Z0YHFIb8gNpm_ex9ilHCgrVVzNWFH2a2cngrlg', 'scope': ['https://www.googleapis.com/auth/cloud-platform', 'https://www.googleapis.com/auth/sqlservice.login', 'openid', 'https://www.googleapis.com/auth/userinfo.email'], 'token_type': 'Bearer', 'id_token': 'eyJhbGciOiJSUzI1NiIsImtpZCI6Ijk4ZGM1NWM4YjIwOTM2M2EyNDUxNzc0YmNlNWM0MjcxOGQxM2NiN2QiLCJ0eXAiOiJKV1QifQ.eyJpc3MiOiJodHRwczovL2FjY291bnRzLmdvb2dsZS5jb20iLCJhenAiOiI3NjQwODYwNTE4NTAtNnFyNHA2Z3BpNmhuNTA2cHQ4ZWp1cTgzZGkzNDFodXIuYXBwcy5nb29nbGV1c2VyY29udGVudC5jb20iLCJhdWQiOiI3NjQwODYwNTE4NTAtNnFyNHA2Z3BpNmhuNTA2cHQ4ZWp1cTgzZGkzNDFodXIuYXBwcy5nb29nbGV1c2VyY29udGVudC5jb20iLCJzdWIiOiIxMDgwMzg0NzU2MDczNDk2OTczOTEiLCJoZCI6Im5ldXJhbGdyaWRsYWJzLmNvbSIsImVtYWlsIjoibmFiaW4ucGF1ZGVsQG5ldXJhbGdyaWRsYWJzLmNvbSIsImVtYWlsX3ZlcmlmaWVkIjp0cnVlLCJhdF9oYXNoIjoieFRnbmZCRWl4a29wOERmUHhBRWlkUSIsImlhdCI6MTc1NTc2OTIzNSwiZXhwIjoxNzU1NzcyODM1fQ.eFplTNFYiPLSMq8oT67NcUXP-m57IwlEd3qZRflzEfYIfr2Gg7GCiE5LzVvLwyO_uIVVqkHKxS4zTMgJqsPvjqPTSXNU8Yej2nwOyL635EgpTpc4w0SpEvKjICmxtAcL0WyMAEmWn1_B92cPWh1mmhTANbJcohLjhLGAmtNOA19xhTVfQtYc9m9ziDrWaUyWql3OEptIfjH41_1aw2prjWgI1aR1LleauqdxzMZqFbnd3ponGe1HL7rXeKFxQvTAHiGjJRmp1DXu8oxzmAMf3N7jnP1lcSrsfZjzl0dM3xOk-UUiKKveXwQbpCS46aNvWmBeCGoMIJLAEV4riMm3Ag', 'expires_at': 1755772834.8385904}.
2025-08-21 15:25:35,849 INFO     ___FILE_ONLY___ 
Credentials saved to file: [/home/scelester/.config/gcloud/application_default_credentials.json]

2025-08-21 15:25:35,849 INFO     ___FILE_ONLY___ 
These credentials will be used by any library that requests Application Default Credentials (ADC).

2025-08-21 15:25:35,856 INFO     root            Using alternate credentials from file: [/home/scelester/.config/gcloud/application_default_credentials.json]
2025-08-21 15:25:35,859 DEBUG    google.auth.transport.requests Making request: POST https://oauth2.googleapis.com/token
2025-08-21 15:25:35,861 DEBUG    urllib3.connectionpool Starting new HTTPS connection (1): oauth2.googleapis.com:443
2025-08-21 15:25:36,171 DEBUG    urllib3.connectionpool https://oauth2.googleapis.com:443 "POST /token HTTP/11" 200 None
2025-08-21 15:25:36,175 INFO     root            Using alternate credentials from file: [/home/scelester/.config/gcloud/application_default_credentials.json]
2025-08-21 15:25:36,193 DEBUG    urllib3.connectionpool Starting new HTTPS connection (1): cloudresourcemanager.googleapis.com:443
2025-08-21 15:25:37,840 DEBUG    urllib3.connectionpool https://cloudresourcemanager.googleapis.com:443 "POST /v1/projects/hire-enumerator-697cd:testIamPermissions?alt=json HTTP/11" 200 None
2025-08-21 15:25:37,841 INFO     ___FILE_ONLY___ 
Quota project "hire-enumerator-697cd" was added to ADC which can be used by Google client libraries for billing and quota. Note that some services may still bill the project owning the resource.

2025-08-21 15:25:37,841 DEBUG    root            Chosen display Format:none
2025-08-21 15:25:37,841 INFO     root            Display format: "none"
2025-08-21 15:25:37,877 DEBUG    root            SDK update checks are disabled.
