2025-08-21 15:23:47,766 DEBUG    root            Loaded Command Group: ['gcloud', 'auth']
2025-08-21 15:23:47,787 DEBUG    root            Loaded Command Group: ['gcloud', 'auth', 'login']
2025-08-21 15:23:47,789 DEBUG    root            Running [gcloud.auth.login] with arguments: []
2025-08-21 15:23:48,119 DEBUG    requests_oauthlib.oauth2_session Generated new state KL55GQs9jONw4QJepj6ARuZ65HDY9B.
2025-08-21 15:23:48,183 INFO     ___FILE_ONLY___ Your browser has been opened to visit:

    https://accounts.google.com/o/oauth2/auth?response_type=code&client_id=32555940559.apps.googleusercontent.com&redirect_uri=http%3A%2F%2Flocalhost%3A8085%2F&scope=openid+https%3A%2F%2Fwww.googleapis.com%2Fauth%2Fuserinfo.email+https%3A%2F%2Fwww.googleapis.com%2Fauth%2Fcloud-platform+https%3A%2F%2Fwww.googleapis.com%2Fauth%2Fappengine.admin+https%3A%2F%2Fwww.googleapis.com%2Fauth%2Fsqlservice.login+https%3A%2F%2Fwww.googleapis.com%2Fauth%2Fcompute+https%3A%2F%2Fwww.googleapis.com%2Fauth%2Faccounts.reauth&state=KL55GQs9jONw4QJepj6ARuZ65HDY9B&access_type=offline&code_challenge=-wOsBD1PZKzkw5xODzmILS-TOM8zbymEuuuBM0yExpk&code_challenge_method=S256


2025-08-21 15:23:53,555 INFO     google_auth_oauthlib.flow "GET /?state=KL55GQs9jONw4QJepj6ARuZ65HDY9B&code=4/0AVMBsJgu0H2RrgfbG3oHvcX1UXEwPX5r7aG1b6-bxCqEJJ-jpmLz7-xzJu6BPANKR9LrOA&scope=email%20openid%20https://www.googleapis.com/auth/userinfo.email%20https://www.googleapis.com/auth/cloud-platform%20https://www.googleapis.com/auth/appengine.admin%20https://www.googleapis.com/auth/sqlservice.login%20https://www.googleapis.com/auth/compute%20https://www.googleapis.com/auth/accounts.reauth&authuser=1&hd=neuralgridlabs.com&prompt=consent HTTP/1.1" 200 937
2025-08-21 15:23:53,556 DEBUG    requests_oauthlib.oauth2_session Requesting url https://oauth2.googleapis.com/token using method POST.
2025-08-21 15:23:53,556 DEBUG    requests_oauthlib.oauth2_session Supplying headers {b'Accept': b'application/json', b'Content-Type': b'application/x-www-form-urlencoded;charset=UTF-8', b'user-agent': b'google-cloud-sdk gcloud/535.0.0 command/gcloud.auth.login invocation-id/c7f09efcd045430c90f3bf7d83027d43 environment/None environment-version/None client-os/LINUX client-os-ver/6.16.1 client-pltf-arch/x86_64 interactive/True from-script/False python/3.13.7 term/xterm (Linux 6.16.1-zen1-1-zen)'} and data {'grant_type': 'authorization_code', 'client_id': '32555940559.apps.googleusercontent.com', 'client_secret': 'ZmssLNjJy2998hD4CTg2ejr2', 'code': '4/0AVMBsJgu0H2RrgfbG3oHvcX1UXEwPX5r7aG1b6-bxCqEJJ-jpmLz7-xzJu6BPANKR9LrOA', 'redirect_uri': 'http://localhost:8085/', 'code_verifier': 'hlYAf4bhctS9N9Iom6yeJu6HHC2eAASGj1LW2ylaykTaSiAUWrKQ~aSZ1HdsgljUCPZsZqXMbuHZsg7D3hoj5I6n1kY~YyaXzs3cF0N..cqWmdXnE33pjgJlGqjKqwWJ'}
2025-08-21 15:23:53,556 DEBUG    requests_oauthlib.oauth2_session Passing through key word arguments {'json': None, 'timeout': None, 'auth': None, 'verify': None, 'proxies': None}.
2025-08-21 15:23:53,557 DEBUG    urllib3.connectionpool Starting new HTTPS connection (1): oauth2.googleapis.com:443
2025-08-21 15:23:53,929 DEBUG    urllib3.connectionpool https://oauth2.googleapis.com:443 "POST /token HTTP/11" 200 None
2025-08-21 15:23:53,930 DEBUG    requests_oauthlib.oauth2_session Prepared fetch token request body grant_type=authorization_code&client_id=32555940559.apps.googleusercontent.com&client_secret=ZmssLNjJy2998hD4CTg2ejr2&code=4%2F0AVMBsJgu0H2RrgfbG3oHvcX1UXEwPX5r7aG1b6-bxCqEJJ-jpmLz7-xzJu6BPANKR9LrOA&redirect_uri=http%3A%2F%2Flocalhost%3A8085%2F&code_verifier=hlYAf4bhctS9N9Iom6yeJu6HHC2eAASGj1LW2ylaykTaSiAUWrKQ~aSZ1HdsgljUCPZsZqXMbuHZsg7D3hoj5I6n1kY~YyaXzs3cF0N..cqWmdXnE33pjgJlGqjKqwWJ
2025-08-21 15:23:53,930 DEBUG    requests_oauthlib.oauth2_session Request to fetch token completed with status 200.
2025-08-21 15:23:53,930 DEBUG    requests_oauthlib.oauth2_session Request headers were {'user-agent': b'google-cloud-sdk gcloud/535.0.0 command/gcloud.auth.login invocation-id/c7f09efcd045430c90f3bf7d83027d43 environment/None environment-version/None client-os/LINUX client-os-ver/6.16.1 client-pltf-arch/x86_64 interactive/True from-script/False python/3.13.7 term/xterm (Linux 6.16.1-zen1-1-zen)', 'Accept-Encoding': 'gzip, deflate', 'Accept': b'application/json', 'Connection': 'keep-alive', 'Content-Type': b'application/x-www-form-urlencoded;charset=UTF-8', 'Content-Length': '387'}
2025-08-21 15:23:53,930 DEBUG    requests_oauthlib.oauth2_session Request body was grant_type=authorization_code&client_id=32555940559.apps.googleusercontent.com&client_secret=ZmssLNjJy2998hD4CTg2ejr2&code=4%2F0AVMBsJgu0H2RrgfbG3oHvcX1UXEwPX5r7aG1b6-bxCqEJJ-jpmLz7-xzJu6BPANKR9LrOA&redirect_uri=http%3A%2F%2Flocalhost%3A8085%2F&code_verifier=hlYAf4bhctS9N9Iom6yeJu6HHC2eAASGj1LW2ylaykTaSiAUWrKQ~aSZ1HdsgljUCPZsZqXMbuHZsg7D3hoj5I6n1kY~YyaXzs3cF0N..cqWmdXnE33pjgJlGqjKqwWJ
2025-08-21 15:23:53,930 DEBUG    requests_oauthlib.oauth2_session Response headers were {'Date': 'Thu, 21 Aug 2025 09:38:53 GMT', 'Expires': 'Mon, 01 Jan 1990 00:00:00 GMT', 'Cache-Control': 'no-cache, no-store, max-age=0, must-revalidate', 'Pragma': 'no-cache', 'Content-Type': 'application/json; charset=utf-8', 'Vary': 'Origin, X-Origin, Referer', 'Content-Encoding': 'gzip', 'Server': 'scaffolding on HTTPServer2', 'X-XSS-Protection': '0', 'X-Frame-Options': 'SAMEORIGIN', 'X-Content-Type-Options': 'nosniff', 'Alt-Svc': 'h3=":443"; ma=2592000,h3-29=":443"; ma=2592000', 'Transfer-Encoding': 'chunked'} and content {
  "access_token": "ya29.A0AS3H6NxRgD541ckq29AZ0Ib66awzbpcyKWAQuIqb16PuhrdBPAhKtOqQNPfBxXLB3KG9g15U3LNtInfnwCymxLUK7UJ5m3aMhTMrd3U_MwDn3dfvYz4eEWliMstmTLjvKkBQSlav6xuyywnMF9Vy86Q-0P3mYnmNBKkmU3I4N0I9YeERF-HuyuQii4N7Fmm0kwhCMpAk_asTaCgYKAcUSARQSFQHGX2MilvLay8GC_xcJpLJXRjRVww0211",
  "expires_in": 3599,
  "refresh_token": "1//0gum1dWokCGHwCgYIARAAGBASNwF-L9IrpReaoCYQJeV5F3vjAxIAuD2Be3l-MqM_epv7V9ljhtGeK1sX36RT8XS2QDYCgkN2VbY",
  "scope": "https://www.googleapis.com/auth/accounts.reauth https://www.googleapis.com/auth/cloud-platform https://www.googleapis.com/auth/compute https://www.googleapis.com/auth/userinfo.email openid https://www.googleapis.com/auth/appengine.admin https://www.googleapis.com/auth/sqlservice.login",
  "token_type": "Bearer",
  "id_token": "eyJhbGciOiJSUzI1NiIsImtpZCI6Ijk4ZGM1NWM4YjIwOTM2M2EyNDUxNzc0YmNlNWM0MjcxOGQxM2NiN2QiLCJ0eXAiOiJKV1QifQ.eyJpc3MiOiJodHRwczovL2FjY291bnRzLmdvb2dsZS5jb20iLCJhenAiOiIzMjU1NTk0MDU1OS5hcHBzLmdvb2dsZXVzZXJjb250ZW50LmNvbSIsImF1ZCI6IjMyNTU1OTQwNTU5LmFwcHMuZ29vZ2xldXNlcmNvbnRlbnQuY29tIiwic3ViIjoiMTA4MDM4NDc1NjA3MzQ5Njk3MzkxIiwiaGQiOiJuZXVyYWxncmlkbGFicy5jb20iLCJlbWFpbCI6Im5hYmluLnBhdWRlbEBuZXVyYWxncmlkbGFicy5jb20iLCJlbWFpbF92ZXJpZmllZCI6dHJ1ZSwiYXRfaGFzaCI6Ik5OV2lBN3lWOVBiM3Y0X21aVzZJV3ciLCJpYXQiOjE3NTU3NjkxMzMsImV4cCI6MTc1NTc3MjczM30.Dd3fBiKBYk1CW0qV0IpBrhghEsuoiuN65mb_55kSnfFStrmwp2NSdJwBrxZopDYAhwnvfYrvtcbPqNUbqlgnmkle8Jp2sYG2h-Pfe9idFrDSCYPajH6PWlKZnuyD4ds2fEF8_QwWp8Vi2FrO03pmNvxECOUGtzk5HHkU6mwGKTHjn_98ZP-Q96Lm2ERIUqDevLVfrhfwgzQgPZiNE589f372jOpEbySSztplhgPl-WqOFvb2BbCBEj1kiagQsOD6slQgA6miuI-j1_CSx0qEUPYXH4fL0ug9nRxbp1NaFnCHCoteOy3LcyhiF1BAKqyC6n60S8jSblIb1SK-jT-xCA"
}.
2025-08-21 15:23:53,930 DEBUG    requests_oauthlib.oauth2_session Invoking 0 token response hooks.
2025-08-21 15:23:53,930 DEBUG    requests_oauthlib.oauth2_session Obtained token {'access_token': 'ya29.A0AS3H6NxRgD541ckq29AZ0Ib66awzbpcyKWAQuIqb16PuhrdBPAhKtOqQNPfBxXLB3KG9g15U3LNtInfnwCymxLUK7UJ5m3aMhTMrd3U_MwDn3dfvYz4eEWliMstmTLjvKkBQSlav6xuyywnMF9Vy86Q-0P3mYnmNBKkmU3I4N0I9YeERF-HuyuQii4N7Fmm0kwhCMpAk_asTaCgYKAcUSARQSFQHGX2MilvLay8GC_xcJpLJXRjRVww0211', 'expires_in': 3599, 'refresh_token': '1//0gum1dWokCGHwCgYIARAAGBASNwF-L9IrpReaoCYQJeV5F3vjAxIAuD2Be3l-MqM_epv7V9ljhtGeK1sX36RT8XS2QDYCgkN2VbY', 'scope': ['https://www.googleapis.com/auth/accounts.reauth', 'https://www.googleapis.com/auth/cloud-platform', 'https://www.googleapis.com/auth/compute', 'https://www.googleapis.com/auth/userinfo.email', 'openid', 'https://www.googleapis.com/auth/appengine.admin', 'https://www.googleapis.com/auth/sqlservice.login'], 'token_type': 'Bearer', 'id_token': 'eyJhbGciOiJSUzI1NiIsImtpZCI6Ijk4ZGM1NWM4YjIwOTM2M2EyNDUxNzc0YmNlNWM0MjcxOGQxM2NiN2QiLCJ0eXAiOiJKV1QifQ.eyJpc3MiOiJodHRwczovL2FjY291bnRzLmdvb2dsZS5jb20iLCJhenAiOiIzMjU1NTk0MDU1OS5hcHBzLmdvb2dsZXVzZXJjb250ZW50LmNvbSIsImF1ZCI6IjMyNTU1OTQwNTU5LmFwcHMuZ29vZ2xldXNlcmNvbnRlbnQuY29tIiwic3ViIjoiMTA4MDM4NDc1NjA3MzQ5Njk3MzkxIiwiaGQiOiJuZXVyYWxncmlkbGFicy5jb20iLCJlbWFpbCI6Im5hYmluLnBhdWRlbEBuZXVyYWxncmlkbGFicy5jb20iLCJlbWFpbF92ZXJpZmllZCI6dHJ1ZSwiYXRfaGFzaCI6Ik5OV2lBN3lWOVBiM3Y0X21aVzZJV3ciLCJpYXQiOjE3NTU3NjkxMzMsImV4cCI6MTc1NTc3MjczM30.Dd3fBiKBYk1CW0qV0IpBrhghEsuoiuN65mb_55kSnfFStrmwp2NSdJwBrxZopDYAhwnvfYrvtcbPqNUbqlgnmkle8Jp2sYG2h-Pfe9idFrDSCYPajH6PWlKZnuyD4ds2fEF8_QwWp8Vi2FrO03pmNvxECOUGtzk5HHkU6mwGKTHjn_98ZP-Q96Lm2ERIUqDevLVfrhfwgzQgPZiNE589f372jOpEbySSztplhgPl-WqOFvb2BbCBEj1kiagQsOD6slQgA6miuI-j1_CSx0qEUPYXH4fL0ug9nRxbp1NaFnCHCoteOy3LcyhiF1BAKqyC6n60S8jSblIb1SK-jT-xCA', 'expires_at': 1755772732.9306548}.
2025-08-21 15:23:53,947 INFO     ___FILE_ONLY___ 
You are now logged in as [nabin.paudel@neuralgridlabs.com].
Your current project is [hire-enumerator-697cd].  You can change this setting by running:
  $ gcloud config set project PROJECT_ID

2025-08-21 15:23:53,947 DEBUG    root            Chosen display Format:none
2025-08-21 15:23:53,947 INFO     root            Display format: "none"
2025-08-21 15:23:53,983 DEBUG    root            SDK update checks are disabled.
