2025-08-21 15:24:21,299 DEBUG    root            Loaded Command Group: ['gcloud', 'auth']
2025-08-21 15:24:21,315 DEBUG    root            Loaded Command Group: ['gcloud', 'auth', 'login']
2025-08-21 15:24:21,317 DEBUG    root            Running [gcloud.auth.login] with arguments: []
2025-08-21 15:24:21,576 DEBUG    requests_oauthlib.oauth2_session Generated new state CCWtLHgzf6vQnDD6BMQUZHxoDkIfeD.
2025-08-21 15:24:21,640 INFO     ___FILE_ONLY___ Your browser has been opened to visit:

    https://accounts.google.com/o/oauth2/auth?response_type=code&client_id=32555940559.apps.googleusercontent.com&redirect_uri=http%3A%2F%2Flocalhost%3A8085%2F&scope=openid+https%3A%2F%2Fwww.googleapis.com%2Fauth%2Fuserinfo.email+https%3A%2F%2Fwww.googleapis.com%2Fauth%2Fcloud-platform+https%3A%2F%2Fwww.googleapis.com%2Fauth%2Fappengine.admin+https%3A%2F%2Fwww.googleapis.com%2Fauth%2Fsqlservice.login+https%3A%2F%2Fwww.googleapis.com%2Fauth%2Fcompute+https%3A%2F%2Fwww.googleapis.com%2Fauth%2Faccounts.reauth&state=CCWtLHgzf6vQnDD6BMQUZHxoDkIfeD&access_type=offline&code_challenge=eRDPQvmK_B2LGGjN011LztlIXnSi0bC5X2tEedv6i58&code_challenge_method=S256


2025-08-21 15:24:37,078 INFO     google_auth_oauthlib.flow "GET /?state=CCWtLHgzf6vQnDD6BMQUZHxoDkIfeD&code=4/0AVMBsJh-UafFWcU2ODC-JwmVlIe_JdmrRDBuTgkDqyN0upM3dRx8eQVuqPrxlZX-BxNJKg&scope=email%20openid%20https://www.googleapis.com/auth/userinfo.email%20https://www.googleapis.com/auth/cloud-platform%20https://www.googleapis.com/auth/appengine.admin%20https://www.googleapis.com/auth/sqlservice.login%20https://www.googleapis.com/auth/compute%20https://www.googleapis.com/auth/accounts.reauth&authuser=1&hd=neuralgridlabs.com&prompt=consent HTTP/1.1" 200 937
2025-08-21 15:24:37,079 DEBUG    requests_oauthlib.oauth2_session Requesting url https://oauth2.googleapis.com/token using method POST.
2025-08-21 15:24:37,079 DEBUG    requests_oauthlib.oauth2_session Supplying headers {b'Accept': b'application/json', b'Content-Type': b'application/x-www-form-urlencoded;charset=UTF-8', b'user-agent': b'google-cloud-sdk gcloud/535.0.0 command/gcloud.auth.login invocation-id/135fa43ad71847f095b4a83aeaa05437 environment/None environment-version/None client-os/LINUX client-os-ver/6.16.1 client-pltf-arch/x86_64 interactive/True from-script/False python/3.13.7 term/xterm (Linux 6.16.1-zen1-1-zen)'} and data {'grant_type': 'authorization_code', 'client_id': '32555940559.apps.googleusercontent.com', 'client_secret': 'ZmssLNjJy2998hD4CTg2ejr2', 'code': '4/0AVMBsJh-UafFWcU2ODC-JwmVlIe_JdmrRDBuTgkDqyN0upM3dRx8eQVuqPrxlZX-BxNJKg', 'redirect_uri': 'http://localhost:8085/', 'code_verifier': 'Iqu0pVV_ltsEYN.g0rSSAvHXvwWwCqo4D.dxB07641HEl-aq0p.jW8PE96aBCWwk4XzH6x_eRrgXsEZRmKU~rswxVH4gR~BvCz2m6x7hJeIVkcPjrp6E.Hy4cx2D5sl4'}
2025-08-21 15:24:37,079 DEBUG    requests_oauthlib.oauth2_session Passing through key word arguments {'json': None, 'timeout': None, 'auth': None, 'verify': None, 'proxies': None}.
2025-08-21 15:24:37,081 DEBUG    urllib3.connectionpool Starting new HTTPS connection (1): oauth2.googleapis.com:443
2025-08-21 15:24:37,468 DEBUG    urllib3.connectionpool https://oauth2.googleapis.com:443 "POST /token HTTP/11" 200 None
2025-08-21 15:24:37,471 DEBUG    requests_oauthlib.oauth2_session Prepared fetch token request body grant_type=authorization_code&client_id=32555940559.apps.googleusercontent.com&client_secret=ZmssLNjJy2998hD4CTg2ejr2&code=4%2F0AVMBsJh-UafFWcU2ODC-JwmVlIe_JdmrRDBuTgkDqyN0upM3dRx8eQVuqPrxlZX-BxNJKg&redirect_uri=http%3A%2F%2Flocalhost%3A8085%2F&code_verifier=Iqu0pVV_ltsEYN.g0rSSAvHXvwWwCqo4D.dxB07641HEl-aq0p.jW8PE96aBCWwk4XzH6x_eRrgXsEZRmKU~rswxVH4gR~BvCz2m6x7hJeIVkcPjrp6E.Hy4cx2D5sl4
2025-08-21 15:24:37,471 DEBUG    requests_oauthlib.oauth2_session Request to fetch token completed with status 200.
2025-08-21 15:24:37,472 DEBUG    requests_oauthlib.oauth2_session Request headers were {'user-agent': b'google-cloud-sdk gcloud/535.0.0 command/gcloud.auth.login invocation-id/135fa43ad71847f095b4a83aeaa05437 environment/None environment-version/None client-os/LINUX client-os-ver/6.16.1 client-pltf-arch/x86_64 interactive/True from-script/False python/3.13.7 term/xterm (Linux 6.16.1-zen1-1-zen)', 'Accept-Encoding': 'gzip, deflate', 'Accept': b'application/json', 'Connection': 'keep-alive', 'Content-Type': b'application/x-www-form-urlencoded;charset=UTF-8', 'Content-Length': '387'}
2025-08-21 15:24:37,472 DEBUG    requests_oauthlib.oauth2_session Request body was grant_type=authorization_code&client_id=32555940559.apps.googleusercontent.com&client_secret=ZmssLNjJy2998hD4CTg2ejr2&code=4%2F0AVMBsJh-UafFWcU2ODC-JwmVlIe_JdmrRDBuTgkDqyN0upM3dRx8eQVuqPrxlZX-BxNJKg&redirect_uri=http%3A%2F%2Flocalhost%3A8085%2F&code_verifier=Iqu0pVV_ltsEYN.g0rSSAvHXvwWwCqo4D.dxB07641HEl-aq0p.jW8PE96aBCWwk4XzH6x_eRrgXsEZRmKU~rswxVH4gR~BvCz2m6x7hJeIVkcPjrp6E.Hy4cx2D5sl4
2025-08-21 15:24:37,472 DEBUG    requests_oauthlib.oauth2_session Response headers were {'Expires': 'Mon, 01 Jan 1990 00:00:00 GMT', 'Cache-Control': 'no-cache, no-store, max-age=0, must-revalidate', 'Pragma': 'no-cache', 'Date': 'Thu, 21 Aug 2025 09:39:37 GMT', 'Content-Type': 'application/json; charset=utf-8', 'Vary': 'Origin, X-Origin, Referer', 'Content-Encoding': 'gzip', 'Server': 'scaffolding on HTTPServer2', 'X-XSS-Protection': '0', 'X-Frame-Options': 'SAMEORIGIN', 'X-Content-Type-Options': 'nosniff', 'Alt-Svc': 'h3=":443"; ma=2592000,h3-29=":443"; ma=2592000', 'Transfer-Encoding': 'chunked'} and content {
  "access_token": "ya29.A0AS3H6NxvP53OtukUPF0aEO3VdDtyxpKiHnouU9pYGTywfCF4V-jeJAcJh6BmdyMousD1vPnvFxda--YzPbAYQJAI_PFrnnGN378mia7KXus1nT0pxqMcDgMrs6FjdNbposQUauDe9jR3UdS8JrIOrwxc4MK8sQ3ZktpoSyBk17Yq1cMnSsFun8Gj2D4L1-JPiK1mmJEV74hlaCgYKAaUSARQSFQHGX2MiEv0XGqTw5UuEC1kBa-3siQ0211",
  "expires_in": 3599,
  "refresh_token": "1//0gymEERn7pWxaCgYIARAAGBASNwF-L9IrAMIGNZdFzdZt9KcpyjoBSpTIKCxbRgjKryL65c863kAlDnniGRcOF6WUf82DWi-ycR4",
  "scope": "https://www.googleapis.com/auth/accounts.reauth https://www.googleapis.com/auth/appengine.admin https://www.googleapis.com/auth/compute https://www.googleapis.com/auth/cloud-platform https://www.googleapis.com/auth/sqlservice.login https://www.googleapis.com/auth/userinfo.email openid",
  "token_type": "Bearer",
  "id_token": "eyJhbGciOiJSUzI1NiIsImtpZCI6Ijk4ZGM1NWM4YjIwOTM2M2EyNDUxNzc0YmNlNWM0MjcxOGQxM2NiN2QiLCJ0eXAiOiJKV1QifQ.eyJpc3MiOiJodHRwczovL2FjY291bnRzLmdvb2dsZS5jb20iLCJhenAiOiIzMjU1NTk0MDU1OS5hcHBzLmdvb2dsZXVzZXJjb250ZW50LmNvbSIsImF1ZCI6IjMyNTU1OTQwNTU5LmFwcHMuZ29vZ2xldXNlcmNvbnRlbnQuY29tIiwic3ViIjoiMTA4MDM4NDc1NjA3MzQ5Njk3MzkxIiwiaGQiOiJuZXVyYWxncmlkbGFicy5jb20iLCJlbWFpbCI6Im5hYmluLnBhdWRlbEBuZXVyYWxncmlkbGFicy5jb20iLCJlbWFpbF92ZXJpZmllZCI6dHJ1ZSwiYXRfaGFzaCI6IjZjTU1lQWdRNTdlbTR1VURJczFteEEiLCJpYXQiOjE3NTU3NjkxNzcsImV4cCI6MTc1NTc3Mjc3N30.ifFsYzPu65b1hRoSz8CPWJbjdSeThAbcDenrfY-WLC_mVGfsSn1IjNQtTXf94O9FWdYwoHTcCDBE-M1TphX12jwW8fOCzX90KwgvcCt2CAQGNNqK9gU8m_pga9TkcLdFnTCOV47vqwXfariokVy7k8qbIjkyGkdmvkCTL5wtpCp-GT-htYTi3MfuepLsKKPlk67kPz2Y9vzZOa20IGIKKzpaKPxeZIiY1JLGMjoAyTtJ9lY8DFFQv2akeQ3q0t2NxtgKvQPaC8VbTu9YkfICXtk4KVgYOwTUtrdQu9JhzPsxtAvR7U7-FH-LZwSBkoaLPNAUbXijd8qwHrrYW112pA"
}.
2025-08-21 15:24:37,472 DEBUG    requests_oauthlib.oauth2_session Invoking 0 token response hooks.
2025-08-21 15:24:37,472 DEBUG    requests_oauthlib.oauth2_session Obtained token {'access_token': 'ya29.A0AS3H6NxvP53OtukUPF0aEO3VdDtyxpKiHnouU9pYGTywfCF4V-jeJAcJh6BmdyMousD1vPnvFxda--YzPbAYQJAI_PFrnnGN378mia7KXus1nT0pxqMcDgMrs6FjdNbposQUauDe9jR3UdS8JrIOrwxc4MK8sQ3ZktpoSyBk17Yq1cMnSsFun8Gj2D4L1-JPiK1mmJEV74hlaCgYKAaUSARQSFQHGX2MiEv0XGqTw5UuEC1kBa-3siQ0211', 'expires_in': 3599, 'refresh_token': '1//0gymEERn7pWxaCgYIARAAGBASNwF-L9IrAMIGNZdFzdZt9KcpyjoBSpTIKCxbRgjKryL65c863kAlDnniGRcOF6WUf82DWi-ycR4', 'scope': ['https://www.googleapis.com/auth/accounts.reauth', 'https://www.googleapis.com/auth/appengine.admin', 'https://www.googleapis.com/auth/compute', 'https://www.googleapis.com/auth/cloud-platform', 'https://www.googleapis.com/auth/sqlservice.login', 'https://www.googleapis.com/auth/userinfo.email', 'openid'], 'token_type': 'Bearer', 'id_token': 'eyJhbGciOiJSUzI1NiIsImtpZCI6Ijk4ZGM1NWM4YjIwOTM2M2EyNDUxNzc0YmNlNWM0MjcxOGQxM2NiN2QiLCJ0eXAiOiJKV1QifQ.eyJpc3MiOiJodHRwczovL2FjY291bnRzLmdvb2dsZS5jb20iLCJhenAiOiIzMjU1NTk0MDU1OS5hcHBzLmdvb2dsZXVzZXJjb250ZW50LmNvbSIsImF1ZCI6IjMyNTU1OTQwNTU5LmFwcHMuZ29vZ2xldXNlcmNvbnRlbnQuY29tIiwic3ViIjoiMTA4MDM4NDc1NjA3MzQ5Njk3MzkxIiwiaGQiOiJuZXVyYWxncmlkbGFicy5jb20iLCJlbWFpbCI6Im5hYmluLnBhdWRlbEBuZXVyYWxncmlkbGFicy5jb20iLCJlbWFpbF92ZXJpZmllZCI6dHJ1ZSwiYXRfaGFzaCI6IjZjTU1lQWdRNTdlbTR1VURJczFteEEiLCJpYXQiOjE3NTU3NjkxNzcsImV4cCI6MTc1NTc3Mjc3N30.ifFsYzPu65b1hRoSz8CPWJbjdSeThAbcDenrfY-WLC_mVGfsSn1IjNQtTXf94O9FWdYwoHTcCDBE-M1TphX12jwW8fOCzX90KwgvcCt2CAQGNNqK9gU8m_pga9TkcLdFnTCOV47vqwXfariokVy7k8qbIjkyGkdmvkCTL5wtpCp-GT-htYTi3MfuepLsKKPlk67kPz2Y9vzZOa20IGIKKzpaKPxeZIiY1JLGMjoAyTtJ9lY8DFFQv2akeQ3q0t2NxtgKvQPaC8VbTu9YkfICXtk4KVgYOwTUtrdQu9JhzPsxtAvR7U7-FH-LZwSBkoaLPNAUbXijd8qwHrrYW112pA', 'expires_at': 1755772776.4722896}.
2025-08-21 15:24:37,486 INFO     ___FILE_ONLY___ 
You are now logged in as [nabin.paudel@neuralgridlabs.com].
Your current project is [hire-enumerator-697cd].  You can change this setting by running:
  $ gcloud config set project PROJECT_ID

2025-08-21 15:24:37,486 DEBUG    root            Chosen display Format:none
2025-08-21 15:24:37,486 INFO     root            Display format: "none"
2025-08-21 15:24:37,518 DEBUG    root            SDK update checks are disabled.
