2025-08-25 15:18:56,909 DEBUG    root            Loaded Command Group: ['gcloud', 'auth']
2025-08-25 15:18:56,910 DEBUG    root            Loaded Command Group: ['gcloud', 'auth', 'application_default']
2025-08-25 15:18:56,926 DEBUG    root            Loaded Command Group: ['gcloud', 'auth', 'application-default', 'login']
2025-08-25 15:18:56,927 DEBUG    root            Running [gcloud.auth.application-default.login] with arguments: []
2025-08-25 15:18:57,235 DEBUG    requests_oauthlib.oauth2_session Generated new state I0XHpV1yos7xml7koDJq7as5R8I6OL.
2025-08-25 15:18:57,299 INFO     ___FILE_ONLY___ Your browser has been opened to visit:

    https://accounts.google.com/o/oauth2/auth?response_type=code&client_id=764086051850-6qr4p6gpi6hn506pt8ejuq83di341hur.apps.googleusercontent.com&redirect_uri=http%3A%2F%2Flocalhost%3A8085%2F&scope=openid+https%3A%2F%2Fwww.googleapis.com%2Fauth%2Fuserinfo.email+https%3A%2F%2Fwww.googleapis.com%2Fauth%2Fcloud-platform+https%3A%2F%2Fwww.googleapis.com%2Fauth%2Fsqlservice.login&state=I0XHpV1yos7xml7koDJq7as5R8I6OL&access_type=offline&code_challenge=KGhoU7Qkf5ZjUwFStK0QyFUbFHE9jYVFBmdOX6nQGiE&code_challenge_method=S256


2025-08-25 15:19:02,400 INFO     google_auth_oauthlib.flow "GET /?state=I0XHpV1yos7xml7koDJq7as5R8I6OL&code=4/0AVMBsJixf27Ppuay6t-qM7jx59eFfs3tkm0le1_FMxo8z25n_7H-UUCGafEtnMURHtmy9g&scope=email%20https://www.googleapis.com/auth/cloud-platform%20https://www.googleapis.com/auth/sqlservice.login%20https://www.googleapis.com/auth/userinfo.email%20openid&authuser=1&hd=neuralgridlabs.com&prompt=consent HTTP/1.1" 200 937
2025-08-25 15:19:02,401 DEBUG    requests_oauthlib.oauth2_session Requesting url https://oauth2.googleapis.com/token using method POST.
2025-08-25 15:19:02,401 DEBUG    requests_oauthlib.oauth2_session Supplying headers {b'Accept': b'application/json', b'Content-Type': b'application/x-www-form-urlencoded;charset=UTF-8', b'user-agent': b'google-cloud-sdk gcloud/535.0.0 command/gcloud.auth.application-default.login invocation-id/d316407e0657436099859455af5ff7e6 environment/None environment-version/None client-os/LINUX client-os-ver/6.16.1 client-pltf-arch/x86_64 interactive/True from-script/False python/3.13.7 term/xterm (Linux 6.16.1-zen1-1-zen)'} and data {'grant_type': 'authorization_code', 'client_id': '764086051850-6qr4p6gpi6hn506pt8ejuq83di341hur.apps.googleusercontent.com', 'client_secret': 'd-FL95Q19q7MQmFpd7hHD0Ty', 'code': '4/0AVMBsJixf27Ppuay6t-qM7jx59eFfs3tkm0le1_FMxo8z25n_7H-UUCGafEtnMURHtmy9g', 'redirect_uri': 'http://localhost:8085/', 'code_verifier': 'fwZfRBQwCzmIARRG52ZgakdIGE_0J3Qo5I6~_hMrgo49PegLufYoVy.92Suy9Y37ZRtJ5buFlvOFi28czUYz6XR7IR~J8libZGKxYcmHg9u1EGaKQtB6-4toFMWNe3I6'}
2025-08-25 15:19:02,401 DEBUG    requests_oauthlib.oauth2_session Passing through key word arguments {'json': None, 'timeout': None, 'auth': None, 'verify': None, 'proxies': None}.
2025-08-25 15:19:02,402 DEBUG    urllib3.connectionpool Starting new HTTPS connection (1): oauth2.googleapis.com:443
2025-08-25 15:19:02,744 DEBUG    urllib3.connectionpool https://oauth2.googleapis.com:443 "POST /token HTTP/11" 200 None
2025-08-25 15:19:02,746 DEBUG    requests_oauthlib.oauth2_session Prepared fetch token request body grant_type=authorization_code&client_id=764086051850-6qr4p6gpi6hn506pt8ejuq83di341hur.apps.googleusercontent.com&client_secret=d-FL95Q19q7MQmFpd7hHD0Ty&code=4%2F0AVMBsJixf27Ppuay6t-qM7jx59eFfs3tkm0le1_FMxo8z25n_7H-UUCGafEtnMURHtmy9g&redirect_uri=http%3A%2F%2Flocalhost%3A8085%2F&code_verifier=fwZfRBQwCzmIARRG52ZgakdIGE_0J3Qo5I6~_hMrgo49PegLufYoVy.92Suy9Y37ZRtJ5buFlvOFi28czUYz6XR7IR~J8libZGKxYcmHg9u1EGaKQtB6-4toFMWNe3I6
2025-08-25 15:19:02,746 DEBUG    requests_oauthlib.oauth2_session Request to fetch token completed with status 200.
2025-08-25 15:19:02,747 DEBUG    requests_oauthlib.oauth2_session Request headers were {'user-agent': b'google-cloud-sdk gcloud/535.0.0 command/gcloud.auth.application-default.login invocation-id/d316407e0657436099859455af5ff7e6 environment/None environment-version/None client-os/LINUX client-os-ver/6.16.1 client-pltf-arch/x86_64 interactive/True from-script/False python/3.13.7 term/xterm (Linux 6.16.1-zen1-1-zen)', 'Accept-Encoding': 'gzip, deflate', 'Accept': b'application/json', 'Connection': 'keep-alive', 'Content-Type': b'application/x-www-form-urlencoded;charset=UTF-8', 'Content-Length': '421'}
2025-08-25 15:19:02,747 DEBUG    requests_oauthlib.oauth2_session Request body was grant_type=authorization_code&client_id=764086051850-6qr4p6gpi6hn506pt8ejuq83di341hur.apps.googleusercontent.com&client_secret=d-FL95Q19q7MQmFpd7hHD0Ty&code=4%2F0AVMBsJixf27Ppuay6t-qM7jx59eFfs3tkm0le1_FMxo8z25n_7H-UUCGafEtnMURHtmy9g&redirect_uri=http%3A%2F%2Flocalhost%3A8085%2F&code_verifier=fwZfRBQwCzmIARRG52ZgakdIGE_0J3Qo5I6~_hMrgo49PegLufYoVy.92Suy9Y37ZRtJ5buFlvOFi28czUYz6XR7IR~J8libZGKxYcmHg9u1EGaKQtB6-4toFMWNe3I6
2025-08-25 15:19:02,747 DEBUG    requests_oauthlib.oauth2_session Response headers were {'Cache-Control': 'no-cache, no-store, max-age=0, must-revalidate', 'Date': 'Mon, 25 Aug 2025 09:34:02 GMT', 'Expires': 'Mon, 01 Jan 1990 00:00:00 GMT', 'Pragma': 'no-cache', 'Content-Type': 'application/json; charset=utf-8', 'Vary': 'Origin, X-Origin, Referer', 'Content-Encoding': 'gzip', 'Server': 'scaffolding on HTTPServer2', 'X-XSS-Protection': '0', 'X-Frame-Options': 'SAMEORIGIN', 'X-Content-Type-Options': 'nosniff', 'Alt-Svc': 'h3=":443"; ma=2592000,h3-29=":443"; ma=2592000', 'Transfer-Encoding': 'chunked'} and content {
  "access_token": "ya29.A0AS3H6NxN_gXR23UjEOeZbaRcu_dUdPXgPJr0SQKFqx6gY573AoaIDzp0M5nTCkrMNI9-maeac9ZXzKIGGp_BXc9NYA_kVEuXWQwHK51lIpHo0npI-RyXmKGcP7ym-j2Zzz5CcIAXPY2vYNRgZ-zslRsoRXST18RIiRLsQxl7s9es23TPMUPErVJkIf8Y5WIUvtUXE8kaCgYKAbQSARQSFQHGX2Mi4i7tT-SImb1OW3QfHpZ8eA0206",
  "expires_in": 3599,
  "refresh_token": "1//0gykhv1v_i05UCgYIARAAGBASNwF-L9IrGx1jnjakOr10kabsnZt1vChsYCh9_n4FTc6ZuKKn1RfuMT6bozfICqbmJ26U6ABSWnA",
  "scope": "https://www.googleapis.com/auth/userinfo.email https://www.googleapis.com/auth/sqlservice.login openid https://www.googleapis.com/auth/cloud-platform",
  "token_type": "Bearer",
  "id_token": "eyJhbGciOiJSUzI1NiIsImtpZCI6IjE0OTljMTU0Y2NjOGEyNWUyNGQ4ZGU4YjFhOWY4NDVhZWZiNmYzY2EiLCJ0eXAiOiJKV1QifQ.eyJpc3MiOiJodHRwczovL2FjY291bnRzLmdvb2dsZS5jb20iLCJhenAiOiI3NjQwODYwNTE4NTAtNnFyNHA2Z3BpNmhuNTA2cHQ4ZWp1cTgzZGkzNDFodXIuYXBwcy5nb29nbGV1c2VyY29udGVudC5jb20iLCJhdWQiOiI3NjQwODYwNTE4NTAtNnFyNHA2Z3BpNmhuNTA2cHQ4ZWp1cTgzZGkzNDFodXIuYXBwcy5nb29nbGV1c2VyY29udGVudC5jb20iLCJzdWIiOiIxMDgwMzg0NzU2MDczNDk2OTczOTEiLCJoZCI6Im5ldXJhbGdyaWRsYWJzLmNvbSIsImVtYWlsIjoibmFiaW4ucGF1ZGVsQG5ldXJhbGdyaWRsYWJzLmNvbSIsImVtYWlsX3ZlcmlmaWVkIjp0cnVlLCJhdF9oYXNoIjoiWmRZT0dwbWlpeDJ5b1g1X0JYWWtuZyIsImlhdCI6MTc1NjExNDQ0MiwiZXhwIjoxNzU2MTE4MDQyfQ.qVIxfim1uMAQi9ZtwqbyG2oOtXEmpKaYpZjAj63P9WVvm9Gk8IbSA3lNWEtK0oq_a0Qr8Rh2cZ2yrC4_rxpV2kPzRE-a6zJqj3PkYXUj-72KuSwm5FbATg5frRQd8hGy6zOj2S6aF5oPPFm1hzuGn_RDkuOyF2iiCDgfwlXybq6D8oO_7USIjg3nmDIcPZ7Se0Khwj57MEU1IPfKSv_ZRTKmO9U_gsOvWPMm3iQw8vTgN4xOfMxrlyRQLZ5yQv5O5zigp0XkFPgUIV7iAwsM0IXowDYl18Bbhyo52h4jY5xCR7uTPe0PDgTeuN7OQpW42N2tvAISEgy7uAJKvAIEXA"
}.
2025-08-25 15:19:02,748 DEBUG    requests_oauthlib.oauth2_session Invoking 0 token response hooks.
2025-08-25 15:19:02,748 DEBUG    requests_oauthlib.oauth2_session Obtained token {'access_token': 'ya29.A0AS3H6NxN_gXR23UjEOeZbaRcu_dUdPXgPJr0SQKFqx6gY573AoaIDzp0M5nTCkrMNI9-maeac9ZXzKIGGp_BXc9NYA_kVEuXWQwHK51lIpHo0npI-RyXmKGcP7ym-j2Zzz5CcIAXPY2vYNRgZ-zslRsoRXST18RIiRLsQxl7s9es23TPMUPErVJkIf8Y5WIUvtUXE8kaCgYKAbQSARQSFQHGX2Mi4i7tT-SImb1OW3QfHpZ8eA0206', 'expires_in': 3599, 'refresh_token': '1//0gykhv1v_i05UCgYIARAAGBASNwF-L9IrGx1jnjakOr10kabsnZt1vChsYCh9_n4FTc6ZuKKn1RfuMT6bozfICqbmJ26U6ABSWnA', 'scope': ['https://www.googleapis.com/auth/userinfo.email', 'https://www.googleapis.com/auth/sqlservice.login', 'openid', 'https://www.googleapis.com/auth/cloud-platform'], 'token_type': 'Bearer', 'id_token': 'eyJhbGciOiJSUzI1NiIsImtpZCI6IjE0OTljMTU0Y2NjOGEyNWUyNGQ4ZGU4YjFhOWY4NDVhZWZiNmYzY2EiLCJ0eXAiOiJKV1QifQ.eyJpc3MiOiJodHRwczovL2FjY291bnRzLmdvb2dsZS5jb20iLCJhenAiOiI3NjQwODYwNTE4NTAtNnFyNHA2Z3BpNmhuNTA2cHQ4ZWp1cTgzZGkzNDFodXIuYXBwcy5nb29nbGV1c2VyY29udGVudC5jb20iLCJhdWQiOiI3NjQwODYwNTE4NTAtNnFyNHA2Z3BpNmhuNTA2cHQ4ZWp1cTgzZGkzNDFodXIuYXBwcy5nb29nbGV1c2VyY29udGVudC5jb20iLCJzdWIiOiIxMDgwMzg0NzU2MDczNDk2OTczOTEiLCJoZCI6Im5ldXJhbGdyaWRsYWJzLmNvbSIsImVtYWlsIjoibmFiaW4ucGF1ZGVsQG5ldXJhbGdyaWRsYWJzLmNvbSIsImVtYWlsX3ZlcmlmaWVkIjp0cnVlLCJhdF9oYXNoIjoiWmRZT0dwbWlpeDJ5b1g1X0JYWWtuZyIsImlhdCI6MTc1NjExNDQ0MiwiZXhwIjoxNzU2MTE4MDQyfQ.qVIxfim1uMAQi9ZtwqbyG2oOtXEmpKaYpZjAj63P9WVvm9Gk8IbSA3lNWEtK0oq_a0Qr8Rh2cZ2yrC4_rxpV2kPzRE-a6zJqj3PkYXUj-72KuSwm5FbATg5frRQd8hGy6zOj2S6aF5oPPFm1hzuGn_RDkuOyF2iiCDgfwlXybq6D8oO_7USIjg3nmDIcPZ7Se0Khwj57MEU1IPfKSv_ZRTKmO9U_gsOvWPMm3iQw8vTgN4xOfMxrlyRQLZ5yQv5O5zigp0XkFPgUIV7iAwsM0IXowDYl18Bbhyo52h4jY5xCR7uTPe0PDgTeuN7OQpW42N2tvAISEgy7uAJKvAIEXA', 'expires_at': 1756118041.7484572}.
2025-08-25 15:19:02,785 INFO     ___FILE_ONLY___ 
Credentials saved to file: [/home/scelester/.config/gcloud/application_default_credentials.json]

2025-08-25 15:19:02,786 INFO     ___FILE_ONLY___ 
These credentials will be used by any library that requests Application Default Credentials (ADC).

2025-08-25 15:19:02,813 INFO     root            Using alternate credentials from file: [/home/scelester/.config/gcloud/application_default_credentials.json]
2025-08-25 15:19:02,823 DEBUG    google.auth.transport.requests Making request: POST https://oauth2.googleapis.com/token
2025-08-25 15:19:02,828 DEBUG    urllib3.connectionpool Starting new HTTPS connection (1): oauth2.googleapis.com:443
2025-08-25 15:19:03,192 DEBUG    urllib3.connectionpool https://oauth2.googleapis.com:443 "POST /token HTTP/11" 200 None
2025-08-25 15:19:03,199 INFO     root            Using alternate credentials from file: [/home/scelester/.config/gcloud/application_default_credentials.json]
2025-08-25 15:19:03,220 DEBUG    urllib3.connectionpool Starting new HTTPS connection (1): cloudresourcemanager.googleapis.com:443
2025-08-25 15:19:04,836 DEBUG    urllib3.connectionpool https://cloudresourcemanager.googleapis.com:443 "POST /v1/projects/hire-enumerator-697cd:testIamPermissions?alt=json HTTP/11" 200 None
2025-08-25 15:19:04,838 INFO     ___FILE_ONLY___ 
Quota project "hire-enumerator-697cd" was added to ADC which can be used by Google client libraries for billing and quota. Note that some services may still bill the project owning the resource.

2025-08-25 15:19:04,838 DEBUG    root            Chosen display Format:none
2025-08-25 15:19:04,838 INFO     root            Display format: "none"
2025-08-25 15:19:04,885 DEBUG    root            SDK update checks are disabled.
