[3/14/2025, 2:06:43 PM] LEGENDARY_CONFIG_PATH=/home/scelester/.config/heroic/legendaryConfig/legendary /usr/lib/heroic/app.asar.unpacked/build/bin/x64/linux/legendary --version
legendary version "0.20.36", codename "Urban Flight (Heroic)"
[3/14/2025, 2:07:11 PM] LEGENDARY_CONFIG_PATH=/home/scelester/.config/heroic/legendaryConfig/legendary /usr/lib/heroic/app.asar.unpacked/build/bin/x64/linux/legendary cleanup
[cli] INFO: Cleanup complete! Removed 4.73 MiB.
[3/14/2025, 2:07:11 PM] LEGENDARY_CONFIG_PATH=/home/scelester/.config/heroic/legendaryConfig/legendary /usr/lib/heroic/app.asar.unpacked/build/bin/x64/linux/legendary list --third-party
[cli] INFO: Logging in...
[Core] INFO: Logging in...
[cli] INFO: Getting game list... (this may take a while)
[Core] INFO: Fetching metadata for 24 app(s).

Available games:
 * ARK: Survival Evolved (App name: aafc587fbf654758802c8e41e4fb3255 | Version: 358.26.win)
 * Fall Guys (App name: 0a2d9f6403244d12969e11da6713137b | Version: EGS_9595)
 * Fortnite (App name: Fortnite | Version: ++Fortnite+Release-34.10-CL-40567068-Windows)
 * Genshin Impact (App name: 41869934302e4b8cafac2d3c0e7c293d | Version: 99)
 * Killing Floor 2 (App name: Finch | Version: 537162-2024_01_30_21h15m50s)
 * KillingFloor2Beta (App name: 3223ccf6ac9b4189bd4e144c047d33fb | Version: NOVERSION-2022_10_20_16h30m51s)
 * League of Legends (App name: 64b0c77d07f644e6a2326a1fd7ab9926 | Version: 2609-591)
 * Maneater (App name: Turtle | Version: 43151315)
 * Marvel Rivals (App name: 575efd0b5dd54429b035ffc8fe2d36d0 | Version: 1.1.1701884)
 * Phantasy Star Online 2 (App name: 6c227b0fac70445aae645f0d601dc5d2 | Version: v73100_rc_73_20250206_1827)
 * Pinball FX (App name: 56a31432931740cdb0112d237d7d65aa | Version: 1.0.24.133147)
 * PUBG: BATTLEGROUNDS (App name: 9361c8c6d2f34b42b5f2f61093eedf48 | Version: 34.2.1.61)
 * Ring of Pain (App name: 130285de16cc429abc603eaf95b8787b | Version: 1.6.02)
 * Rocket League® (App name: Sugar | Version: BC2_Update53+471486)
 * Rogue Company (App name: Pewee | Version: 1787)
 * Roller Champions (App name: 540f935fa0ad4bd498177ee5ad3b54e4 | Version: RC_240314)
  - This game can be activated directly on your Ubisoft account and does not require legendary to install/run. This game requires Ubisoft Connect to be installed. Use "legendary activate --uplay" and follow the instructions.
 * Space Punks (App name: 3da18aede8e64def832464ecbbfa3d0a | Version: REL_UPDATE_9_Shipping_1221514-6863bf3adf-deploy-20230214-112848)
 * Spirit of the North (App name: d2d941e5c1ec44ae9e87e9e7cdddf1dd | Version: 4.4.0)
 * The Captain (App name: f00b5acabb0f49a7b49e8350d1cd0de0 | Version: 1.1.4_win)
 * Trackmania Starter Access (App name: Pigeon | Version: 1.3)
  - This game can be activated directly on your Ubisoft account and does not require legendary to install/run. This game requires Ubisoft Connect to be installed. Use "legendary activate --uplay" and follow the instructions.
 * VALORANT (App name: 602eb4abc8764c87b7f2607a1ef8c18e | Version: 2609-591)
 * Warframe (App name: 398965b67f314d31b0683b8ea11c93a4 | Version: 2024.03.28.14.05-21293)
 * Witch It (App name: fdbd9987b8344d2ead326c7f18d6da0e | Version: 1.6.2.23465)
 * World War Z (App name: Wombat | Version: 2.38)

Total: 24
[3/14/2025, 2:07:16 PM] LEGENDARY_CONFIG_PATH=/home/scelester/.config/heroic/legendaryConfig/legendary /usr/lib/heroic/app.asar.unpacked/build/bin/x64/linux/legendary list --third-party
[cli] INFO: Logging in...
[Core] INFO: Trying to re-use existing login session...
[cli] INFO: Getting game list... (this may take a while)
[Core] INFO: Fetching metadata for 1 app(s).

Available games:
 * ARK: Survival Evolved (App name: aafc587fbf654758802c8e41e4fb3255 | Version: 358.26.win)
 * Fall Guys (App name: 0a2d9f6403244d12969e11da6713137b | Version: EGS_9595)
 * Fortnite (App name: Fortnite | Version: ++Fortnite+Release-34.10-CL-40567068-Windows)
 * Genshin Impact (App name: 41869934302e4b8cafac2d3c0e7c293d | Version: 99)
 * Killing Floor 2 (App name: Finch | Version: 537162-2024_01_30_21h15m50s)
 * KillingFloor2Beta (App name: 3223ccf6ac9b4189bd4e144c047d33fb | Version: NOVERSION-2022_10_20_16h30m51s)
 * League of Legends (App name: 64b0c77d07f644e6a2326a1fd7ab9926 | Version: 2609-591)
 * Maneater (App name: Turtle | Version: 43151315)
 * Marvel Rivals (App name: 575efd0b5dd54429b035ffc8fe2d36d0 | Version: 1.1.1701884)
 * Phantasy Star Online 2 (App name: 6c227b0fac70445aae645f0d601dc5d2 | Version: v73100_rc_73_20250206_1827)
 * Pinball FX (App name: 56a31432931740cdb0112d237d7d65aa | Version: 1.0.24.133147)
 * PUBG: BATTLEGROUNDS (App name: 9361c8c6d2f34b42b5f2f61093eedf48 | Version: 34.2.1.61)
 * Ring of Pain (App name: 130285de16cc429abc603eaf95b8787b | Version: 1.6.02)
 * Rocket League® (App name: Sugar | Version: BC2_Update53+471486)
 * Rogue Company (App name: Pewee | Version: 1787)
 * Roller Champions (App name: 540f935fa0ad4bd498177ee5ad3b54e4 | Version: RC_240314)
  - This game can be activated directly on your Ubisoft account and does not require legendary to install/run. This game requires Ubisoft Connect to be installed. Use "legendary activate --uplay" and follow the instructions.
 * Space Punks (App name: 3da18aede8e64def832464ecbbfa3d0a | Version: REL_UPDATE_9_Shipping_1221514-6863bf3adf-deploy-20230214-112848)
 * Spirit of the North (App name: d2d941e5c1ec44ae9e87e9e7cdddf1dd | Version: 4.4.0)
 * The Captain (App name: f00b5acabb0f49a7b49e8350d1cd0de0 | Version: 1.1.4_win)
 * Trackmania Starter Access (App name: Pigeon | Version: 1.3)
  - This game can be activated directly on your Ubisoft account and does not require legendary to install/run. This game requires Ubisoft Connect to be installed. Use "legendary activate --uplay" and follow the instructions.
 * VALORANT (App name: 602eb4abc8764c87b7f2607a1ef8c18e | Version: 2609-591)
 * Warframe (App name: 398965b67f314d31b0683b8ea11c93a4 | Version: 2024.03.28.14.05-21293)
 * Witch It (App name: fdbd9987b8344d2ead326c7f18d6da0e | Version: 1.6.2.23465)
 * World War Z (App name: Wombat | Version: 2.38)

Total: 24
