2025-09-11 22:12:50,114 DEBUG    root            Loaded Command Group: ['gcloud', 'components']
2025-09-11 22:12:50,117 DEBUG    root            Loaded Command Group: ['gcloud', 'components', 'install']
2025-09-11 22:12:50,119 DEBUG    root            Running [gcloud.components.install] with arguments: [--quiet: "True", COMPONENT-IDS:1: "['gke-gcloud-auth-plugin']"]
2025-09-11 22:12:50,419 DEBUG    urllib3.connectionpool Starting new HTTPS connection (1): dl.google.com:443
2025-09-11 22:12:50,794 DEBUG    urllib3.connectionpool https://dl.google.com:443 "GET /dl/cloudsdk/channels/rapid/components-v538.0.0.json HTTP/11" 200 233150
2025-09-11 22:12:51,201 INFO     ___FILE_ONLY___ 

2025-09-11 22:12:51,202 INFO     ___FILE_ONLY___ 
Your current Google Cloud CLI version is: 538.0.0

2025-09-11 22:12:51,202 INFO     ___FILE_ONLY___ Installing components from version: 538.0.0

2025-09-11 22:12:51,202 INFO     ___FILE_ONLY___ 

2025-09-11 22:12:51,203 DEBUG    root            Chosen display Format:table[box,title="These components will be removed."](details.display_name:label=Name:align=left,version.version_string:label=Version:align=right,data.size.size(zero="",min=1048576):label=Size:align=right)
2025-09-11 22:12:51,203 DEBUG    root            Chosen display Format:table[box,title="These components will be updated."](details.display_name:label=Name:align=left,version.version_string:label=Version:align=right,data.size.size(zero="",min=1048576):label=Size:align=right)
2025-09-11 22:12:51,204 DEBUG    root            Chosen display Format:table[box,title="These components will be installed."](details.display_name:label=Name:align=left,version.version_string:label=Version:align=right,data.size.size(zero="",min=1048576):label=Size:align=right)
2025-09-11 22:12:51,266 INFO     ___FILE_ONLY___ ┌────────────────────────────────────────────────────────────────┐
2025-09-11 22:12:51,266 INFO     ___FILE_ONLY___ 

2025-09-11 22:12:51,266 INFO     ___FILE_ONLY___ │              These components will be installed.               │
2025-09-11 22:12:51,266 INFO     ___FILE_ONLY___ 

2025-09-11 22:12:51,266 INFO     ___FILE_ONLY___ ├────────────────────────────────────────────┬─────────┬─────────┤
2025-09-11 22:12:51,266 INFO     ___FILE_ONLY___ 

2025-09-11 22:12:51,266 INFO     ___FILE_ONLY___ │                    Name                    │ Version │   Size  │
2025-09-11 22:12:51,266 INFO     ___FILE_ONLY___ 

2025-09-11 22:12:51,266 INFO     ___FILE_ONLY___ ├────────────────────────────────────────────┼─────────┼─────────┤
2025-09-11 22:12:51,266 INFO     ___FILE_ONLY___ 

2025-09-11 22:12:51,267 INFO     ___FILE_ONLY___ │ 
2025-09-11 22:12:51,267 INFO     ___FILE_ONLY___ gke-gcloud-auth-plugin (Platform Specific)
2025-09-11 22:12:51,267 INFO     ___FILE_ONLY___  
2025-09-11 22:12:51,267 INFO     ___FILE_ONLY___ │ 
2025-09-11 22:12:51,267 INFO     ___FILE_ONLY___  0.5.10
2025-09-11 22:12:51,267 INFO     ___FILE_ONLY___  
2025-09-11 22:12:51,267 INFO     ___FILE_ONLY___ │ 
2025-09-11 22:12:51,267 INFO     ___FILE_ONLY___ 3.5 MiB
2025-09-11 22:12:51,267 INFO     ___FILE_ONLY___  
2025-09-11 22:12:51,267 INFO     ___FILE_ONLY___ │
2025-09-11 22:12:51,267 INFO     ___FILE_ONLY___ 

2025-09-11 22:12:51,267 INFO     ___FILE_ONLY___ └────────────────────────────────────────────┴─────────┴─────────┘
2025-09-11 22:12:51,267 INFO     ___FILE_ONLY___ 

2025-09-11 22:12:51,267 INFO     ___FILE_ONLY___ 

2025-09-11 22:12:51,271 DEBUG    urllib3.connectionpool Starting new HTTPS connection (1): dl.google.com:443
2025-09-11 22:12:51,785 DEBUG    urllib3.connectionpool https://dl.google.com:443 "GET /dl/cloudsdk/channels/rapid/RELEASE_NOTES HTTP/11" 200 1478282
2025-09-11 22:12:53,169 INFO     ___FILE_ONLY___ For the latest full release notes, please visit:
  https://cloud.google.com/sdk/release_notes


2025-09-11 22:12:53,170 INFO     ___FILE_ONLY___ Performing in place update...


2025-09-11 22:12:53,170 INFO     ___FILE_ONLY___ ╔════════════════════════════════════════════════════════════╗

2025-09-11 22:12:53,170 INFO     ___FILE_ONLY___ ╠═ Downloading: gke-gcloud-auth-plugin                      ═╣

2025-09-11 22:12:53,170 INFO     ___FILE_ONLY___ ╚
2025-09-11 22:12:53,170 INFO     ___FILE_ONLY___ ════════════════════════════════════════════════════════════
2025-09-11 22:12:53,171 INFO     ___FILE_ONLY___ ╝

2025-09-11 22:12:53,171 INFO     ___FILE_ONLY___ ╔════════════════════════════════════════════════════════════╗

2025-09-11 22:12:53,171 INFO     ___FILE_ONLY___ ╠═ Downloading: gke-gcloud-auth-plugin (Platform Specific)  ═╣

2025-09-11 22:12:53,171 INFO     ___FILE_ONLY___ ╚
2025-09-11 22:12:53,174 DEBUG    urllib3.connectionpool Starting new HTTPS connection (1): dl.google.com:443
2025-09-11 22:12:53,428 DEBUG    urllib3.connectionpool https://dl.google.com:443 "GET /dl/cloudsdk/channels/rapid/components/google-cloud-sdk-gke-gcloud-auth-plugin-linux-x86_64-20250117151628.tar.gz HTTP/11" 200 3667085
2025-09-11 22:12:56,156 INFO     ___FILE_ONLY___ ═
2025-09-11 22:12:56,156 INFO     ___FILE_ONLY___ ═
2025-09-11 22:12:56,156 INFO     ___FILE_ONLY___ ═
2025-09-11 22:12:56,156 INFO     ___FILE_ONLY___ ═
2025-09-11 22:12:56,156 INFO     ___FILE_ONLY___ ═
2025-09-11 22:12:56,156 INFO     ___FILE_ONLY___ ═
2025-09-11 22:12:56,156 INFO     ___FILE_ONLY___ ═
2025-09-11 22:12:56,156 INFO     ___FILE_ONLY___ ═
2025-09-11 22:12:56,156 INFO     ___FILE_ONLY___ ═
2025-09-11 22:12:56,157 INFO     ___FILE_ONLY___ ═
2025-09-11 22:12:56,157 INFO     ___FILE_ONLY___ ═
2025-09-11 22:12:56,157 INFO     ___FILE_ONLY___ ═
2025-09-11 22:12:56,157 INFO     ___FILE_ONLY___ ═
2025-09-11 22:12:56,157 INFO     ___FILE_ONLY___ ═
2025-09-11 22:12:56,157 INFO     ___FILE_ONLY___ ═
2025-09-11 22:12:56,157 INFO     ___FILE_ONLY___ ═
2025-09-11 22:12:56,157 INFO     ___FILE_ONLY___ ═
2025-09-11 22:12:56,157 INFO     ___FILE_ONLY___ ═
2025-09-11 22:12:56,157 INFO     ___FILE_ONLY___ ═
2025-09-11 22:12:56,157 INFO     ___FILE_ONLY___ ═
2025-09-11 22:12:56,157 INFO     ___FILE_ONLY___ ═
2025-09-11 22:12:56,158 INFO     ___FILE_ONLY___ ═
2025-09-11 22:12:56,158 INFO     ___FILE_ONLY___ ═
2025-09-11 22:12:56,158 INFO     ___FILE_ONLY___ ═
2025-09-11 22:12:56,158 INFO     ___FILE_ONLY___ ═
2025-09-11 22:12:56,158 INFO     ___FILE_ONLY___ ═
2025-09-11 22:12:56,158 INFO     ___FILE_ONLY___ ═
2025-09-11 22:12:56,158 INFO     ___FILE_ONLY___ ═
2025-09-11 22:12:56,158 INFO     ___FILE_ONLY___ ═
2025-09-11 22:12:56,158 INFO     ___FILE_ONLY___ ═
2025-09-11 22:12:56,158 INFO     ___FILE_ONLY___ ═
2025-09-11 22:12:56,158 INFO     ___FILE_ONLY___ ═
2025-09-11 22:12:56,158 INFO     ___FILE_ONLY___ ═
2025-09-11 22:12:56,159 INFO     ___FILE_ONLY___ ═
2025-09-11 22:12:56,159 INFO     ___FILE_ONLY___ ═
2025-09-11 22:12:56,159 INFO     ___FILE_ONLY___ ═
2025-09-11 22:12:56,159 INFO     ___FILE_ONLY___ ═
2025-09-11 22:12:56,159 INFO     ___FILE_ONLY___ ═
2025-09-11 22:12:56,159 INFO     ___FILE_ONLY___ ═
2025-09-11 22:12:56,159 INFO     ___FILE_ONLY___ ═
2025-09-11 22:12:56,159 INFO     ___FILE_ONLY___ ═
2025-09-11 22:12:56,159 INFO     ___FILE_ONLY___ ═
2025-09-11 22:12:56,159 INFO     ___FILE_ONLY___ ═
2025-09-11 22:12:56,159 INFO     ___FILE_ONLY___ ═
2025-09-11 22:12:56,159 INFO     ___FILE_ONLY___ ═
2025-09-11 22:12:56,160 INFO     ___FILE_ONLY___ ═
2025-09-11 22:12:56,160 INFO     ___FILE_ONLY___ ═
2025-09-11 22:12:56,160 INFO     ___FILE_ONLY___ ═
2025-09-11 22:12:56,160 INFO     ___FILE_ONLY___ ═
2025-09-11 22:12:56,160 INFO     ___FILE_ONLY___ ═
2025-09-11 22:12:56,160 INFO     ___FILE_ONLY___ ═
2025-09-11 22:12:56,160 INFO     ___FILE_ONLY___ ═
2025-09-11 22:12:56,160 INFO     ___FILE_ONLY___ ═
2025-09-11 22:12:56,160 INFO     ___FILE_ONLY___ ═
2025-09-11 22:12:56,160 INFO     ___FILE_ONLY___ ═
2025-09-11 22:12:56,160 INFO     ___FILE_ONLY___ ═
2025-09-11 22:12:56,161 INFO     ___FILE_ONLY___ ═
2025-09-11 22:12:56,161 INFO     ___FILE_ONLY___ ═
2025-09-11 22:12:56,161 INFO     ___FILE_ONLY___ ═
2025-09-11 22:12:56,161 INFO     ___FILE_ONLY___ ═
2025-09-11 22:12:56,161 INFO     ___FILE_ONLY___ ╝

2025-09-11 22:12:56,161 INFO     ___FILE_ONLY___ ╔════════════════════════════════════════════════════════════╗

2025-09-11 22:12:56,161 INFO     ___FILE_ONLY___ ╠═ Installing: gke-gcloud-auth-plugin                       ═╣

2025-09-11 22:12:56,162 INFO     ___FILE_ONLY___ ╚
2025-09-11 22:12:56,168 INFO     ___FILE_ONLY___ ════════════════════════════════════════════════════════════
2025-09-11 22:12:56,168 INFO     ___FILE_ONLY___ ╝

2025-09-11 22:12:56,168 INFO     ___FILE_ONLY___ ╔════════════════════════════════════════════════════════════╗

2025-09-11 22:12:56,168 INFO     ___FILE_ONLY___ ╠═ Installing: gke-gcloud-auth-plugin (Platform Specific)   ═╣

2025-09-11 22:12:56,168 INFO     ___FILE_ONLY___ ╚
2025-09-11 22:12:56,413 INFO     ___FILE_ONLY___ ════════════════════════════════════════════════════════════
2025-09-11 22:12:56,413 INFO     ___FILE_ONLY___ ╝

2025-09-11 22:12:56,422 DEBUG    root            Updating notification cache...
2025-09-11 22:12:56,423 INFO     ___FILE_ONLY___ 

2025-09-11 22:12:56,424 INFO     ___FILE_ONLY___ Performing post processing steps...
2025-09-11 22:12:56,424 DEBUG    root            Executing command: ['/home/scelester/.cache/paru/clone/google-cloud-cli/src/google-cloud-sdk/bin/gcloud', 'components', 'post-process']
2025-09-11 22:13:09,145 DEBUG    ___FILE_ONLY___ 
2025-09-11 22:13:09,145 DEBUG    ___FILE_ONLY___ 
2025-09-11 22:13:09,229 INFO     root            descriptor_list: [{'universeDomain': 'googleapis.com', 'universeShortName': '', 'authenticationDomain': 'auth.cloud.google.com', 'projectPrefix': '', 'cloudWebDomain': 'cloud.google.com', 'documentationDomain': 'cloud.google.com', 'version': '1.0.0', 'state': 'primary', 'artifactRegistryDomain': 'pkg.dev'}]
2025-09-11 22:13:09,230 INFO     ___FILE_ONLY___ 
Update done!


2025-09-11 22:13:09,236 WARNING  root              There are other instances of Google Cloud tools on your system PATH.
  Please remove the following to avoid confusion or accidental invocation:

  /opt/google-cloud-cli/bin/docker-credential-gcloud
/opt/google-cloud-cli/bin/git-credential-gcloud.sh
/opt/google-cloud-cli/bin/gcloud
/opt/google-cloud-cli/bin/gcloud-crc32c

  
2025-09-11 22:13:09,238 DEBUG    root            Chosen display Format:none
2025-09-11 22:13:09,238 INFO     root            Display format: "none"
