Launching "UltraKill" (sideload)
Native? No
Installed in: /home/scelester/Games/Heroic/ULTRAKILL

System Info:
CPU: 8x Intel(R) Core(TM) i5-10300H CPU @ 2.50GHz
Memory: 16.59 GB (used: 3.09 GB)
GPUs:

OS: Archcraft 6.14.5-arch1-1 (linux)

The current system is not a Steam Deck
We are not running inside a Flatpak container

Software Versions:
  Heroic: 2.16.1 Scopper Gaban
  Legendary: 0.20.36 Urban Flight (Heroic)
  gogdl: 1.1.2
  comet: comet 0.2.0
  Nile: 1.1.2 Will A. Zeppeli

Game Settings: {
	"autoInstallDxvk": true,
	"autoInstallDxvkNvapi": false,
	"autoInstallVkd3d": true,
	"preferSystemLibs": false,
	"enableEsync": true,
	"enableMsync": false,
	"enableFsync": true,
	"launcherArgs": "",
	"nvidiaPrime": false,
	"enviromentOptions": [
		{
			"key": "LD_PRELOAD",
			"value": "\"\""
		}
	],
	"wrapperOptions": [],
	"showFps": false,
	"useGameMode": false,
	"battlEyeRuntime": true,
	"eacRuntime": true,
	"language": "",
	"beforeLaunchScriptPath": "",
	"afterLaunchScriptPath": "",
	"gamescope": {
		"enableUpscaling": false,
		"enableLimiter": false,
		"enableForceGrabCursor": false,
		"windowType": "fullscreen",
		"gameWidth": "",
		"gameHeight": "",
		"upscaleHeight": "",
		"upscaleWidth": "",
		"upscaleMethod": "fsr",
		"fpsLimiter": "",
		"fpsLimiterNoFocus": "",
		"additionalOptions": ""
	},
	"verboseLogs": false,
	"wineVersion": {
		"bin": "/home/scelester/.local/share/Steam/compatibilitytools.d/GE-Proton9-25/proton",
		"name": "Proton - GE-Proton9-25",
		"type": "proton"
	},
	"winePrefix": "/home/scelester/Games/Heroic/Prefixes/default/UltraKill",
	"wineCrossoverBottle": "",
	"enableDXVKFpsLimit": false
}

Game launched at: Wed May 14 2025 19:50:08 GMT+0545 (Nepal Time)

