00:00:00.439695 VirtualBox GUI VM Selector Window 7.1.8 r168469 linux.amd64 (Apr 23 2025 07:57:44) release log
00:00:00.439697 Log opened 2025-05-08T08:16:42.276213000Z
00:00:00.439697 Build Type: release
00:00:00.439699 OS Product: Linux
00:00:00.439699 OS Release: 6.14.4-arch1-2
00:00:00.439700 OS Version: #1 SMP PREEMPT_DYNAMIC Tue, 29 Apr 2025 09:23:13 +0000
00:00:00.439727 DMI Product Name: ASUS TUF Gaming F15 FX506LH_FX506LH
00:00:00.439734 DMI Product Version: 1.0
00:00:00.439738 Firmware type: UEFI
00:00:00.439958 Secure Boot: Enabled
00:00:00.439993 Host RAM: 15824MB (15.4GB) total, 6174MB (6.0GB) available
00:00:00.439995 Executable: /usr/lib/virtualbox/VirtualBox
00:00:00.439996 Process ID: 31763
00:00:00.439996 Package type: LINUX_64BITS_GENERIC (OSE)
00:00:00.440021 Qt version: 6.9.0
00:00:00.441357 GUI: UIMediumEnumerator: Initial medium-enumeration finished!
00:00:00.457312 GUI: UIMediumEnumerator: Medium-enumeration started...
00:00:01.034392 GUI: UIMediumEnumerator: Medium-enumeration finished!
00:00:05.456560 GUI: UIInvisibleWindow::sltFallback: Move event missing. Screen: 0, work area: 959x539 x 800x800
00:00:05.456578 GUI: UIDesktopWidgetWatchdog::sltHandleHostScreenAvailableGeometryCalculated: Screen 0 work area is actually resized to: 959x539 x 800x800
00:00:16.009532 GUI: UICommon: Handling aboutToQuit request..
00:00:16.939263 GUI: UICommon: aboutToQuit request handled!
