[2025-Jan-02 19:09:31.511 +05:45][43226:43226][info ] Logging initialized
[2025-Jan-02 19:09:31.511 +05:45][43226:43226][info ] Initializing krisp SDK...
[2025-Jan-02 19:09:31.511 +05:45][43226:43226][info ] DoKrispInitialize
[2025-Jan-02 19:09:31.799 +05:45][43226:43226][info ] LoadDynamicKrisp
[2025-Jan-02 19:09:31.799 +05:45][43226:43226][info ] Did not find KRISP_DYLIB_PATH, skipping dynamic loading
[2025-Jan-02 19:09:31.799 +05:45][43226:43226][info ] Initializing Krisp SDK in PID 43226, addr 0x75db9c5906f0
[2025-Jan-02 19:09:31.968 +05:45][43226:43226][info ] Initialized Krisp SDK successfully
[2025-Jan-02 19:09:31.968 +05:45][43226:43226][info ] Krisp SDK initialized
[2025-Jan-02 19:10:03.290 +05:45][43226:43262][info ] KrispNCSetup: sampleRate = 48000, duration = 10
[2025-Jan-02 19:10:03.290 +05:45][43226:43262][info ] Setting Krisp model: full_NC
[2025-Jan-02 19:10:03.299 +05:45][43226:43262][info ] KrispVADSetup: sampleRate = 48000, duration = 10
[2025-Jan-02 19:10:21.570 +05:45][43226:43253][info ] KrispVADReset
[2025-Jan-02 19:10:21.872 +05:45][43226:43262][info ] KrispVADSetup: sampleRate = 48000, duration = 10
[2025-Jan-02 19:31:50.499 +05:45][57043:57043][info ] Logging initialized
[2025-Jan-02 19:31:50.499 +05:45][57043:57043][info ] Initializing krisp SDK...
[2025-Jan-02 19:31:50.499 +05:45][57043:57043][info ] DoKrispInitialize
[2025-Jan-02 19:31:50.776 +05:45][57043:57043][info ] LoadDynamicKrisp
[2025-Jan-02 19:31:50.777 +05:45][57043:57043][info ] Did not find KRISP_DYLIB_PATH, skipping dynamic loading
[2025-Jan-02 19:31:50.777 +05:45][57043:57043][info ] Initializing Krisp SDK in PID 57043, addr 0x7064e77906f0
[2025-Jan-02 19:31:50.941 +05:45][57043:57043][info ] Initialized Krisp SDK successfully
[2025-Jan-02 19:31:50.941 +05:45][57043:57043][info ] Krisp SDK initialized
[2025-Jan-02 19:31:59.200 +05:45][57043:57078][info ] KrispNCSetup: sampleRate = 48000, duration = 10
[2025-Jan-02 19:31:59.200 +05:45][57043:57078][info ] Setting Krisp model: full_NC
[2025-Jan-02 19:31:59.238 +05:45][57043:57078][info ] KrispVADSetup: sampleRate = 48000, duration = 10
[2025-Jan-02 19:46:10.738 +05:45][ 2106: 2106][info ] Logging initialized
[2025-Jan-02 19:46:10.738 +05:45][ 2106: 2106][info ] Initializing krisp SDK...
[2025-Jan-02 19:46:10.738 +05:45][ 2106: 2106][info ] DoKrispInitialize
[2025-Jan-02 19:46:11.029 +05:45][ 2106: 2106][info ] LoadDynamicKrisp
[2025-Jan-02 19:46:11.029 +05:45][ 2106: 2106][info ] Did not find KRISP_DYLIB_PATH, skipping dynamic loading
[2025-Jan-02 19:46:11.029 +05:45][ 2106: 2106][info ] Initializing Krisp SDK in PID 2106, addr 0x77fa705906f0
[2025-Jan-02 19:46:11.207 +05:45][ 2106: 2106][info ] Initialized Krisp SDK successfully
[2025-Jan-02 19:46:11.207 +05:45][ 2106: 2106][info ] Krisp SDK initialized
[2025-Jan-02 19:46:34.716 +05:45][ 2106: 2141][info ] KrispNCSetup: sampleRate = 48000, duration = 10
[2025-Jan-02 19:46:34.717 +05:45][ 2106: 2141][info ] Setting Krisp model: full_NC
[2025-Jan-02 19:46:34.728 +05:45][ 2106: 2141][info ] KrispVADSetup: sampleRate = 48000, duration = 10
[2025-Jan-02 19:46:50.050 +05:45][ 2106: 2129][info ] KrispVADReset
[2025-Jan-02 19:58:37.702 +05:45][ 2106: 2141][info ] KrispVADSetup: sampleRate = 48000, duration = 10
[2025-Jan-02 20:03:11.691 +05:45][ 2106: 2129][info ] KrispVADReset
[2025-Jan-02 20:03:12.306 +05:45][ 2106: 2141][info ] KrispVADSetup: sampleRate = 48000, duration = 10
[2025-Jan-02 20:12:37.352 +05:45][14675:14675][info ] Logging initialized
[2025-Jan-02 20:12:37.352 +05:45][14675:14675][info ] Initializing krisp SDK...
[2025-Jan-02 20:12:37.352 +05:45][14675:14675][info ] DoKrispInitialize
[2025-Jan-02 20:12:37.617 +05:45][14675:14675][info ] LoadDynamicKrisp
[2025-Jan-02 20:12:37.617 +05:45][14675:14675][info ] Did not find KRISP_DYLIB_PATH, skipping dynamic loading
[2025-Jan-02 20:12:37.617 +05:45][14675:14675][info ] Initializing Krisp SDK in PID 14675, addr 0x729b61d906f0
[2025-Jan-02 20:12:37.781 +05:45][14675:14675][info ] Initialized Krisp SDK successfully
[2025-Jan-02 20:12:37.781 +05:45][14675:14675][info ] Krisp SDK initialized
[2025-Jan-02 20:12:42.145 +05:45][14675:14707][info ] KrispNCSetup: sampleRate = 48000, duration = 10
[2025-Jan-02 20:12:42.145 +05:45][14675:14707][info ] Setting Krisp model: full_NC
[2025-Jan-02 20:12:42.153 +05:45][14675:14707][info ] KrispVADSetup: sampleRate = 48000, duration = 10
[2025-Jan-02 20:24:05.766 +05:45][ 2090: 2090][info ] Logging initialized
[2025-Jan-02 20:24:05.766 +05:45][ 2090: 2090][info ] Initializing krisp SDK...
[2025-Jan-02 20:24:05.766 +05:45][ 2090: 2090][info ] DoKrispInitialize
[2025-Jan-02 20:24:06.051 +05:45][ 2090: 2090][info ] LoadDynamicKrisp
[2025-Jan-02 20:24:06.051 +05:45][ 2090: 2090][info ] Did not find KRISP_DYLIB_PATH, skipping dynamic loading
[2025-Jan-02 20:24:06.051 +05:45][ 2090: 2090][info ] Initializing Krisp SDK in PID 2090, addr 0x7eed27f906f0
[2025-Jan-02 20:24:06.220 +05:45][ 2090: 2090][info ] Initialized Krisp SDK successfully
[2025-Jan-02 20:24:06.220 +05:45][ 2090: 2090][info ] Krisp SDK initialized
[2025-Jan-02 20:33:03.206 +05:45][ 2077: 2077][info ] Logging initialized
[2025-Jan-02 20:33:03.206 +05:45][ 2077: 2077][info ] Initializing krisp SDK...
[2025-Jan-02 20:33:03.206 +05:45][ 2077: 2077][info ] DoKrispInitialize
[2025-Jan-02 20:33:03.490 +05:45][ 2077: 2077][info ] LoadDynamicKrisp
[2025-Jan-02 20:33:03.490 +05:45][ 2077: 2077][info ] Did not find KRISP_DYLIB_PATH, skipping dynamic loading
[2025-Jan-02 20:33:03.490 +05:45][ 2077: 2077][info ] Initializing Krisp SDK in PID 2077, addr 0x770ee9f906f0
[2025-Jan-02 20:33:03.659 +05:45][ 2077: 2077][info ] Initialized Krisp SDK successfully
[2025-Jan-02 20:33:03.659 +05:45][ 2077: 2077][info ] Krisp SDK initialized
[2025-Jan-02 20:34:56.767 +05:45][ 2397: 2397][info ] Logging initialized
[2025-Jan-02 20:34:56.767 +05:45][ 2397: 2397][info ] Initializing krisp SDK...
[2025-Jan-02 20:34:56.767 +05:45][ 2397: 2397][info ] DoKrispInitialize
[2025-Jan-02 20:34:57.059 +05:45][ 2397: 2397][info ] LoadDynamicKrisp
[2025-Jan-02 20:34:57.059 +05:45][ 2397: 2397][info ] Did not find KRISP_DYLIB_PATH, skipping dynamic loading
[2025-Jan-02 20:34:57.059 +05:45][ 2397: 2397][info ] Initializing Krisp SDK in PID 2397, addr 0x7bdfe83906f0
[2025-Jan-02 20:34:57.238 +05:45][ 2397: 2397][info ] Initialized Krisp SDK successfully
[2025-Jan-02 20:34:57.238 +05:45][ 2397: 2397][info ] Krisp SDK initialized
[2025-Jan-02 20:35:08.300 +05:45][ 2397: 2576][info ] KrispNCSetup: sampleRate = 48000, duration = 10
[2025-Jan-02 20:35:08.300 +05:45][ 2397: 2576][info ] Setting Krisp model: full_NC
[2025-Jan-02 20:35:08.311 +05:45][ 2397: 2576][info ] KrispVADSetup: sampleRate = 48000, duration = 10
[2025-Jan-02 20:38:07.759 +05:45][ 2397: 2558][info ] KrispVADReset
[2025-Jan-02 20:38:08.823 +05:45][ 2397: 2576][info ] KrispVADSetup: sampleRate = 48000, duration = 10
[2025-Jan-02 21:33:01.511 +05:45][21492:21492][info ] Logging initialized
[2025-Jan-02 21:33:01.511 +05:45][21492:21492][info ] Initializing krisp SDK...
[2025-Jan-02 21:33:01.511 +05:45][21492:21492][info ] DoKrispInitialize
[2025-Jan-02 21:33:01.868 +05:45][21492:21492][info ] LoadDynamicKrisp
[2025-Jan-02 21:33:01.868 +05:45][21492:21492][info ] Did not find KRISP_DYLIB_PATH, skipping dynamic loading
[2025-Jan-02 21:33:01.868 +05:45][21492:21492][info ] Initializing Krisp SDK in PID 21492, addr 0x7cc4d2f906f0
[2025-Jan-02 21:33:02.073 +05:45][21492:21492][info ] Initialized Krisp SDK successfully
[2025-Jan-02 21:33:02.073 +05:45][21492:21492][info ] Krisp SDK initialized
[2025-Jan-02 21:33:09.365 +05:45][21492:21527][info ] KrispNCSetup: sampleRate = 48000, duration = 10
[2025-Jan-02 21:33:09.365 +05:45][21492:21527][info ] Setting Krisp model: full_NC
[2025-Jan-02 21:33:09.374 +05:45][21492:21527][info ] KrispVADSetup: sampleRate = 48000, duration = 10
[2025-Jan-02 21:39:12.337 +05:45][21492:21519][info ] KrispVADReset
[2025-Jan-02 21:39:12.654 +05:45][21492:21527][info ] KrispVADSetup: sampleRate = 48000, duration = 10
[2025-Jan-02 21:41:34.368 +05:45][28788:28788][info ] Logging initialized
[2025-Jan-02 21:41:34.368 +05:45][28788:28788][info ] Initializing krisp SDK...
[2025-Jan-02 21:41:34.368 +05:45][28788:28788][info ] DoKrispInitialize
[2025-Jan-02 21:41:34.637 +05:45][28788:28788][info ] LoadDynamicKrisp
[2025-Jan-02 21:41:34.637 +05:45][28788:28788][info ] Did not find KRISP_DYLIB_PATH, skipping dynamic loading
[2025-Jan-02 21:41:34.637 +05:45][28788:28788][info ] Initializing Krisp SDK in PID 28788, addr 0x7ae7849906f0
[2025-Jan-02 21:41:34.798 +05:45][28788:28788][info ] Initialized Krisp SDK successfully
[2025-Jan-02 21:41:34.798 +05:45][28788:28788][info ] Krisp SDK initialized
[2025-Jan-02 21:42:14.862 +05:45][28788:28837][info ] KrispNCSetup: sampleRate = 48000, duration = 10
[2025-Jan-02 21:42:14.862 +05:45][28788:28837][info ] Setting Krisp model: full_NC
[2025-Jan-02 21:42:14.872 +05:45][28788:28837][info ] KrispVADSetup: sampleRate = 48000, duration = 10
[2025-Jan-03 16:04:53.729 +05:45][41597:41597][info ] Logging initialized
[2025-Jan-03 16:04:53.729 +05:45][41597:41597][info ] Initializing krisp SDK...
[2025-Jan-03 16:04:53.729 +05:45][41597:41597][info ] DoKrispInitialize
[2025-Jan-03 16:04:54.008 +05:45][41597:41597][info ] LoadDynamicKrisp
[2025-Jan-03 16:04:54.008 +05:45][41597:41597][info ] Did not find KRISP_DYLIB_PATH, skipping dynamic loading
[2025-Jan-03 16:04:54.008 +05:45][41597:41597][info ] Initializing Krisp SDK in PID 41597, addr 0x796c8b7906f0
[2025-Jan-03 16:04:54.174 +05:45][41597:41597][info ] Initialized Krisp SDK successfully
[2025-Jan-03 16:04:54.174 +05:45][41597:41597][info ] Krisp SDK initialized
[2025-Jan-03 16:04:54.388 +05:45][41597:41629][info ] KrispNCSetup: sampleRate = 48000, duration = 10
[2025-Jan-03 16:04:54.388 +05:45][41597:41629][info ] Setting Krisp model: full_NC
[2025-Jan-03 16:04:54.398 +05:45][41597:41629][info ] KrispVADSetup: sampleRate = 48000, duration = 10
[2025-Jan-03 16:05:12.180 +05:45][41819:41819][info ] Logging initialized
[2025-Jan-03 16:05:12.180 +05:45][41819:41819][info ] Initializing krisp SDK...
[2025-Jan-03 16:05:12.180 +05:45][41819:41819][info ] DoKrispInitialize
[2025-Jan-03 16:05:12.447 +05:45][41819:41819][info ] LoadDynamicKrisp
[2025-Jan-03 16:05:12.447 +05:45][41819:41819][info ] Did not find KRISP_DYLIB_PATH, skipping dynamic loading
[2025-Jan-03 16:05:12.447 +05:45][41819:41819][info ] Initializing Krisp SDK in PID 41819, addr 0x7dee18d906f0
[2025-Jan-03 16:05:12.605 +05:45][41819:41819][info ] Initialized Krisp SDK successfully
[2025-Jan-03 16:05:12.605 +05:45][41819:41819][info ] Krisp SDK initialized
[2025-Jan-03 16:05:16.294 +05:45][41819:41859][info ] KrispNCSetup: sampleRate = 48000, duration = 10
[2025-Jan-03 16:05:16.294 +05:45][41819:41859][info ] Setting Krisp model: full_NC
[2025-Jan-03 16:05:16.332 +05:45][41819:41859][info ] KrispVADSetup: sampleRate = 48000, duration = 10
[2025-Jan-03 16:09:28.394 +05:45][ 3029: 3029][info ] Logging initialized
[2025-Jan-03 16:09:28.394 +05:45][ 3029: 3029][info ] Initializing krisp SDK...
[2025-Jan-03 16:09:28.394 +05:45][ 3029: 3029][info ] DoKrispInitialize
[2025-Jan-03 16:09:28.696 +05:45][ 3029: 3029][info ] LoadDynamicKrisp
[2025-Jan-03 16:09:28.696 +05:45][ 3029: 3029][info ] Did not find KRISP_DYLIB_PATH, skipping dynamic loading
[2025-Jan-03 16:09:28.696 +05:45][ 3029: 3029][info ] Initializing Krisp SDK in PID 3029, addr 0x7e98395906f0
[2025-Jan-03 16:09:28.876 +05:45][ 3029: 3029][info ] Initialized Krisp SDK successfully
[2025-Jan-03 16:09:28.876 +05:45][ 3029: 3029][info ] Krisp SDK initialized
[2025-Jan-03 16:13:14.950 +05:45][ 2373: 2373][info ] Logging initialized
[2025-Jan-03 16:13:14.951 +05:45][ 2373: 2373][info ] Initializing krisp SDK...
[2025-Jan-03 16:13:14.951 +05:45][ 2373: 2373][info ] DoKrispInitialize
[2025-Jan-03 16:13:15.268 +05:45][ 2373: 2373][info ] LoadDynamicKrisp
[2025-Jan-03 16:13:15.268 +05:45][ 2373: 2373][info ] Did not find KRISP_DYLIB_PATH, skipping dynamic loading
[2025-Jan-03 16:13:15.268 +05:45][ 2373: 2373][info ] Initializing Krisp SDK in PID 2373, addr 0x7a00243906f0
[2025-Jan-03 16:13:15.444 +05:45][ 2373: 2373][info ] Initialized Krisp SDK successfully
[2025-Jan-03 16:13:15.444 +05:45][ 2373: 2373][info ] Krisp SDK initialized
[2025-Jan-03 18:26:48.755 +05:45][ 2443: 2443][info ] Logging initialized
[2025-Jan-03 18:26:48.755 +05:45][ 2443: 2443][info ] Initializing krisp SDK...
[2025-Jan-03 18:26:48.755 +05:45][ 2443: 2443][info ] DoKrispInitialize
[2025-Jan-03 18:26:49.062 +05:45][ 2443: 2443][info ] LoadDynamicKrisp
[2025-Jan-03 18:26:49.062 +05:45][ 2443: 2443][info ] Did not find KRISP_DYLIB_PATH, skipping dynamic loading
[2025-Jan-03 18:26:49.062 +05:45][ 2443: 2443][info ] Initializing Krisp SDK in PID 2443, addr 0x6f2f125906f0
[2025-Jan-03 18:26:49.240 +05:45][ 2443: 2443][info ] Initialized Krisp SDK successfully
[2025-Jan-03 18:26:49.240 +05:45][ 2443: 2443][info ] Krisp SDK initialized
[2025-Jan-03 19:47:34.857 +05:45][ 2062: 2062][info ] Logging initialized
[2025-Jan-03 19:47:34.858 +05:45][ 2062: 2062][info ] Initializing krisp SDK...
[2025-Jan-03 19:47:34.858 +05:45][ 2062: 2062][info ] DoKrispInitialize
[2025-Jan-03 19:47:35.164 +05:45][ 2062: 2062][info ] LoadDynamicKrisp
[2025-Jan-03 19:47:35.164 +05:45][ 2062: 2062][info ] Did not find KRISP_DYLIB_PATH, skipping dynamic loading
[2025-Jan-03 19:47:35.164 +05:45][ 2062: 2062][info ] Initializing Krisp SDK in PID 2062, addr 0x7b38f6f906f0
[2025-Jan-03 19:47:35.359 +05:45][ 2062: 2062][info ] Initialized Krisp SDK successfully
[2025-Jan-03 19:47:35.359 +05:45][ 2062: 2062][info ] Krisp SDK initialized
[2025-Jan-03 19:56:55.322 +05:45][ 2478: 2478][info ] Logging initialized
[2025-Jan-03 19:56:55.322 +05:45][ 2478: 2478][info ] Initializing krisp SDK...
[2025-Jan-03 19:56:55.322 +05:45][ 2478: 2478][info ] DoKrispInitialize
[2025-Jan-03 19:56:55.635 +05:45][ 2478: 2478][info ] LoadDynamicKrisp
[2025-Jan-03 19:56:55.635 +05:45][ 2478: 2478][info ] Did not find KRISP_DYLIB_PATH, skipping dynamic loading
[2025-Jan-03 19:56:55.635 +05:45][ 2478: 2478][info ] Initializing Krisp SDK in PID 2478, addr 0x7161643906f0
[2025-Jan-03 19:56:55.920 +05:45][ 2478: 2478][info ] Initialized Krisp SDK successfully
[2025-Jan-03 19:56:55.920 +05:45][ 2478: 2478][info ] Krisp SDK initialized
[2025-Jan-03 20:03:47.155 +05:45][ 2537: 2537][info ] Logging initialized
[2025-Jan-03 20:03:47.155 +05:45][ 2537: 2537][info ] Initializing krisp SDK...
[2025-Jan-03 20:03:47.155 +05:45][ 2537: 2537][info ] DoKrispInitialize
[2025-Jan-03 20:03:47.460 +05:45][ 2537: 2537][info ] LoadDynamicKrisp
[2025-Jan-03 20:03:47.460 +05:45][ 2537: 2537][info ] Did not find KRISP_DYLIB_PATH, skipping dynamic loading
[2025-Jan-03 20:03:47.460 +05:45][ 2537: 2537][info ] Initializing Krisp SDK in PID 2537, addr 0x768ff3d906f0
[2025-Jan-03 20:03:47.635 +05:45][ 2537: 2537][info ] Initialized Krisp SDK successfully
[2025-Jan-03 20:03:47.635 +05:45][ 2537: 2537][info ] Krisp SDK initialized
[2025-Jan-03 20:24:36.917 +05:45][ 2537: 2586][info ] KrispNCSetup: sampleRate = 48000, duration = 10
[2025-Jan-03 20:24:36.917 +05:45][ 2537: 2586][info ] Setting Krisp model: full_NC
[2025-Jan-03 20:24:36.931 +05:45][ 2537: 2586][info ] KrispVADSetup: sampleRate = 48000, duration = 10
[2025-Jan-03 20:24:39.097 +05:45][ 2537: 2574][info ] KrispVADReset
[2025-Jan-03 20:24:40.353 +05:45][ 2537: 2586][info ] KrispVADSetup: sampleRate = 48000, duration = 10
[2025-Jan-03 20:25:56.397 +05:45][52156:52156][info ] Logging initialized
[2025-Jan-03 20:25:56.397 +05:45][52156:52156][info ] Initializing krisp SDK...
[2025-Jan-03 20:25:56.397 +05:45][52156:52156][info ] DoKrispInitialize
[2025-Jan-03 20:25:56.739 +05:45][52156:52156][info ] LoadDynamicKrisp
[2025-Jan-03 20:25:56.739 +05:45][52156:52156][info ] Did not find KRISP_DYLIB_PATH, skipping dynamic loading
[2025-Jan-03 20:25:56.739 +05:45][52156:52156][info ] Initializing Krisp SDK in PID 52156, addr 0x7ee84b7906f0
[2025-Jan-03 20:25:56.948 +05:45][52156:52156][info ] Initialized Krisp SDK successfully
[2025-Jan-03 20:25:56.948 +05:45][52156:52156][info ] Krisp SDK initialized
[2025-Jan-03 20:26:03.249 +05:45][52156:52205][info ] KrispNCSetup: sampleRate = 48000, duration = 10
[2025-Jan-03 20:26:03.249 +05:45][52156:52205][info ] Setting Krisp model: full_NC
[2025-Jan-03 20:26:03.261 +05:45][52156:52205][info ] KrispVADSetup: sampleRate = 48000, duration = 10
[2025-Jan-03 20:27:32.014 +05:45][53841:53841][info ] Logging initialized
[2025-Jan-03 20:27:32.014 +05:45][53841:53841][info ] Initializing krisp SDK...
[2025-Jan-03 20:27:32.014 +05:45][53841:53841][info ] DoKrispInitialize
[2025-Jan-03 20:27:32.347 +05:45][53841:53841][info ] LoadDynamicKrisp
[2025-Jan-03 20:27:32.347 +05:45][53841:53841][info ] Did not find KRISP_DYLIB_PATH, skipping dynamic loading
[2025-Jan-03 20:27:32.347 +05:45][53841:53841][info ] Initializing Krisp SDK in PID 53841, addr 0x7cdf0c5906f0
[2025-Jan-03 20:27:32.563 +05:45][53841:53841][info ] Initialized Krisp SDK successfully
[2025-Jan-03 20:27:32.563 +05:45][53841:53841][info ] Krisp SDK initialized
[2025-Jan-03 20:27:35.852 +05:45][53841:53873][info ] KrispNCSetup: sampleRate = 48000, duration = 10
[2025-Jan-03 20:27:35.852 +05:45][53841:53873][info ] Setting Krisp model: full_NC
[2025-Jan-03 20:27:35.862 +05:45][53841:53873][info ] KrispVADSetup: sampleRate = 48000, duration = 10
[2025-Jan-03 20:27:53.473 +05:45][54186:54186][info ] Logging initialized
[2025-Jan-03 20:27:53.473 +05:45][54186:54186][info ] Initializing krisp SDK...
[2025-Jan-03 20:27:53.473 +05:45][54186:54186][info ] DoKrispInitialize
[2025-Jan-03 20:27:53.747 +05:45][54186:54186][info ] LoadDynamicKrisp
[2025-Jan-03 20:27:53.747 +05:45][54186:54186][info ] Did not find KRISP_DYLIB_PATH, skipping dynamic loading
[2025-Jan-03 20:27:53.747 +05:45][54186:54186][info ] Initializing Krisp SDK in PID 54186, addr 0x7bdcdcf906f0
[2025-Jan-03 20:27:53.912 +05:45][54186:54186][info ] Initialized Krisp SDK successfully
[2025-Jan-03 20:27:53.912 +05:45][54186:54186][info ] Krisp SDK initialized
[2025-Jan-03 20:27:56.780 +05:45][54186:54305][info ] KrispNCSetup: sampleRate = 48000, duration = 10
[2025-Jan-03 20:27:56.780 +05:45][54186:54305][info ] Setting Krisp model: full_NC
[2025-Jan-03 20:27:56.788 +05:45][54186:54305][info ] KrispVADSetup: sampleRate = 48000, duration = 10
[2025-Jan-03 20:28:10.016 +05:45][54543:54543][info ] Logging initialized
[2025-Jan-03 20:28:10.016 +05:45][54543:54543][info ] Initializing krisp SDK...
[2025-Jan-03 20:28:10.016 +05:45][54543:54543][info ] DoKrispInitialize
[2025-Jan-03 20:28:10.302 +05:45][54543:54543][info ] LoadDynamicKrisp
[2025-Jan-03 20:28:10.302 +05:45][54543:54543][info ] Did not find KRISP_DYLIB_PATH, skipping dynamic loading
[2025-Jan-03 20:28:10.302 +05:45][54543:54543][info ] Initializing Krisp SDK in PID 54543, addr 0x7938faf906f0
[2025-Jan-03 20:28:10.478 +05:45][54543:54543][info ] Initialized Krisp SDK successfully
[2025-Jan-03 20:28:10.478 +05:45][54543:54543][info ] Krisp SDK initialized
[2025-Jan-03 20:28:13.591 +05:45][54543:54613][info ] KrispNCSetup: sampleRate = 48000, duration = 10
[2025-Jan-03 20:28:13.591 +05:45][54543:54613][info ] Setting Krisp model: full_NC
[2025-Jan-03 20:28:13.599 +05:45][54543:54613][info ] KrispVADSetup: sampleRate = 48000, duration = 10
[2025-Jan-03 20:28:35.946 +05:45][55032:55032][info ] Logging initialized
[2025-Jan-03 20:28:35.946 +05:45][55032:55032][info ] Initializing krisp SDK...
[2025-Jan-03 20:28:35.946 +05:45][55032:55032][info ] DoKrispInitialize
[2025-Jan-03 20:28:36.222 +05:45][55032:55032][info ] LoadDynamicKrisp
[2025-Jan-03 20:28:36.223 +05:45][55032:55032][info ] Did not find KRISP_DYLIB_PATH, skipping dynamic loading
[2025-Jan-03 20:28:36.223 +05:45][55032:55032][info ] Initializing Krisp SDK in PID 55032, addr 0x716710b906f0
[2025-Jan-03 20:28:36.388 +05:45][55032:55032][info ] Initialized Krisp SDK successfully
[2025-Jan-03 20:28:36.388 +05:45][55032:55032][info ] Krisp SDK initialized
[2025-Jan-03 20:28:39.533 +05:45][55032:55101][info ] KrispNCSetup: sampleRate = 48000, duration = 10
[2025-Jan-03 20:28:39.533 +05:45][55032:55101][info ] Setting Krisp model: full_NC
[2025-Jan-03 20:28:39.541 +05:45][55032:55101][info ] KrispVADSetup: sampleRate = 48000, duration = 10
[2025-Jan-03 20:29:50.805 +05:45][55944:55944][info ] Logging initialized
[2025-Jan-03 20:29:50.805 +05:45][55944:55944][info ] Initializing krisp SDK...
[2025-Jan-03 20:29:50.805 +05:45][55944:55944][info ] DoKrispInitialize
[2025-Jan-03 20:29:51.153 +05:45][55944:55944][info ] LoadDynamicKrisp
[2025-Jan-03 20:29:51.153 +05:45][55944:55944][info ] Did not find KRISP_DYLIB_PATH, skipping dynamic loading
[2025-Jan-03 20:29:51.153 +05:45][55944:55944][info ] Initializing Krisp SDK in PID 55944, addr 0x7ff427b906f0
[2025-Jan-03 20:29:51.385 +05:45][55944:55944][info ] Initialized Krisp SDK successfully
[2025-Jan-03 20:29:51.385 +05:45][55944:55944][info ] Krisp SDK initialized
[2025-Jan-03 20:29:55.974 +05:45][55944:55976][info ] KrispNCSetup: sampleRate = 48000, duration = 10
[2025-Jan-03 20:29:55.974 +05:45][55944:55976][info ] Setting Krisp model: full_NC
[2025-Jan-03 20:29:56.007 +05:45][55944:55976][info ] KrispVADSetup: sampleRate = 48000, duration = 10
[2025-Jan-03 20:30:53.033 +05:45][56587:56587][info ] Logging initialized
[2025-Jan-03 20:30:53.033 +05:45][56587:56587][info ] Initializing krisp SDK...
[2025-Jan-03 20:30:53.033 +05:45][56587:56587][info ] DoKrispInitialize
[2025-Jan-03 20:30:53.471 +05:45][56587:56587][info ] LoadDynamicKrisp
[2025-Jan-03 20:30:53.471 +05:45][56587:56587][info ] Did not find KRISP_DYLIB_PATH, skipping dynamic loading
[2025-Jan-03 20:30:53.471 +05:45][56587:56587][info ] Initializing Krisp SDK in PID 56587, addr 0x76c384f906f0
[2025-Jan-03 20:30:53.720 +05:45][56587:56587][info ] Initialized Krisp SDK successfully
[2025-Jan-03 20:30:53.720 +05:45][56587:56587][info ] Krisp SDK initialized
[2025-Jan-03 20:30:58.275 +05:45][56587:56631][info ] KrispNCSetup: sampleRate = 48000, duration = 10
[2025-Jan-03 20:30:58.275 +05:45][56587:56631][info ] Setting Krisp model: full_NC
[2025-Jan-03 20:30:58.287 +05:45][56587:56631][info ] KrispVADSetup: sampleRate = 48000, duration = 10
[2025-Jan-03 20:41:43.801 +05:45][172486:172486][info ] Logging initialized
[2025-Jan-03 20:41:43.801 +05:45][172486:172486][info ] Initializing krisp SDK...
[2025-Jan-03 20:41:43.801 +05:45][172486:172486][info ] DoKrispInitialize
[2025-Jan-03 20:41:44.295 +05:45][172486:172486][info ] LoadDynamicKrisp
[2025-Jan-03 20:41:44.295 +05:45][172486:172486][info ] Did not find KRISP_DYLIB_PATH, skipping dynamic loading
[2025-Jan-03 20:41:44.295 +05:45][172486:172486][info ] Initializing Krisp SDK in PID 172486, addr 0x7f65c3f906f0
[2025-Jan-03 20:41:44.619 +05:45][172486:172486][info ] Initialized Krisp SDK successfully
[2025-Jan-03 20:41:44.619 +05:45][172486:172486][info ] Krisp SDK initialized
[2025-Jan-03 20:41:54.895 +05:45][172486:172520][info ] KrispNCSetup: sampleRate = 48000, duration = 10
[2025-Jan-03 20:41:54.895 +05:45][172486:172520][info ] Setting Krisp model: full_NC
[2025-Jan-03 20:41:54.913 +05:45][172486:172520][info ] KrispVADSetup: sampleRate = 48000, duration = 10
[2025-Jan-03 20:42:29.336 +05:45][172486:172511][info ] KrispVADReset
[2025-Jan-03 20:42:30.542 +05:45][172486:172520][info ] KrispVADSetup: sampleRate = 48000, duration = 10
[2025-Jan-03 21:24:56.752 +05:45][ 2107: 2107][info ] Logging initialized
[2025-Jan-03 21:24:56.752 +05:45][ 2107: 2107][info ] Initializing krisp SDK...
[2025-Jan-03 21:24:56.752 +05:45][ 2107: 2107][info ] DoKrispInitialize
[2025-Jan-03 21:24:57.062 +05:45][ 2107: 2107][info ] LoadDynamicKrisp
[2025-Jan-03 21:24:57.062 +05:45][ 2107: 2107][info ] Did not find KRISP_DYLIB_PATH, skipping dynamic loading
[2025-Jan-03 21:24:57.062 +05:45][ 2107: 2107][info ] Initializing Krisp SDK in PID 2107, addr 0x701025b906f0
[2025-Jan-03 21:24:57.254 +05:45][ 2107: 2107][info ] Initialized Krisp SDK successfully
[2025-Jan-03 21:24:57.254 +05:45][ 2107: 2107][info ] Krisp SDK initialized
[2025-Jan-03 21:27:33.662 +05:45][ 2107: 2140][info ] KrispNCSetup: sampleRate = 48000, duration = 10
[2025-Jan-03 21:27:33.662 +05:45][ 2107: 2140][info ] Setting Krisp model: full_NC
[2025-Jan-03 21:27:33.677 +05:45][ 2107: 2140][info ] KrispVADSetup: sampleRate = 48000, duration = 10
[2025-Jan-03 22:29:47.961 +05:45][ 2020: 2020][info ] Logging initialized
[2025-Jan-03 22:29:47.961 +05:45][ 2020: 2020][info ] Initializing krisp SDK...
[2025-Jan-03 22:29:47.961 +05:45][ 2020: 2020][info ] DoKrispInitialize
[2025-Jan-03 22:29:48.260 +05:45][ 2020: 2020][info ] LoadDynamicKrisp
[2025-Jan-03 22:29:48.260 +05:45][ 2020: 2020][info ] Did not find KRISP_DYLIB_PATH, skipping dynamic loading
[2025-Jan-03 22:29:48.260 +05:45][ 2020: 2020][info ] Initializing Krisp SDK in PID 2020, addr 0x7e3d5c3906f0
[2025-Jan-03 22:29:48.433 +05:45][ 2020: 2020][info ] Initialized Krisp SDK successfully
[2025-Jan-03 22:29:48.433 +05:45][ 2020: 2020][info ] Krisp SDK initialized
[2025-Jan-03 22:34:57.129 +05:45][ 2176: 2176][info ] Logging initialized
[2025-Jan-03 22:34:57.129 +05:45][ 2176: 2176][info ] Initializing krisp SDK...
[2025-Jan-03 22:34:57.129 +05:45][ 2176: 2176][info ] DoKrispInitialize
[2025-Jan-03 22:34:57.436 +05:45][ 2176: 2176][info ] LoadDynamicKrisp
[2025-Jan-03 22:34:57.436 +05:45][ 2176: 2176][info ] Did not find KRISP_DYLIB_PATH, skipping dynamic loading
[2025-Jan-03 22:34:57.436 +05:45][ 2176: 2176][info ] Initializing Krisp SDK in PID 2176, addr 0x795253f906f0
[2025-Jan-03 22:34:57.618 +05:45][ 2176: 2176][info ] Initialized Krisp SDK successfully
[2025-Jan-03 22:34:57.618 +05:45][ 2176: 2176][info ] Krisp SDK initialized
[2025-Jan-03 22:45:47.240 +05:45][ 2410: 2410][info ] Logging initialized
[2025-Jan-03 22:45:47.240 +05:45][ 2410: 2410][info ] Initializing krisp SDK...
[2025-Jan-03 22:45:47.240 +05:45][ 2410: 2410][info ] DoKrispInitialize
[2025-Jan-03 22:45:47.542 +05:45][ 2410: 2410][info ] LoadDynamicKrisp
[2025-Jan-03 22:45:47.542 +05:45][ 2410: 2410][info ] Did not find KRISP_DYLIB_PATH, skipping dynamic loading
[2025-Jan-03 22:45:47.542 +05:45][ 2410: 2410][info ] Initializing Krisp SDK in PID 2410, addr 0x7459aed906f0
[2025-Jan-03 22:45:47.722 +05:45][ 2410: 2410][info ] Initialized Krisp SDK successfully
[2025-Jan-03 22:45:47.722 +05:45][ 2410: 2410][info ] Krisp SDK initialized
[2025-Jan-03 23:51:00.051 +05:45][ 2410: 2443][info ] KrispNCSetup: sampleRate = 48000, duration = 10
[2025-Jan-03 23:51:00.051 +05:45][ 2410: 2443][info ] Setting Krisp model: full_NC
[2025-Jan-03 23:51:00.069 +05:45][ 2410: 2443][info ] KrispVADSetup: sampleRate = 48000, duration = 10
[2025-Jan-03 23:58:55.711 +05:45][633870:633870][info ] Logging initialized
[2025-Jan-03 23:58:55.711 +05:45][633870:633870][info ] Initializing krisp SDK...
[2025-Jan-03 23:58:55.711 +05:45][633870:633870][info ] DoKrispInitialize
[2025-Jan-03 23:58:56.049 +05:45][633870:633870][info ] LoadDynamicKrisp
[2025-Jan-03 23:58:56.049 +05:45][633870:633870][info ] Did not find KRISP_DYLIB_PATH, skipping dynamic loading
[2025-Jan-03 23:58:56.049 +05:45][633870:633870][info ] Initializing Krisp SDK in PID 633870, addr 0x749ee9b906f0
[2025-Jan-03 23:58:56.244 +05:45][633870:633870][info ] Initialized Krisp SDK successfully
[2025-Jan-03 23:58:56.244 +05:45][633870:633870][info ] Krisp SDK initialized
[2025-Jan-03 23:59:30.969 +05:45][633870:634107][info ] KrispNCSetup: sampleRate = 48000, duration = 10
[2025-Jan-03 23:59:30.969 +05:45][633870:634107][info ] Setting Krisp model: full_NC
[2025-Jan-03 23:59:30.979 +05:45][633870:634107][info ] KrispVADSetup: sampleRate = 48000, duration = 10
[2025-Jan-04 21:15:47.560 +05:45][17032:17032][info ] Logging initialized
[2025-Jan-04 21:15:47.560 +05:45][17032:17032][info ] Initializing krisp SDK...
[2025-Jan-04 21:15:47.560 +05:45][17032:17032][info ] DoKrispInitialize
[2025-Jan-04 21:15:47.829 +05:45][17032:17032][info ] LoadDynamicKrisp
[2025-Jan-04 21:15:47.829 +05:45][17032:17032][info ] Did not find KRISP_DYLIB_PATH, skipping dynamic loading
[2025-Jan-04 21:15:47.829 +05:45][17032:17032][info ] Initializing Krisp SDK in PID 17032, addr 0x7d14cbb906f0
[2025-Jan-04 21:15:47.988 +05:45][17032:17032][info ] Initialized Krisp SDK successfully
[2025-Jan-04 21:15:47.988 +05:45][17032:17032][info ] Krisp SDK initialized
[2025-Jan-04 21:18:13.197 +05:45][17032:17064][info ] KrispNCSetup: sampleRate = 48000, duration = 10
[2025-Jan-04 21:18:13.197 +05:45][17032:17064][info ] Setting Krisp model: full_NC
[2025-Jan-04 21:18:13.205 +05:45][17032:17064][info ] KrispVADSetup: sampleRate = 48000, duration = 10
[2025-Jan-04 21:18:49.799 +05:45][17032:17056][info ] KrispVADReset
